{"/Users/ryanriegel/Documents/hrwork/projectCatwalk/client/components/Overview/AddToCart.jsx": {"path":"/Users/ryanriegel/Documents/hrwork/projectCatwalk/client/components/Overview/AddToCart.jsx","statementMap":{"0":{"start":{"line":5,"column":4},"end":{"line":5,"column":16}},"1":{"start":{"line":7,"column":4},"end":{"line":9,"column":5}},"2":{"start":{"line":16,"column":4},"end":{"line":27,"column":5}},"3":{"start":{"line":18,"column":4},"end":{"line":24,"column":13}},"4":{"start":{"line":26,"column":6},"end":{"line":26,"column":18}}},"fnMap":{"0":{"name":"(anonymous_0)","decl":{"start":{"line":4,"column":2},"end":{"line":4,"column":3}},"loc":{"start":{"line":4,"column":21},"end":{"line":10,"column":3}},"line":4},"1":{"name":"(anonymous_1)","decl":{"start":{"line":14,"column":2},"end":{"line":14,"column":3}},"loc":{"start":{"line":14,"column":12},"end":{"line":28,"column":3}},"line":14}},"branchMap":{"0":{"loc":{"start":{"line":16,"column":4},"end":{"line":27,"column":5}},"type":"if","locations":[{"start":{"line":16,"column":4},"end":{"line":27,"column":5}},{"start":{"line":16,"column":4},"end":{"line":27,"column":5}}],"line":16}},"s":{"0":0,"1":0,"2":0,"3":0,"4":0},"f":{"0":0,"1":0},"b":{"0":[0,0]},"_coverageSchema":"1a1c01bbd47fc00a2c39e90264f33305004495a9","hash":"bdce3d599a556769b33b2eac57bc14f755d79f59"}
,"/Users/ryanriegel/Documents/hrwork/projectCatwalk/client/components/Overview/Characteristics.jsx": {"path":"/Users/ryanriegel/Documents/hrwork/projectCatwalk/client/components/Overview/Characteristics.jsx","statementMap":{"0":{"start":{"line":5,"column":4},"end":{"line":5,"column":17}},"1":{"start":{"line":9,"column":4},"end":{"line":18,"column":11}},"2":{"start":{"line":14,"column":6},"end":{"line":14,"column":55}}},"fnMap":{"0":{"name":"(anonymous_0)","decl":{"start":{"line":4,"column":2},"end":{"line":4,"column":3}},"loc":{"start":{"line":4,"column":21},"end":{"line":6,"column":3}},"line":4},"1":{"name":"(anonymous_1)","decl":{"start":{"line":8,"column":2},"end":{"line":8,"column":3}},"loc":{"start":{"line":8,"column":11},"end":{"line":19,"column":3}},"line":8},"2":{"name":"(anonymous_2)","decl":{"start":{"line":13,"column":31},"end":{"line":13,"column":32}},"loc":{"start":{"line":14,"column":6},"end":{"line":14,"column":55}},"line":14}},"branchMap":{},"s":{"0":0,"1":0,"2":0},"f":{"0":0,"1":0,"2":0},"b":{},"_coverageSchema":"1a1c01bbd47fc00a2c39e90264f33305004495a9","hash":"0171c08ac195a29b8aed9c969feda02a102ddcb2"}
,"/Users/ryanriegel/Documents/hrwork/projectCatwalk/client/components/Overview/ImageGallery.jsx": {"path":"/Users/ryanriegel/Documents/hrwork/projectCatwalk/client/components/Overview/ImageGallery.jsx","statementMap":{"0":{"start":{"line":6,"column":21},"end":{"line":193,"column":1}},"1":{"start":{"line":8,"column":44},"end":{"line":11,"column":4}},"2":{"start":{"line":13,"column":26},"end":{"line":21,"column":3}},"3":{"start":{"line":17,"column":4},"end":{"line":20,"column":6}},"4":{"start":{"line":28,"column":2},"end":{"line":35,"column":9}},"5":{"start":{"line":29,"column":4},"end":{"line":34,"column":7}},"6":{"start":{"line":30,"column":6},"end":{"line":30,"column":28}},"7":{"start":{"line":32,"column":6},"end":{"line":32,"column":62}},"8":{"start":{"line":39,"column":2},"end":{"line":192,"column":3}},"9":{"start":{"line":42,"column":4},"end":{"line":69,"column":5}},"10":{"start":{"line":43,"column":6},"end":{"line":68,"column":15}},"11":{"start":{"line":61,"column":16},"end":{"line":61,"column":46}},"12":{"start":{"line":70,"column":4},"end":{"line":90,"column":5}},"13":{"start":{"line":71,"column":6},"end":{"line":89,"column":15}},"14":{"start":{"line":79,"column":16},"end":{"line":79,"column":46}},"15":{"start":{"line":91,"column":4},"end":{"line":116,"column":13}},"16":{"start":{"line":100,"column":14},"end":{"line":100,"column":44}},"17":{"start":{"line":111,"column":14},"end":{"line":111,"column":44}},"18":{"start":{"line":122,"column":4},"end":{"line":148,"column":5}},"19":{"start":{"line":123,"column":6},"end":{"line":147,"column":15}},"20":{"start":{"line":140,"column":16},"end":{"line":140,"column":46}},"21":{"start":{"line":149,"column":4},"end":{"line":167,"column":5}},"22":{"start":{"line":150,"column":6},"end":{"line":166,"column":15}},"23":{"start":{"line":158,"column":16},"end":{"line":158,"column":46}},"24":{"start":{"line":168,"column":4},"end":{"line":191,"column":13}},"25":{"start":{"line":177,"column":14},"end":{"line":177,"column":44}},"26":{"start":{"line":186,"column":14},"end":{"line":186,"column":44}}},"fnMap":{"0":{"name":"(anonymous_0)","decl":{"start":{"line":6,"column":21},"end":{"line":6,"column":22}},"loc":{"start":{"line":6,"column":32},"end":{"line":193,"column":1}},"line":6},"1":{"name":"(anonymous_1)","decl":{"start":{"line":13,"column":26},"end":{"line":13,"column":27}},"loc":{"start":{"line":13,"column":33},"end":{"line":21,"column":3}},"line":13},"2":{"name":"(anonymous_2)","decl":{"start":{"line":28,"column":18},"end":{"line":28,"column":19}},"loc":{"start":{"line":28,"column":24},"end":{"line":35,"column":3}},"line":28},"3":{"name":"(anonymous_3)","decl":{"start":{"line":29,"column":41},"end":{"line":29,"column":42}},"loc":{"start":{"line":29,"column":52},"end":{"line":34,"column":5}},"line":29},"4":{"name":"(anonymous_4)","decl":{"start":{"line":60,"column":23},"end":{"line":60,"column":24}},"loc":{"start":{"line":61,"column":16},"end":{"line":61,"column":46}},"line":61},"5":{"name":"(anonymous_5)","decl":{"start":{"line":78,"column":23},"end":{"line":78,"column":24}},"loc":{"start":{"line":79,"column":16},"end":{"line":79,"column":46}},"line":79},"6":{"name":"(anonymous_6)","decl":{"start":{"line":99,"column":21},"end":{"line":99,"column":22}},"loc":{"start":{"line":100,"column":14},"end":{"line":100,"column":44}},"line":100},"7":{"name":"(anonymous_7)","decl":{"start":{"line":110,"column":21},"end":{"line":110,"column":22}},"loc":{"start":{"line":111,"column":14},"end":{"line":111,"column":44}},"line":111},"8":{"name":"(anonymous_8)","decl":{"start":{"line":139,"column":23},"end":{"line":139,"column":24}},"loc":{"start":{"line":140,"column":16},"end":{"line":140,"column":46}},"line":140},"9":{"name":"(anonymous_9)","decl":{"start":{"line":157,"column":23},"end":{"line":157,"column":24}},"loc":{"start":{"line":158,"column":16},"end":{"line":158,"column":46}},"line":158},"10":{"name":"(anonymous_10)","decl":{"start":{"line":176,"column":21},"end":{"line":176,"column":22}},"loc":{"start":{"line":177,"column":14},"end":{"line":177,"column":44}},"line":177},"11":{"name":"(anonymous_11)","decl":{"start":{"line":185,"column":21},"end":{"line":185,"column":22}},"loc":{"start":{"line":186,"column":14},"end":{"line":186,"column":44}},"line":186}},"branchMap":{"0":{"loc":{"start":{"line":39,"column":2},"end":{"line":192,"column":3}},"type":"if","locations":[{"start":{"line":39,"column":2},"end":{"line":192,"column":3}},{"start":{"line":39,"column":2},"end":{"line":192,"column":3}}],"line":39},"1":{"loc":{"start":{"line":42,"column":4},"end":{"line":69,"column":5}},"type":"if","locations":[{"start":{"line":42,"column":4},"end":{"line":69,"column":5}},{"start":{"line":42,"column":4},"end":{"line":69,"column":5}}],"line":42},"2":{"loc":{"start":{"line":70,"column":4},"end":{"line":90,"column":5}},"type":"if","locations":[{"start":{"line":70,"column":4},"end":{"line":90,"column":5}},{"start":{"line":70,"column":4},"end":{"line":90,"column":5}}],"line":70},"3":{"loc":{"start":{"line":122,"column":4},"end":{"line":148,"column":5}},"type":"if","locations":[{"start":{"line":122,"column":4},"end":{"line":148,"column":5}},{"start":{"line":122,"column":4},"end":{"line":148,"column":5}}],"line":122},"4":{"loc":{"start":{"line":149,"column":4},"end":{"line":167,"column":5}},"type":"if","locations":[{"start":{"line":149,"column":4},"end":{"line":167,"column":5}},{"start":{"line":149,"column":4},"end":{"line":167,"column":5}}],"line":149}},"s":{"0":1,"1":0,"2":0,"3":0,"4":0,"5":0,"6":0,"7":0,"8":0,"9":0,"10":0,"11":0,"12":0,"13":0,"14":0,"15":0,"16":0,"17":0,"18":0,"19":0,"20":0,"21":0,"22":0,"23":0,"24":0,"25":0,"26":0},"f":{"0":0,"1":0,"2":0,"3":0,"4":0,"5":0,"6":0,"7":0,"8":0,"9":0,"10":0,"11":0},"b":{"0":[0,0],"1":[0,0],"2":[0,0],"3":[0,0],"4":[0,0]},"_coverageSchema":"1a1c01bbd47fc00a2c39e90264f33305004495a9","hash":"8006fb47396f95119846e6d8fbd82f0cbf80d105"}
,"/Users/ryanriegel/Documents/hrwork/projectCatwalk/client/components/Overview/Overview.jsx": {"path":"/Users/ryanriegel/Documents/hrwork/projectCatwalk/client/components/Overview/Overview.jsx","statementMap":{"0":{"start":{"line":16,"column":4},"end":{"line":16,"column":17}},"1":{"start":{"line":18,"column":4},"end":{"line":38,"column":5}},"2":{"start":{"line":40,"column":4},"end":{"line":40,"column":65}},"3":{"start":{"line":41,"column":4},"end":{"line":41,"column":47}},"4":{"start":{"line":42,"column":4},"end":{"line":42,"column":47}},"5":{"start":{"line":43,"column":4},"end":{"line":43,"column":41}},"6":{"start":{"line":44,"column":4},"end":{"line":44,"column":51}},"7":{"start":{"line":45,"column":4},"end":{"line":45,"column":41}},"8":{"start":{"line":52,"column":17},"end":{"line":52,"column":45}},"9":{"start":{"line":54,"column":4},"end":{"line":64,"column":6}},"10":{"start":{"line":58,"column":6},"end":{"line":60,"column":8}},"11":{"start":{"line":63,"column":6},"end":{"line":63,"column":61}},"12":{"start":{"line":67,"column":4},"end":{"line":90,"column":8}},"13":{"start":{"line":69,"column":8},"end":{"line":69,"column":71}},"14":{"start":{"line":73,"column":8},"end":{"line":86,"column":10}},"15":{"start":{"line":89,"column":8},"end":{"line":89,"column":73}},"16":{"start":{"line":94,"column":4},"end":{"line":124,"column":5}},"17":{"start":{"line":95,"column":6},"end":{"line":95,"column":30}},"18":{"start":{"line":96,"column":6},"end":{"line":123,"column":10}},"19":{"start":{"line":100,"column":24},"end":{"line":100,"column":45}},"20":{"start":{"line":101,"column":23},"end":{"line":101,"column":24}},"21":{"start":{"line":102,"column":26},"end":{"line":102,"column":27}},"22":{"start":{"line":103,"column":10},"end":{"line":103,"column":42}},"23":{"start":{"line":104,"column":10},"end":{"line":104,"column":57}},"24":{"start":{"line":105,"column":10},"end":{"line":109,"column":11}},"25":{"start":{"line":106,"column":12},"end":{"line":106,"column":34}},"26":{"start":{"line":107,"column":12},"end":{"line":107,"column":65}},"27":{"start":{"line":108,"column":12},"end":{"line":108,"column":57}},"28":{"start":{"line":112,"column":27},"end":{"line":112,"column":45}},"29":{"start":{"line":114,"column":10},"end":{"line":116,"column":12}},"30":{"start":{"line":117,"column":10},"end":{"line":117,"column":39}},"31":{"start":{"line":122,"column":10},"end":{"line":122,"column":65}},"32":{"start":{"line":125,"column":4},"end":{"line":129,"column":5}},"33":{"start":{"line":126,"column":6},"end":{"line":128,"column":8}},"34":{"start":{"line":134,"column":17},"end":{"line":134,"column":39}},"35":{"start":{"line":136,"column":4},"end":{"line":144,"column":6}},"36":{"start":{"line":148,"column":4},"end":{"line":152,"column":6}},"37":{"start":{"line":157,"column":4},"end":{"line":161,"column":6}},"38":{"start":{"line":165,"column":4},"end":{"line":169,"column":6}},"39":{"start":{"line":174,"column":4},"end":{"line":210,"column":5}},"40":{"start":{"line":175,"column":6},"end":{"line":196,"column":7}},"41":{"start":{"line":177,"column":8},"end":{"line":184,"column":10}},"42":{"start":{"line":186,"column":13},"end":{"line":196,"column":7}},"43":{"start":{"line":187,"column":8},"end":{"line":195,"column":10}},"44":{"start":{"line":200,"column":6},"end":{"line":209,"column":8}},"45":{"start":{"line":215,"column":4},"end":{"line":235,"column":5}},"46":{"start":{"line":216,"column":6},"end":{"line":224,"column":8}},"47":{"start":{"line":226,"column":6},"end":{"line":233,"column":8}},"48":{"start":{"line":240,"column":4},"end":{"line":302,"column":5}},"49":{"start":{"line":244,"column":6},"end":{"line":298,"column":15}},"50":{"start":{"line":301,"column":6},"end":{"line":301,"column":18}}},"fnMap":{"0":{"name":"(anonymous_0)","decl":{"start":{"line":15,"column":2},"end":{"line":15,"column":3}},"loc":{"start":{"line":15,"column":21},"end":{"line":46,"column":3}},"line":15},"1":{"name":"(anonymous_1)","decl":{"start":{"line":48,"column":2},"end":{"line":48,"column":3}},"loc":{"start":{"line":48,"column":22},"end":{"line":91,"column":3}},"line":48},"2":{"name":"(anonymous_2)","decl":{"start":{"line":55,"column":10},"end":{"line":55,"column":11}},"loc":{"start":{"line":55,"column":24},"end":{"line":61,"column":5}},"line":55},"3":{"name":"(anonymous_3)","decl":{"start":{"line":62,"column":12},"end":{"line":62,"column":13}},"loc":{"start":{"line":62,"column":23},"end":{"line":64,"column":5}},"line":62},"4":{"name":"(anonymous_4)","decl":{"start":{"line":68,"column":12},"end":{"line":68,"column":13}},"loc":{"start":{"line":68,"column":26},"end":{"line":87,"column":7}},"line":68},"5":{"name":"(anonymous_5)","decl":{"start":{"line":88,"column":13},"end":{"line":88,"column":14}},"loc":{"start":{"line":88,"column":24},"end":{"line":90,"column":7}},"line":88},"6":{"name":"(anonymous_6)","decl":{"start":{"line":93,"column":2},"end":{"line":93,"column":3}},"loc":{"start":{"line":93,"column":32},"end":{"line":130,"column":3}},"line":93},"7":{"name":"(anonymous_7)","decl":{"start":{"line":97,"column":14},"end":{"line":97,"column":15}},"loc":{"start":{"line":97,"column":28},"end":{"line":119,"column":9}},"line":97},"8":{"name":"(anonymous_8)","decl":{"start":{"line":121,"column":15},"end":{"line":121,"column":16}},"loc":{"start":{"line":121,"column":26},"end":{"line":123,"column":9}},"line":121},"9":{"name":"(anonymous_9)","decl":{"start":{"line":132,"column":2},"end":{"line":132,"column":3}},"loc":{"start":{"line":132,"column":28},"end":{"line":145,"column":3}},"line":132},"10":{"name":"(anonymous_10)","decl":{"start":{"line":147,"column":2},"end":{"line":147,"column":3}},"loc":{"start":{"line":147,"column":21},"end":{"line":154,"column":3}},"line":147},"11":{"name":"(anonymous_11)","decl":{"start":{"line":156,"column":2},"end":{"line":156,"column":3}},"loc":{"start":{"line":156,"column":19},"end":{"line":162,"column":3}},"line":156},"12":{"name":"(anonymous_12)","decl":{"start":{"line":164,"column":2},"end":{"line":164,"column":3}},"loc":{"start":{"line":164,"column":19},"end":{"line":170,"column":3}},"line":164},"13":{"name":"(anonymous_13)","decl":{"start":{"line":172,"column":2},"end":{"line":172,"column":3}},"loc":{"start":{"line":172,"column":11},"end":{"line":211,"column":3}},"line":172},"14":{"name":"(anonymous_14)","decl":{"start":{"line":213,"column":2},"end":{"line":213,"column":3}},"loc":{"start":{"line":213,"column":11},"end":{"line":236,"column":3}},"line":213},"15":{"name":"(anonymous_15)","decl":{"start":{"line":238,"column":2},"end":{"line":238,"column":3}},"loc":{"start":{"line":238,"column":11},"end":{"line":303,"column":3}},"line":238}},"branchMap":{"0":{"loc":{"start":{"line":94,"column":4},"end":{"line":124,"column":5}},"type":"if","locations":[{"start":{"line":94,"column":4},"end":{"line":124,"column":5}},{"start":{"line":94,"column":4},"end":{"line":124,"column":5}}],"line":94},"1":{"loc":{"start":{"line":125,"column":4},"end":{"line":129,"column":5}},"type":"if","locations":[{"start":{"line":125,"column":4},"end":{"line":129,"column":5}},{"start":{"line":125,"column":4},"end":{"line":129,"column":5}}],"line":125},"2":{"loc":{"start":{"line":174,"column":4},"end":{"line":210,"column":5}},"type":"if","locations":[{"start":{"line":174,"column":4},"end":{"line":210,"column":5}},{"start":{"line":174,"column":4},"end":{"line":210,"column":5}}],"line":174},"3":{"loc":{"start":{"line":175,"column":6},"end":{"line":196,"column":7}},"type":"if","locations":[{"start":{"line":175,"column":6},"end":{"line":196,"column":7}},{"start":{"line":175,"column":6},"end":{"line":196,"column":7}}],"line":175},"4":{"loc":{"start":{"line":186,"column":13},"end":{"line":196,"column":7}},"type":"if","locations":[{"start":{"line":186,"column":13},"end":{"line":196,"column":7}},{"start":{"line":186,"column":13},"end":{"line":196,"column":7}}],"line":186},"5":{"loc":{"start":{"line":215,"column":4},"end":{"line":235,"column":5}},"type":"if","locations":[{"start":{"line":215,"column":4},"end":{"line":235,"column":5}},{"start":{"line":215,"column":4},"end":{"line":235,"column":5}}],"line":215},"6":{"loc":{"start":{"line":240,"column":4},"end":{"line":302,"column":5}},"type":"if","locations":[{"start":{"line":240,"column":4},"end":{"line":302,"column":5}},{"start":{"line":240,"column":4},"end":{"line":302,"column":5}}],"line":240},"7":{"loc":{"start":{"line":240,"column":8},"end":{"line":240,"column":58}},"type":"binary-expr","locations":[{"start":{"line":240,"column":8},"end":{"line":240,"column":30}},{"start":{"line":240,"column":34},"end":{"line":240,"column":58}}],"line":240}},"s":{"0":1,"1":1,"2":1,"3":1,"4":1,"5":1,"6":1,"7":1,"8":1,"9":1,"10":0,"11":0,"12":1,"13":0,"14":0,"15":0,"16":0,"17":0,"18":0,"19":0,"20":0,"21":0,"22":0,"23":0,"24":0,"25":0,"26":0,"27":0,"28":0,"29":0,"30":0,"31":0,"32":0,"33":0,"34":0,"35":0,"36":0,"37":0,"38":0,"39":0,"40":0,"41":0,"42":0,"43":0,"44":0,"45":0,"46":0,"47":0,"48":1,"49":0,"50":1},"f":{"0":1,"1":1,"2":0,"3":0,"4":0,"5":0,"6":0,"7":0,"8":0,"9":0,"10":0,"11":0,"12":0,"13":0,"14":0,"15":1},"b":{"0":[0,0],"1":[0,0],"2":[0,0],"3":[0,0],"4":[0,0],"5":[0,0],"6":[0,1],"7":[1,0]},"_coverageSchema":"1a1c01bbd47fc00a2c39e90264f33305004495a9","hash":"57c11f9d0f914f7e60d504c4c18fa679cbb2b930"}
,"/Users/ryanriegel/Documents/hrwork/projectCatwalk/client/components/Overview/ProductInfoDescription.jsx": {"path":"/Users/ryanriegel/Documents/hrwork/projectCatwalk/client/components/Overview/ProductInfoDescription.jsx","statementMap":{"0":{"start":{"line":5,"column":4},"end":{"line":5,"column":16}},"1":{"start":{"line":9,"column":4},"end":{"line":9,"column":81}}},"fnMap":{"0":{"name":"(anonymous_0)","decl":{"start":{"line":4,"column":2},"end":{"line":4,"column":3}},"loc":{"start":{"line":4,"column":21},"end":{"line":6,"column":3}},"line":4},"1":{"name":"(anonymous_1)","decl":{"start":{"line":8,"column":2},"end":{"line":8,"column":3}},"loc":{"start":{"line":8,"column":12},"end":{"line":10,"column":3}},"line":8}},"branchMap":{},"s":{"0":0,"1":0},"f":{"0":0,"1":0},"b":{},"_coverageSchema":"1a1c01bbd47fc00a2c39e90264f33305004495a9","hash":"308c45ef28146aaaa2361a7db07f8500c3bfdf77"}
,"/Users/ryanriegel/Documents/hrwork/projectCatwalk/client/components/Overview/ProductInfoHead.jsx": {"path":"/Users/ryanriegel/Documents/hrwork/projectCatwalk/client/components/Overview/ProductInfoHead.jsx","statementMap":{"0":{"start":{"line":5,"column":4},"end":{"line":5,"column":16}},"1":{"start":{"line":6,"column":4},"end":{"line":9,"column":5}},"2":{"start":{"line":14,"column":4},"end":{"line":18,"column":5}},"3":{"start":{"line":15,"column":6},"end":{"line":17,"column":8}},"4":{"start":{"line":24,"column":4},"end":{"line":24,"column":66}},"5":{"start":{"line":27,"column":4},"end":{"line":108,"column":5}},"6":{"start":{"line":28,"column":6},"end":{"line":30,"column":7}},"7":{"start":{"line":32,"column":21},"end":{"line":32,"column":23}},"8":{"start":{"line":33,"column":19},"end":{"line":33,"column":35}},"9":{"start":{"line":34,"column":6},"end":{"line":37,"column":7}},"10":{"start":{"line":34,"column":19},"end":{"line":34,"column":20}},"11":{"start":{"line":35,"column":8},"end":{"line":35,"column":25}},"12":{"start":{"line":36,"column":8},"end":{"line":36,"column":16}},"13":{"start":{"line":38,"column":6},"end":{"line":38,"column":27}},"14":{"start":{"line":40,"column":6},"end":{"line":87,"column":7}},"15":{"start":{"line":42,"column":8},"end":{"line":63,"column":15}},"16":{"start":{"line":46,"column":14},"end":{"line":54,"column":15}},"17":{"start":{"line":47,"column":16},"end":{"line":47,"column":65}},"18":{"start":{"line":48,"column":21},"end":{"line":54,"column":15}},"19":{"start":{"line":49,"column":16},"end":{"line":49,"column":77}},"20":{"start":{"line":50,"column":21},"end":{"line":54,"column":15}},"21":{"start":{"line":51,"column":16},"end":{"line":51,"column":67}},"22":{"start":{"line":52,"column":21},"end":{"line":54,"column":15}},"23":{"start":{"line":53,"column":16},"end":{"line":53,"column":71}},"24":{"start":{"line":66,"column":8},"end":{"line":86,"column":15}},"25":{"start":{"line":70,"column":14},"end":{"line":78,"column":15}},"26":{"start":{"line":71,"column":16},"end":{"line":71,"column":65}},"27":{"start":{"line":72,"column":21},"end":{"line":78,"column":15}},"28":{"start":{"line":73,"column":16},"end":{"line":73,"column":77}},"29":{"start":{"line":74,"column":21},"end":{"line":78,"column":15}},"30":{"start":{"line":75,"column":16},"end":{"line":75,"column":67}},"31":{"start":{"line":76,"column":21},"end":{"line":78,"column":15}},"32":{"start":{"line":77,"column":16},"end":{"line":77,"column":71}},"33":{"start":{"line":89,"column":6},"end":{"line":107,"column":7}},"34":{"start":{"line":91,"column":8},"end":{"line":98,"column":15}},"35":{"start":{"line":100,"column":8},"end":{"line":106,"column":15}}},"fnMap":{"0":{"name":"(anonymous_0)","decl":{"start":{"line":4,"column":2},"end":{"line":4,"column":3}},"loc":{"start":{"line":4,"column":21},"end":{"line":11,"column":3}},"line":4},"1":{"name":"(anonymous_1)","decl":{"start":{"line":13,"column":2},"end":{"line":13,"column":3}},"loc":{"start":{"line":13,"column":32},"end":{"line":19,"column":3}},"line":13},"2":{"name":"(anonymous_2)","decl":{"start":{"line":21,"column":2},"end":{"line":21,"column":3}},"loc":{"start":{"line":21,"column":11},"end":{"line":110,"column":3}},"line":21},"3":{"name":"(anonymous_3)","decl":{"start":{"line":45,"column":26},"end":{"line":45,"column":27}},"loc":{"start":{"line":45,"column":42},"end":{"line":55,"column":13}},"line":45},"4":{"name":"(anonymous_4)","decl":{"start":{"line":69,"column":26},"end":{"line":69,"column":27}},"loc":{"start":{"line":69,"column":42},"end":{"line":79,"column":13}},"line":69}},"branchMap":{"0":{"loc":{"start":{"line":14,"column":4},"end":{"line":18,"column":5}},"type":"if","locations":[{"start":{"line":14,"column":4},"end":{"line":18,"column":5}},{"start":{"line":14,"column":4},"end":{"line":18,"column":5}}],"line":14},"1":{"loc":{"start":{"line":27,"column":4},"end":{"line":108,"column":5}},"type":"if","locations":[{"start":{"line":27,"column":4},"end":{"line":108,"column":5}},{"start":{"line":27,"column":4},"end":{"line":108,"column":5}}],"line":27},"2":{"loc":{"start":{"line":28,"column":6},"end":{"line":30,"column":7}},"type":"if","locations":[{"start":{"line":28,"column":6},"end":{"line":30,"column":7}},{"start":{"line":28,"column":6},"end":{"line":30,"column":7}}],"line":28},"3":{"loc":{"start":{"line":40,"column":6},"end":{"line":87,"column":7}},"type":"if","locations":[{"start":{"line":40,"column":6},"end":{"line":87,"column":7}},{"start":{"line":40,"column":6},"end":{"line":87,"column":7}}],"line":40},"4":{"loc":{"start":{"line":46,"column":14},"end":{"line":54,"column":15}},"type":"if","locations":[{"start":{"line":46,"column":14},"end":{"line":54,"column":15}},{"start":{"line":46,"column":14},"end":{"line":54,"column":15}}],"line":46},"5":{"loc":{"start":{"line":46,"column":18},"end":{"line":46,"column":42}},"type":"binary-expr","locations":[{"start":{"line":46,"column":18},"end":{"line":46,"column":27}},{"start":{"line":46,"column":31},"end":{"line":46,"column":42}}],"line":46},"6":{"loc":{"start":{"line":48,"column":21},"end":{"line":54,"column":15}},"type":"if","locations":[{"start":{"line":48,"column":21},"end":{"line":54,"column":15}},{"start":{"line":48,"column":21},"end":{"line":54,"column":15}}],"line":48},"7":{"loc":{"start":{"line":48,"column":25},"end":{"line":48,"column":52}},"type":"binary-expr","locations":[{"start":{"line":48,"column":25},"end":{"line":48,"column":36}},{"start":{"line":48,"column":40},"end":{"line":48,"column":52}}],"line":48},"8":{"loc":{"start":{"line":50,"column":21},"end":{"line":54,"column":15}},"type":"if","locations":[{"start":{"line":50,"column":21},"end":{"line":54,"column":15}},{"start":{"line":50,"column":21},"end":{"line":54,"column":15}}],"line":50},"9":{"loc":{"start":{"line":50,"column":25},"end":{"line":50,"column":50}},"type":"binary-expr","locations":[{"start":{"line":50,"column":25},"end":{"line":50,"column":35}},{"start":{"line":50,"column":39},"end":{"line":50,"column":50}}],"line":50},"10":{"loc":{"start":{"line":52,"column":21},"end":{"line":54,"column":15}},"type":"if","locations":[{"start":{"line":52,"column":21},"end":{"line":54,"column":15}},{"start":{"line":52,"column":21},"end":{"line":54,"column":15}}],"line":52},"11":{"loc":{"start":{"line":52,"column":25},"end":{"line":52,"column":51}},"type":"binary-expr","locations":[{"start":{"line":52,"column":25},"end":{"line":52,"column":36}},{"start":{"line":52,"column":40},"end":{"line":52,"column":51}}],"line":52},"12":{"loc":{"start":{"line":70,"column":14},"end":{"line":78,"column":15}},"type":"if","locations":[{"start":{"line":70,"column":14},"end":{"line":78,"column":15}},{"start":{"line":70,"column":14},"end":{"line":78,"column":15}}],"line":70},"13":{"loc":{"start":{"line":70,"column":18},"end":{"line":70,"column":42}},"type":"binary-expr","locations":[{"start":{"line":70,"column":18},"end":{"line":70,"column":27}},{"start":{"line":70,"column":31},"end":{"line":70,"column":42}}],"line":70},"14":{"loc":{"start":{"line":72,"column":21},"end":{"line":78,"column":15}},"type":"if","locations":[{"start":{"line":72,"column":21},"end":{"line":78,"column":15}},{"start":{"line":72,"column":21},"end":{"line":78,"column":15}}],"line":72},"15":{"loc":{"start":{"line":72,"column":25},"end":{"line":72,"column":52}},"type":"binary-expr","locations":[{"start":{"line":72,"column":25},"end":{"line":72,"column":36}},{"start":{"line":72,"column":40},"end":{"line":72,"column":52}}],"line":72},"16":{"loc":{"start":{"line":74,"column":21},"end":{"line":78,"column":15}},"type":"if","locations":[{"start":{"line":74,"column":21},"end":{"line":78,"column":15}},{"start":{"line":74,"column":21},"end":{"line":78,"column":15}}],"line":74},"17":{"loc":{"start":{"line":74,"column":25},"end":{"line":74,"column":50}},"type":"binary-expr","locations":[{"start":{"line":74,"column":25},"end":{"line":74,"column":35}},{"start":{"line":74,"column":39},"end":{"line":74,"column":50}}],"line":74},"18":{"loc":{"start":{"line":76,"column":21},"end":{"line":78,"column":15}},"type":"if","locations":[{"start":{"line":76,"column":21},"end":{"line":78,"column":15}},{"start":{"line":76,"column":21},"end":{"line":78,"column":15}}],"line":76},"19":{"loc":{"start":{"line":76,"column":25},"end":{"line":76,"column":51}},"type":"binary-expr","locations":[{"start":{"line":76,"column":25},"end":{"line":76,"column":36}},{"start":{"line":76,"column":40},"end":{"line":76,"column":51}}],"line":76},"20":{"loc":{"start":{"line":89,"column":6},"end":{"line":107,"column":7}},"type":"if","locations":[{"start":{"line":89,"column":6},"end":{"line":107,"column":7}},{"start":{"line":89,"column":6},"end":{"line":107,"column":7}}],"line":89}},"s":{"0":0,"1":0,"2":0,"3":0,"4":0,"5":0,"6":0,"7":0,"8":0,"9":0,"10":0,"11":0,"12":0,"13":0,"14":0,"15":0,"16":0,"17":0,"18":0,"19":0,"20":0,"21":0,"22":0,"23":0,"24":0,"25":0,"26":0,"27":0,"28":0,"29":0,"30":0,"31":0,"32":0,"33":0,"34":0,"35":0},"f":{"0":0,"1":0,"2":0,"3":0,"4":0},"b":{"0":[0,0],"1":[0,0],"2":[0,0],"3":[0,0],"4":[0,0],"5":[0,0],"6":[0,0],"7":[0,0],"8":[0,0],"9":[0,0],"10":[0,0],"11":[0,0],"12":[0,0],"13":[0,0],"14":[0,0],"15":[0,0],"16":[0,0],"17":[0,0],"18":[0,0],"19":[0,0],"20":[0,0]},"_coverageSchema":"1a1c01bbd47fc00a2c39e90264f33305004495a9","hash":"54095e1fbc71aa2d09575ea1536fa16bcab1aa28"}
,"/Users/ryanriegel/Documents/hrwork/projectCatwalk/client/components/Overview/ProductInfoShare.jsx": {"path":"/Users/ryanriegel/Documents/hrwork/projectCatwalk/client/components/Overview/ProductInfoShare.jsx","statementMap":{"0":{"start":{"line":5,"column":4},"end":{"line":5,"column":16}},"1":{"start":{"line":9,"column":4},"end":{"line":23,"column":11}}},"fnMap":{"0":{"name":"(anonymous_0)","decl":{"start":{"line":4,"column":2},"end":{"line":4,"column":3}},"loc":{"start":{"line":4,"column":21},"end":{"line":6,"column":3}},"line":4},"1":{"name":"(anonymous_1)","decl":{"start":{"line":8,"column":2},"end":{"line":8,"column":3}},"loc":{"start":{"line":8,"column":11},"end":{"line":24,"column":3}},"line":8}},"branchMap":{},"s":{"0":0,"1":0},"f":{"0":0,"1":0},"b":{},"_coverageSchema":"1a1c01bbd47fc00a2c39e90264f33305004495a9","hash":"588ecd85c38cd4025e8ca5d795446b3e31cdec8d"}
,"/Users/ryanriegel/Documents/hrwork/projectCatwalk/client/components/Overview/SizeQuantitySelector.jsx": {"path":"/Users/ryanriegel/Documents/hrwork/projectCatwalk/client/components/Overview/SizeQuantitySelector.jsx","statementMap":{"0":{"start":{"line":5,"column":4},"end":{"line":5,"column":16}},"1":{"start":{"line":7,"column":4},"end":{"line":10,"column":5}},"2":{"start":{"line":19,"column":4},"end":{"line":24,"column":5}},"3":{"start":{"line":20,"column":6},"end":{"line":22,"column":8}},"4":{"start":{"line":29,"column":4},"end":{"line":35,"column":5}},"5":{"start":{"line":30,"column":6},"end":{"line":34,"column":13}},"6":{"start":{"line":36,"column":4},"end":{"line":48,"column":5}},"7":{"start":{"line":39,"column":24},"end":{"line":39,"column":69}},"8":{"start":{"line":42,"column":12},"end":{"line":42,"column":71}}},"fnMap":{"0":{"name":"(anonymous_0)","decl":{"start":{"line":4,"column":2},"end":{"line":4,"column":3}},"loc":{"start":{"line":4,"column":21},"end":{"line":11,"column":3}},"line":4},"1":{"name":"(anonymous_1)","decl":{"start":{"line":18,"column":2},"end":{"line":18,"column":3}},"loc":{"start":{"line":18,"column":32},"end":{"line":25,"column":3}},"line":18},"2":{"name":"(anonymous_2)","decl":{"start":{"line":28,"column":2},"end":{"line":28,"column":3}},"loc":{"start":{"line":28,"column":11},"end":{"line":49,"column":3}},"line":28},"3":{"name":"(anonymous_3)","decl":{"start":{"line":39,"column":18},"end":{"line":39,"column":19}},"loc":{"start":{"line":39,"column":24},"end":{"line":39,"column":69}},"line":39},"4":{"name":"(anonymous_4)","decl":{"start":{"line":41,"column":37},"end":{"line":41,"column":38}},"loc":{"start":{"line":41,"column":56},"end":{"line":43,"column":11}},"line":41}},"branchMap":{"0":{"loc":{"start":{"line":19,"column":4},"end":{"line":24,"column":5}},"type":"if","locations":[{"start":{"line":19,"column":4},"end":{"line":24,"column":5}},{"start":{"line":19,"column":4},"end":{"line":24,"column":5}}],"line":19},"1":{"loc":{"start":{"line":29,"column":4},"end":{"line":35,"column":5}},"type":"if","locations":[{"start":{"line":29,"column":4},"end":{"line":35,"column":5}},{"start":{"line":29,"column":4},"end":{"line":35,"column":5}}],"line":29}},"s":{"0":0,"1":0,"2":0,"3":0,"4":0,"5":0,"6":0,"7":0,"8":0},"f":{"0":0,"1":0,"2":0,"3":0,"4":0},"b":{"0":[0,0],"1":[0,0]},"_coverageSchema":"1a1c01bbd47fc00a2c39e90264f33305004495a9","hash":"3eac26d68f6f4da2d217c67a90dd17fbc0dad84e"}
,"/Users/ryanriegel/Documents/hrwork/projectCatwalk/client/components/Overview/SizeSelector.jsx": {"path":"/Users/ryanriegel/Documents/hrwork/projectCatwalk/client/components/Overview/SizeSelector.jsx","statementMap":{"0":{"start":{"line":7,"column":4},"end":{"line":7,"column":16}},"1":{"start":{"line":9,"column":4},"end":{"line":16,"column":5}},"2":{"start":{"line":17,"column":4},"end":{"line":17,"column":51}},"3":{"start":{"line":18,"column":4},"end":{"line":18,"column":62}},"4":{"start":{"line":19,"column":4},"end":{"line":19,"column":56}},"5":{"start":{"line":20,"column":4},"end":{"line":20,"column":46}},"6":{"start":{"line":26,"column":20},"end":{"line":26,"column":22}},"7":{"start":{"line":27,"column":15},"end":{"line":27,"column":30}},"8":{"start":{"line":28,"column":4},"end":{"line":30,"column":5}},"9":{"start":{"line":29,"column":6},"end":{"line":29,"column":31}},"10":{"start":{"line":32,"column":4},"end":{"line":34,"column":6}},"11":{"start":{"line":40,"column":4},"end":{"line":51,"column":5}},"12":{"start":{"line":50,"column":6},"end":{"line":50,"column":30}},"13":{"start":{"line":57,"column":17},"end":{"line":57,"column":29}},"14":{"start":{"line":58,"column":21},"end":{"line":58,"column":23}},"15":{"start":{"line":59,"column":4},"end":{"line":61,"column":5}},"16":{"start":{"line":59,"column":17},"end":{"line":59,"column":18}},"17":{"start":{"line":60,"column":6},"end":{"line":60,"column":36}},"18":{"start":{"line":62,"column":4},"end":{"line":65,"column":6}},"19":{"start":{"line":70,"column":19},"end":{"line":75,"column":5}},"20":{"start":{"line":78,"column":4},"end":{"line":78,"column":39}},"21":{"start":{"line":79,"column":4},"end":{"line":79,"column":34}},"22":{"start":{"line":80,"column":4},"end":{"line":80,"column":53}},"23":{"start":{"line":83,"column":8},"end":{"line":83,"column":58}},"24":{"start":{"line":85,"column":0},"end":{"line":85,"column":55}},"25":{"start":{"line":94,"column":4},"end":{"line":96,"column":6}},"26":{"start":{"line":106,"column":4},"end":{"line":128,"column":5}},"27":{"start":{"line":107,"column":6},"end":{"line":125,"column":7}},"28":{"start":{"line":110,"column":28},"end":{"line":110,"column":64}},"29":{"start":{"line":113,"column":14},"end":{"line":113,"column":110}},"30":{"start":{"line":127,"column":6},"end":{"line":127,"column":18}}},"fnMap":{"0":{"name":"(anonymous_0)","decl":{"start":{"line":6,"column":2},"end":{"line":6,"column":3}},"loc":{"start":{"line":6,"column":21},"end":{"line":21,"column":3}},"line":6},"1":{"name":"(anonymous_1)","decl":{"start":{"line":23,"column":2},"end":{"line":23,"column":3}},"loc":{"start":{"line":23,"column":22},"end":{"line":35,"column":3}},"line":23},"2":{"name":"(anonymous_2)","decl":{"start":{"line":37,"column":2},"end":{"line":37,"column":3}},"loc":{"start":{"line":37,"column":32},"end":{"line":52,"column":3}},"line":37},"3":{"name":"(anonymous_3)","decl":{"start":{"line":54,"column":2},"end":{"line":54,"column":3}},"loc":{"start":{"line":54,"column":20},"end":{"line":67,"column":3}},"line":54},"4":{"name":"(anonymous_4)","decl":{"start":{"line":69,"column":2},"end":{"line":69,"column":3}},"loc":{"start":{"line":69,"column":14},"end":{"line":90,"column":3}},"line":69},"5":{"name":"(anonymous_5)","decl":{"start":{"line":92,"column":2},"end":{"line":92,"column":3}},"loc":{"start":{"line":92,"column":24},"end":{"line":99,"column":3}},"line":92},"6":{"name":"(anonymous_6)","decl":{"start":{"line":103,"column":2},"end":{"line":103,"column":3}},"loc":{"start":{"line":103,"column":11},"end":{"line":129,"column":3}},"line":103},"7":{"name":"(anonymous_7)","decl":{"start":{"line":110,"column":22},"end":{"line":110,"column":23}},"loc":{"start":{"line":110,"column":28},"end":{"line":110,"column":64}},"line":110},"8":{"name":"(anonymous_8)","decl":{"start":{"line":112,"column":38},"end":{"line":112,"column":39}},"loc":{"start":{"line":112,"column":54},"end":{"line":114,"column":13}},"line":112}},"branchMap":{"0":{"loc":{"start":{"line":40,"column":4},"end":{"line":51,"column":5}},"type":"if","locations":[{"start":{"line":40,"column":4},"end":{"line":51,"column":5}},{"start":{"line":40,"column":4},"end":{"line":51,"column":5}}],"line":40},"1":{"loc":{"start":{"line":59,"column":20},"end":{"line":59,"column":53}},"type":"binary-expr","locations":[{"start":{"line":59,"column":20},"end":{"line":59,"column":42}},{"start":{"line":59,"column":46},"end":{"line":59,"column":53}}],"line":59},"2":{"loc":{"start":{"line":106,"column":4},"end":{"line":128,"column":5}},"type":"if","locations":[{"start":{"line":106,"column":4},"end":{"line":128,"column":5}},{"start":{"line":106,"column":4},"end":{"line":128,"column":5}}],"line":106}},"s":{"0":0,"1":0,"2":0,"3":0,"4":0,"5":0,"6":0,"7":0,"8":0,"9":0,"10":0,"11":0,"12":0,"13":0,"14":0,"15":0,"16":0,"17":0,"18":0,"19":0,"20":0,"21":0,"22":0,"23":0,"24":0,"25":0,"26":0,"27":0,"28":0,"29":0,"30":0},"f":{"0":0,"1":0,"2":0,"3":0,"4":0,"5":0,"6":0,"7":0,"8":0},"b":{"0":[0,0],"1":[0,0],"2":[0,0]},"_coverageSchema":"1a1c01bbd47fc00a2c39e90264f33305004495a9","hash":"2d1def10f55463bd41e9fe9b1364c4ed723e77fd"}
,"/Users/ryanriegel/Documents/hrwork/projectCatwalk/client/components/Overview/StyleSelector.jsx": {"path":"/Users/ryanriegel/Documents/hrwork/projectCatwalk/client/components/Overview/StyleSelector.jsx","statementMap":{"0":{"start":{"line":6,"column":4},"end":{"line":6,"column":16}},"1":{"start":{"line":11,"column":4},"end":{"line":24,"column":11}},"2":{"start":{"line":14,"column":8},"end":{"line":21,"column":9}},"3":{"start":{"line":16,"column":10},"end":{"line":16,"column":170}},"4":{"start":{"line":20,"column":10},"end":{"line":20,"column":171}}},"fnMap":{"0":{"name":"(anonymous_0)","decl":{"start":{"line":5,"column":2},"end":{"line":5,"column":3}},"loc":{"start":{"line":5,"column":21},"end":{"line":7,"column":3}},"line":5},"1":{"name":"(anonymous_1)","decl":{"start":{"line":9,"column":2},"end":{"line":9,"column":3}},"loc":{"start":{"line":9,"column":11},"end":{"line":25,"column":3}},"line":9},"2":{"name":"(anonymous_2)","decl":{"start":{"line":12,"column":29},"end":{"line":12,"column":30}},"loc":{"start":{"line":12,"column":47},"end":{"line":22,"column":7}},"line":12}},"branchMap":{"0":{"loc":{"start":{"line":14,"column":8},"end":{"line":21,"column":9}},"type":"if","locations":[{"start":{"line":14,"column":8},"end":{"line":21,"column":9}},{"start":{"line":14,"column":8},"end":{"line":21,"column":9}}],"line":14}},"s":{"0":0,"1":0,"2":0,"3":0,"4":0},"f":{"0":0,"1":0,"2":0},"b":{"0":[0,0]},"_coverageSchema":"1a1c01bbd47fc00a2c39e90264f33305004495a9","hash":"22b02dd569521353e39640d5f6cfa11f3a7faadc"}
,"/Users/ryanriegel/Documents/hrwork/projectCatwalk/client/components/Overview/StyleSelectorOption.jsx": {"path":"/Users/ryanriegel/Documents/hrwork/projectCatwalk/client/components/Overview/StyleSelectorOption.jsx","statementMap":{"0":{"start":{"line":6,"column":4},"end":{"line":6,"column":16}},"1":{"start":{"line":11,"column":4},"end":{"line":45,"column":5}},"2":{"start":{"line":13,"column":6},"end":{"line":31,"column":7}},"3":{"start":{"line":21,"column":14},"end":{"line":21,"column":55}},"4":{"start":{"line":35,"column":6},"end":{"line":44,"column":7}},"5":{"start":{"line":39,"column":12},"end":{"line":39,"column":53}}},"fnMap":{"0":{"name":"(anonymous_0)","decl":{"start":{"line":5,"column":2},"end":{"line":5,"column":3}},"loc":{"start":{"line":5,"column":21},"end":{"line":7,"column":3}},"line":5},"1":{"name":"(anonymous_1)","decl":{"start":{"line":9,"column":2},"end":{"line":9,"column":3}},"loc":{"start":{"line":9,"column":11},"end":{"line":46,"column":3}},"line":9},"2":{"name":"(anonymous_2)","decl":{"start":{"line":20,"column":21},"end":{"line":20,"column":22}},"loc":{"start":{"line":20,"column":27},"end":{"line":22,"column":13}},"line":20},"3":{"name":"(anonymous_3)","decl":{"start":{"line":38,"column":19},"end":{"line":38,"column":20}},"loc":{"start":{"line":38,"column":25},"end":{"line":40,"column":11}},"line":38}},"branchMap":{"0":{"loc":{"start":{"line":11,"column":4},"end":{"line":45,"column":5}},"type":"if","locations":[{"start":{"line":11,"column":4},"end":{"line":45,"column":5}},{"start":{"line":11,"column":4},"end":{"line":45,"column":5}}],"line":11}},"s":{"0":0,"1":0,"2":0,"3":0,"4":0,"5":0},"f":{"0":0,"1":0,"2":0,"3":0},"b":{"0":[0,0]},"_coverageSchema":"1a1c01bbd47fc00a2c39e90264f33305004495a9","hash":"40558e97971c60950bf516485e3f707b71423f59"}
,"/Users/ryanriegel/Documents/hrwork/projectCatwalk/client/components/Overview/ThumbnailCarousel.jsx": {"path":"/Users/ryanriegel/Documents/hrwork/projectCatwalk/client/components/Overview/ThumbnailCarousel.jsx","statementMap":{"0":{"start":{"line":6,"column":4},"end":{"line":6,"column":17}},"1":{"start":{"line":12,"column":21},"end":{"line":12,"column":38}},"2":{"start":{"line":15,"column":4},"end":{"line":24,"column":5}},"3":{"start":{"line":19,"column":12},"end":{"line":19,"column":152}}},"fnMap":{"0":{"name":"(anonymous_0)","decl":{"start":{"line":5,"column":2},"end":{"line":5,"column":3}},"loc":{"start":{"line":5,"column":21},"end":{"line":8,"column":3}},"line":5},"1":{"name":"(anonymous_1)","decl":{"start":{"line":11,"column":2},"end":{"line":11,"column":3}},"loc":{"start":{"line":11,"column":11},"end":{"line":27,"column":3}},"line":11},"2":{"name":"(anonymous_2)","decl":{"start":{"line":18,"column":26},"end":{"line":18,"column":27}},"loc":{"start":{"line":18,"column":45},"end":{"line":20,"column":11}},"line":18}},"branchMap":{},"s":{"0":0,"1":0,"2":0,"3":0},"f":{"0":0,"1":0,"2":0},"b":{},"_coverageSchema":"1a1c01bbd47fc00a2c39e90264f33305004495a9","hash":"17f7331976eda3dbd320a343e3d4b584903c6678"}
,"/Users/ryanriegel/Documents/hrwork/projectCatwalk/client/components/Overview/ThumbnailCarouselMini.jsx": {"path":"/Users/ryanriegel/Documents/hrwork/projectCatwalk/client/components/Overview/ThumbnailCarouselMini.jsx","statementMap":{"0":{"start":{"line":7,"column":4},"end":{"line":7,"column":17}},"1":{"start":{"line":13,"column":21},"end":{"line":13,"column":38}},"2":{"start":{"line":15,"column":4},"end":{"line":24,"column":5}},"3":{"start":{"line":19,"column":12},"end":{"line":19,"column":156}}},"fnMap":{"0":{"name":"(anonymous_0)","decl":{"start":{"line":6,"column":2},"end":{"line":6,"column":3}},"loc":{"start":{"line":6,"column":21},"end":{"line":9,"column":3}},"line":6},"1":{"name":"(anonymous_1)","decl":{"start":{"line":12,"column":2},"end":{"line":12,"column":3}},"loc":{"start":{"line":12,"column":11},"end":{"line":27,"column":3}},"line":12},"2":{"name":"(anonymous_2)","decl":{"start":{"line":18,"column":26},"end":{"line":18,"column":27}},"loc":{"start":{"line":18,"column":45},"end":{"line":20,"column":11}},"line":18}},"branchMap":{},"s":{"0":0,"1":0,"2":0,"3":0},"f":{"0":0,"1":0,"2":0},"b":{},"_coverageSchema":"1a1c01bbd47fc00a2c39e90264f33305004495a9","hash":"db7cb704d7a530209dffd90b24907b4701acb3a4"}
,"/Users/ryanriegel/Documents/hrwork/projectCatwalk/client/components/Overview/ThumbnailCarouselMiniPic.jsx": {"path":"/Users/ryanriegel/Documents/hrwork/projectCatwalk/client/components/Overview/ThumbnailCarouselMiniPic.jsx","statementMap":{"0":{"start":{"line":5,"column":4},"end":{"line":5,"column":17}},"1":{"start":{"line":10,"column":4},"end":{"line":26,"column":5}},"2":{"start":{"line":12,"column":6},"end":{"line":16,"column":7}},"3":{"start":{"line":14,"column":106},"end":{"line":14,"column":141}},"4":{"start":{"line":21,"column":6},"end":{"line":25,"column":7}},"5":{"start":{"line":23,"column":106},"end":{"line":23,"column":141}}},"fnMap":{"0":{"name":"(anonymous_0)","decl":{"start":{"line":4,"column":2},"end":{"line":4,"column":3}},"loc":{"start":{"line":4,"column":21},"end":{"line":6,"column":3}},"line":4},"1":{"name":"(anonymous_1)","decl":{"start":{"line":8,"column":2},"end":{"line":8,"column":3}},"loc":{"start":{"line":8,"column":11},"end":{"line":27,"column":3}},"line":8},"2":{"name":"(anonymous_2)","decl":{"start":{"line":14,"column":100},"end":{"line":14,"column":101}},"loc":{"start":{"line":14,"column":106},"end":{"line":14,"column":141}},"line":14},"3":{"name":"(anonymous_3)","decl":{"start":{"line":23,"column":100},"end":{"line":23,"column":101}},"loc":{"start":{"line":23,"column":106},"end":{"line":23,"column":141}},"line":23}},"branchMap":{"0":{"loc":{"start":{"line":10,"column":4},"end":{"line":26,"column":5}},"type":"if","locations":[{"start":{"line":10,"column":4},"end":{"line":26,"column":5}},{"start":{"line":10,"column":4},"end":{"line":26,"column":5}}],"line":10}},"s":{"0":0,"1":0,"2":0,"3":0,"4":0,"5":0},"f":{"0":0,"1":0,"2":0,"3":0},"b":{"0":[0,0]},"_coverageSchema":"1a1c01bbd47fc00a2c39e90264f33305004495a9","hash":"d2e2f29677bf54a22da565bec7725c90b7abbb48"}
,"/Users/ryanriegel/Documents/hrwork/projectCatwalk/client/components/Overview/ThumbnailCarouselPic.jsx": {"path":"/Users/ryanriegel/Documents/hrwork/projectCatwalk/client/components/Overview/ThumbnailCarouselPic.jsx","statementMap":{"0":{"start":{"line":5,"column":4},"end":{"line":5,"column":17}},"1":{"start":{"line":10,"column":4},"end":{"line":21,"column":5}},"2":{"start":{"line":11,"column":6},"end":{"line":13,"column":13}},"3":{"start":{"line":12,"column":99},"end":{"line":12,"column":134}},"4":{"start":{"line":16,"column":6},"end":{"line":20,"column":7}},"5":{"start":{"line":18,"column":101},"end":{"line":18,"column":136}}},"fnMap":{"0":{"name":"(anonymous_0)","decl":{"start":{"line":4,"column":2},"end":{"line":4,"column":3}},"loc":{"start":{"line":4,"column":21},"end":{"line":6,"column":3}},"line":4},"1":{"name":"(anonymous_1)","decl":{"start":{"line":8,"column":2},"end":{"line":8,"column":3}},"loc":{"start":{"line":8,"column":11},"end":{"line":22,"column":3}},"line":8},"2":{"name":"(anonymous_2)","decl":{"start":{"line":12,"column":93},"end":{"line":12,"column":94}},"loc":{"start":{"line":12,"column":99},"end":{"line":12,"column":134}},"line":12},"3":{"name":"(anonymous_3)","decl":{"start":{"line":18,"column":95},"end":{"line":18,"column":96}},"loc":{"start":{"line":18,"column":101},"end":{"line":18,"column":136}},"line":18}},"branchMap":{"0":{"loc":{"start":{"line":10,"column":4},"end":{"line":21,"column":5}},"type":"if","locations":[{"start":{"line":10,"column":4},"end":{"line":21,"column":5}},{"start":{"line":10,"column":4},"end":{"line":21,"column":5}}],"line":10}},"s":{"0":0,"1":0,"2":0,"3":0,"4":0,"5":0},"f":{"0":0,"1":0,"2":0,"3":0},"b":{"0":[0,0]},"_coverageSchema":"1a1c01bbd47fc00a2c39e90264f33305004495a9","hash":"3a0bfa4044a93b087e0411c3ebeba1546926218a"}
,"/Users/ryanriegel/Documents/hrwork/projectCatwalk/client/components/Q&A/AddAModal.jsx": {"path":"/Users/ryanriegel/Documents/hrwork/projectCatwalk/client/components/Q&A/AddAModal.jsx","statementMap":{"0":{"start":{"line":8,"column":4},"end":{"line":8,"column":17}},"1":{"start":{"line":9,"column":4},"end":{"line":14,"column":5}},"2":{"start":{"line":15,"column":4},"end":{"line":15,"column":43}},"3":{"start":{"line":16,"column":4},"end":{"line":16,"column":57}},"4":{"start":{"line":17,"column":4},"end":{"line":17,"column":53}},"5":{"start":{"line":18,"column":4},"end":{"line":18,"column":55}},"6":{"start":{"line":19,"column":4},"end":{"line":19,"column":41}},"7":{"start":{"line":20,"column":4},"end":{"line":20,"column":47}},"8":{"start":{"line":24,"column":4},"end":{"line":24,"column":48}},"9":{"start":{"line":25,"column":4},"end":{"line":25,"column":17}},"10":{"start":{"line":29,"column":4},"end":{"line":31,"column":6}},"11":{"start":{"line":35,"column":4},"end":{"line":37,"column":6}},"12":{"start":{"line":41,"column":4},"end":{"line":43,"column":6}},"13":{"start":{"line":47,"column":15},"end":{"line":51,"column":5}},"14":{"start":{"line":53,"column":4},"end":{"line":59,"column":6}},"15":{"start":{"line":55,"column":6},"end":{"line":55,"column":43}},"16":{"start":{"line":58,"column":6},"end":{"line":58,"column":24}},"17":{"start":{"line":63,"column":4},"end":{"line":65,"column":7}},"18":{"start":{"line":69,"column":4},"end":{"line":71,"column":5}},"19":{"start":{"line":70,"column":6},"end":{"line":70,"column":18}},"20":{"start":{"line":72,"column":4},"end":{"line":86,"column":5}},"21":{"start":{"line":81,"column":89},"end":{"line":81,"column":106}}},"fnMap":{"0":{"name":"(anonymous_0)","decl":{"start":{"line":7,"column":2},"end":{"line":7,"column":3}},"loc":{"start":{"line":7,"column":21},"end":{"line":21,"column":3}},"line":7},"1":{"name":"(anonymous_1)","decl":{"start":{"line":23,"column":2},"end":{"line":23,"column":3}},"loc":{"start":{"line":23,"column":13},"end":{"line":26,"column":3}},"line":23},"2":{"name":"(anonymous_2)","decl":{"start":{"line":28,"column":2},"end":{"line":28,"column":3}},"loc":{"start":{"line":28,"column":20},"end":{"line":32,"column":3}},"line":28},"3":{"name":"(anonymous_3)","decl":{"start":{"line":34,"column":2},"end":{"line":34,"column":3}},"loc":{"start":{"line":34,"column":18},"end":{"line":38,"column":3}},"line":34},"4":{"name":"(anonymous_4)","decl":{"start":{"line":40,"column":2},"end":{"line":40,"column":3}},"loc":{"start":{"line":40,"column":19},"end":{"line":44,"column":3}},"line":40},"5":{"name":"(anonymous_5)","decl":{"start":{"line":46,"column":2},"end":{"line":46,"column":3}},"loc":{"start":{"line":46,"column":11},"end":{"line":60,"column":3}},"line":46},"6":{"name":"(anonymous_6)","decl":{"start":{"line":54,"column":10},"end":{"line":54,"column":11}},"loc":{"start":{"line":54,"column":24},"end":{"line":56,"column":5}},"line":54},"7":{"name":"(anonymous_7)","decl":{"start":{"line":57,"column":11},"end":{"line":57,"column":12}},"loc":{"start":{"line":57,"column":22},"end":{"line":59,"column":5}},"line":57},"8":{"name":"(anonymous_8)","decl":{"start":{"line":62,"column":2},"end":{"line":62,"column":3}},"loc":{"start":{"line":62,"column":15},"end":{"line":66,"column":3}},"line":62},"9":{"name":"(anonymous_9)","decl":{"start":{"line":68,"column":2},"end":{"line":68,"column":3}},"loc":{"start":{"line":68,"column":11},"end":{"line":87,"column":3}},"line":68},"10":{"name":"(anonymous_10)","decl":{"start":{"line":81,"column":82},"end":{"line":81,"column":83}},"loc":{"start":{"line":81,"column":87},"end":{"line":81,"column":108}},"line":81}},"branchMap":{"0":{"loc":{"start":{"line":24,"column":4},"end":{"line":24,"column":47}},"type":"binary-expr","locations":[{"start":{"line":24,"column":4},"end":{"line":24,"column":22}},{"start":{"line":24,"column":26},"end":{"line":24,"column":47}}],"line":24},"1":{"loc":{"start":{"line":69,"column":4},"end":{"line":71,"column":5}},"type":"if","locations":[{"start":{"line":69,"column":4},"end":{"line":71,"column":5}},{"start":{"line":69,"column":4},"end":{"line":71,"column":5}}],"line":69}},"s":{"0":0,"1":0,"2":0,"3":0,"4":0,"5":0,"6":0,"7":0,"8":0,"9":0,"10":0,"11":0,"12":0,"13":0,"14":0,"15":0,"16":0,"17":0,"18":0,"19":0,"20":0,"21":0},"f":{"0":0,"1":0,"2":0,"3":0,"4":0,"5":0,"6":0,"7":0,"8":0,"9":0,"10":0},"b":{"0":[0,0],"1":[0,0]},"_coverageSchema":"1a1c01bbd47fc00a2c39e90264f33305004495a9","hash":"09d46de06e1579121214464031906e54159fbacc"}
,"/Users/ryanriegel/Documents/hrwork/projectCatwalk/client/components/Q&A/AddQModal.jsx": {"path":"/Users/ryanriegel/Documents/hrwork/projectCatwalk/client/components/Q&A/AddQModal.jsx","statementMap":{"0":{"start":{"line":7,"column":4},"end":{"line":7,"column":17}},"1":{"start":{"line":8,"column":4},"end":{"line":12,"column":5}},"2":{"start":{"line":13,"column":4},"end":{"line":13,"column":43}},"3":{"start":{"line":14,"column":4},"end":{"line":14,"column":51}},"4":{"start":{"line":15,"column":4},"end":{"line":15,"column":61}},"5":{"start":{"line":16,"column":4},"end":{"line":16,"column":53}},"6":{"start":{"line":17,"column":4},"end":{"line":17,"column":55}},"7":{"start":{"line":21,"column":4},"end":{"line":21,"column":48}},"8":{"start":{"line":22,"column":4},"end":{"line":22,"column":22}},"9":{"start":{"line":26,"column":15},"end":{"line":31,"column":5}},"10":{"start":{"line":32,"column":4},"end":{"line":38,"column":6}},"11":{"start":{"line":34,"column":6},"end":{"line":34,"column":45}},"12":{"start":{"line":37,"column":6},"end":{"line":37,"column":24}},"13":{"start":{"line":42,"column":4},"end":{"line":44,"column":6}},"14":{"start":{"line":48,"column":4},"end":{"line":50,"column":6}},"15":{"start":{"line":54,"column":4},"end":{"line":56,"column":6}},"16":{"start":{"line":61,"column":4},"end":{"line":63,"column":5}},"17":{"start":{"line":62,"column":6},"end":{"line":62,"column":18}},"18":{"start":{"line":64,"column":4},"end":{"line":75,"column":5}}},"fnMap":{"0":{"name":"(anonymous_0)","decl":{"start":{"line":6,"column":2},"end":{"line":6,"column":3}},"loc":{"start":{"line":6,"column":21},"end":{"line":18,"column":3}},"line":6},"1":{"name":"(anonymous_1)","decl":{"start":{"line":20,"column":2},"end":{"line":20,"column":3}},"loc":{"start":{"line":20,"column":13},"end":{"line":23,"column":3}},"line":20},"2":{"name":"(anonymous_2)","decl":{"start":{"line":25,"column":2},"end":{"line":25,"column":3}},"loc":{"start":{"line":25,"column":16},"end":{"line":39,"column":3}},"line":25},"3":{"name":"(anonymous_3)","decl":{"start":{"line":33,"column":10},"end":{"line":33,"column":11}},"loc":{"start":{"line":33,"column":24},"end":{"line":35,"column":5}},"line":33},"4":{"name":"(anonymous_4)","decl":{"start":{"line":36,"column":11},"end":{"line":36,"column":12}},"loc":{"start":{"line":36,"column":22},"end":{"line":38,"column":5}},"line":36},"5":{"name":"(anonymous_5)","decl":{"start":{"line":41,"column":2},"end":{"line":41,"column":3}},"loc":{"start":{"line":41,"column":22},"end":{"line":45,"column":3}},"line":41},"6":{"name":"(anonymous_6)","decl":{"start":{"line":47,"column":2},"end":{"line":47,"column":3}},"loc":{"start":{"line":47,"column":18},"end":{"line":51,"column":3}},"line":47},"7":{"name":"(anonymous_7)","decl":{"start":{"line":53,"column":2},"end":{"line":53,"column":3}},"loc":{"start":{"line":53,"column":19},"end":{"line":57,"column":3}},"line":53},"8":{"name":"(anonymous_8)","decl":{"start":{"line":60,"column":2},"end":{"line":60,"column":3}},"loc":{"start":{"line":60,"column":11},"end":{"line":76,"column":3}},"line":60}},"branchMap":{"0":{"loc":{"start":{"line":21,"column":4},"end":{"line":21,"column":47}},"type":"binary-expr","locations":[{"start":{"line":21,"column":4},"end":{"line":21,"column":22}},{"start":{"line":21,"column":26},"end":{"line":21,"column":47}}],"line":21},"1":{"loc":{"start":{"line":61,"column":4},"end":{"line":63,"column":5}},"type":"if","locations":[{"start":{"line":61,"column":4},"end":{"line":63,"column":5}},{"start":{"line":61,"column":4},"end":{"line":63,"column":5}}],"line":61}},"s":{"0":0,"1":0,"2":0,"3":0,"4":0,"5":0,"6":0,"7":0,"8":0,"9":0,"10":0,"11":0,"12":0,"13":0,"14":0,"15":0,"16":0,"17":0,"18":0},"f":{"0":0,"1":0,"2":0,"3":0,"4":0,"5":0,"6":0,"7":0,"8":0},"b":{"0":[0,0],"1":[0,0]},"_coverageSchema":"1a1c01bbd47fc00a2c39e90264f33305004495a9","hash":"e38cc9c9ae2bf9f69df9745885ab0df3e5a4df29"}
,"/Users/ryanriegel/Documents/hrwork/projectCatwalk/client/components/Q&A/PhotoModal.jsx": {"path":"/Users/ryanriegel/Documents/hrwork/projectCatwalk/client/components/Q&A/PhotoModal.jsx","statementMap":{"0":{"start":{"line":6,"column":4},"end":{"line":6,"column":17}},"1":{"start":{"line":7,"column":4},"end":{"line":7,"column":43}},"2":{"start":{"line":11,"column":4},"end":{"line":11,"column":48}},"3":{"start":{"line":15,"column":4},"end":{"line":17,"column":5}},"4":{"start":{"line":16,"column":6},"end":{"line":16,"column":18}},"5":{"start":{"line":18,"column":4},"end":{"line":27,"column":5}}},"fnMap":{"0":{"name":"(anonymous_0)","decl":{"start":{"line":5,"column":2},"end":{"line":5,"column":3}},"loc":{"start":{"line":5,"column":21},"end":{"line":8,"column":3}},"line":5},"1":{"name":"(anonymous_1)","decl":{"start":{"line":10,"column":2},"end":{"line":10,"column":3}},"loc":{"start":{"line":10,"column":13},"end":{"line":12,"column":3}},"line":10},"2":{"name":"(anonymous_2)","decl":{"start":{"line":14,"column":2},"end":{"line":14,"column":3}},"loc":{"start":{"line":14,"column":11},"end":{"line":28,"column":3}},"line":14}},"branchMap":{"0":{"loc":{"start":{"line":11,"column":4},"end":{"line":11,"column":47}},"type":"binary-expr","locations":[{"start":{"line":11,"column":4},"end":{"line":11,"column":22}},{"start":{"line":11,"column":26},"end":{"line":11,"column":47}}],"line":11},"1":{"loc":{"start":{"line":15,"column":4},"end":{"line":17,"column":5}},"type":"if","locations":[{"start":{"line":15,"column":4},"end":{"line":17,"column":5}},{"start":{"line":15,"column":4},"end":{"line":17,"column":5}}],"line":15}},"s":{"0":0,"1":0,"2":0,"3":0,"4":0,"5":0},"f":{"0":0,"1":0,"2":0},"b":{"0":[0,0],"1":[0,0]},"_coverageSchema":"1a1c01bbd47fc00a2c39e90264f33305004495a9","hash":"3cc4d9b65b6607c05fe6508358080e80fc1af35f"}
,"/Users/ryanriegel/Documents/hrwork/projectCatwalk/client/components/Q&A/QA_list.jsx": {"path":"/Users/ryanriegel/Documents/hrwork/projectCatwalk/client/components/Q&A/QA_list.jsx","statementMap":{"0":{"start":{"line":7,"column":4},"end":{"line":7,"column":17}},"1":{"start":{"line":12,"column":4},"end":{"line":18,"column":5}},"2":{"start":{"line":15,"column":10},"end":{"line":15,"column":80}}},"fnMap":{"0":{"name":"(anonymous_0)","decl":{"start":{"line":6,"column":2},"end":{"line":6,"column":3}},"loc":{"start":{"line":6,"column":21},"end":{"line":9,"column":3}},"line":6},"1":{"name":"(anonymous_1)","decl":{"start":{"line":11,"column":2},"end":{"line":11,"column":3}},"loc":{"start":{"line":11,"column":11},"end":{"line":19,"column":3}},"line":11},"2":{"name":"(anonymous_2)","decl":{"start":{"line":14,"column":27},"end":{"line":14,"column":28}},"loc":{"start":{"line":15,"column":10},"end":{"line":15,"column":80}},"line":15}},"branchMap":{},"s":{"0":0,"1":0,"2":0},"f":{"0":0,"1":0,"2":0},"b":{},"_coverageSchema":"1a1c01bbd47fc00a2c39e90264f33305004495a9","hash":"805efea2a357a06b73691d8e9d00bdf35b1d0961"}
,"/Users/ryanriegel/Documents/hrwork/projectCatwalk/client/components/Q&A/QA_listEntry.jsx": {"path":"/Users/ryanriegel/Documents/hrwork/projectCatwalk/client/components/Q&A/QA_listEntry.jsx","statementMap":{"0":{"start":{"line":9,"column":4},"end":{"line":9,"column":17}},"1":{"start":{"line":10,"column":4},"end":{"line":19,"column":5}},"2":{"start":{"line":20,"column":4},"end":{"line":20,"column":45}},"3":{"start":{"line":21,"column":4},"end":{"line":21,"column":55}},"4":{"start":{"line":22,"column":4},"end":{"line":22,"column":55}},"5":{"start":{"line":23,"column":4},"end":{"line":23,"column":55}},"6":{"start":{"line":24,"column":4},"end":{"line":24,"column":47}},"7":{"start":{"line":29,"column":4},"end":{"line":41,"column":5}},"8":{"start":{"line":30,"column":6},"end":{"line":32,"column":8}},"9":{"start":{"line":33,"column":6},"end":{"line":33,"column":46}},"10":{"start":{"line":34,"column":6},"end":{"line":34,"column":27}},"11":{"start":{"line":36,"column":6},"end":{"line":38,"column":8}},"12":{"start":{"line":39,"column":6},"end":{"line":39,"column":47}},"13":{"start":{"line":40,"column":6},"end":{"line":40,"column":27}},"14":{"start":{"line":46,"column":4},"end":{"line":60,"column":5}},"15":{"start":{"line":47,"column":24},"end":{"line":47,"column":51}},"16":{"start":{"line":48,"column":6},"end":{"line":57,"column":8}},"17":{"start":{"line":50,"column":8},"end":{"line":50,"column":55}},"18":{"start":{"line":51,"column":8},"end":{"line":53,"column":10}},"19":{"start":{"line":56,"column":8},"end":{"line":56,"column":26}},"20":{"start":{"line":59,"column":6},"end":{"line":59,"column":55}},"21":{"start":{"line":66,"column":4},"end":{"line":80,"column":5}},"22":{"start":{"line":67,"column":22},"end":{"line":67,"column":24}},"23":{"start":{"line":68,"column":6},"end":{"line":77,"column":8}},"24":{"start":{"line":70,"column":8},"end":{"line":70,"column":55}},"25":{"start":{"line":71,"column":8},"end":{"line":73,"column":10}},"26":{"start":{"line":76,"column":8},"end":{"line":76,"column":26}},"27":{"start":{"line":79,"column":6},"end":{"line":79,"column":55}},"28":{"start":{"line":85,"column":20},"end":{"line":85,"column":22}},"29":{"start":{"line":86,"column":4},"end":{"line":92,"column":6}},"30":{"start":{"line":88,"column":6},"end":{"line":88,"column":45}},"31":{"start":{"line":91,"column":6},"end":{"line":91,"column":24}},"32":{"start":{"line":96,"column":4},"end":{"line":98,"column":7}},"33":{"start":{"line":103,"column":4},"end":{"line":124,"column":5}},"34":{"start":{"line":104,"column":6},"end":{"line":113,"column":7}},"35":{"start":{"line":106,"column":366},"end":{"line":106,"column":383}},"36":{"start":{"line":109,"column":10},"end":{"line":109,"column":422}},"37":{"start":{"line":109,"column":196},"end":{"line":109,"column":225}},"38":{"start":{"line":109,"column":338},"end":{"line":109,"column":368}},"39":{"start":{"line":109,"column":369},"end":{"line":109,"column":400}},"40":{"start":{"line":115,"column":6},"end":{"line":123,"column":7}},"41":{"start":{"line":117,"column":366},"end":{"line":117,"column":383}},"42":{"start":{"line":120,"column":10},"end":{"line":120,"column":422}},"43":{"start":{"line":120,"column":196},"end":{"line":120,"column":225}},"44":{"start":{"line":120,"column":338},"end":{"line":120,"column":368}},"45":{"start":{"line":120,"column":369},"end":{"line":120,"column":400}}},"fnMap":{"0":{"name":"(anonymous_0)","decl":{"start":{"line":8,"column":2},"end":{"line":8,"column":3}},"loc":{"start":{"line":8,"column":21},"end":{"line":25,"column":3}},"line":8},"1":{"name":"(anonymous_1)","decl":{"start":{"line":28,"column":2},"end":{"line":28,"column":3}},"loc":{"start":{"line":28,"column":14},"end":{"line":42,"column":3}},"line":28},"2":{"name":"(anonymous_2)","decl":{"start":{"line":44,"column":2},"end":{"line":44,"column":3}},"loc":{"start":{"line":44,"column":19},"end":{"line":62,"column":3}},"line":44},"3":{"name":"(anonymous_3)","decl":{"start":{"line":49,"column":12},"end":{"line":49,"column":13}},"loc":{"start":{"line":49,"column":26},"end":{"line":54,"column":7}},"line":49},"4":{"name":"(anonymous_4)","decl":{"start":{"line":55,"column":13},"end":{"line":55,"column":14}},"loc":{"start":{"line":55,"column":24},"end":{"line":57,"column":7}},"line":55},"5":{"name":"(anonymous_5)","decl":{"start":{"line":64,"column":2},"end":{"line":64,"column":3}},"loc":{"start":{"line":64,"column":20},"end":{"line":82,"column":3}},"line":64},"6":{"name":"(anonymous_6)","decl":{"start":{"line":69,"column":12},"end":{"line":69,"column":13}},"loc":{"start":{"line":69,"column":26},"end":{"line":74,"column":7}},"line":69},"7":{"name":"(anonymous_7)","decl":{"start":{"line":75,"column":13},"end":{"line":75,"column":14}},"loc":{"start":{"line":75,"column":24},"end":{"line":77,"column":7}},"line":75},"8":{"name":"(anonymous_8)","decl":{"start":{"line":84,"column":2},"end":{"line":84,"column":3}},"loc":{"start":{"line":84,"column":20},"end":{"line":93,"column":3}},"line":84},"9":{"name":"(anonymous_9)","decl":{"start":{"line":87,"column":10},"end":{"line":87,"column":11}},"loc":{"start":{"line":87,"column":24},"end":{"line":89,"column":5}},"line":87},"10":{"name":"(anonymous_10)","decl":{"start":{"line":90,"column":11},"end":{"line":90,"column":12}},"loc":{"start":{"line":90,"column":22},"end":{"line":92,"column":5}},"line":90},"11":{"name":"(anonymous_11)","decl":{"start":{"line":95,"column":2},"end":{"line":95,"column":3}},"loc":{"start":{"line":95,"column":15},"end":{"line":99,"column":3}},"line":95},"12":{"name":"(anonymous_12)","decl":{"start":{"line":102,"column":2},"end":{"line":102,"column":3}},"loc":{"start":{"line":102,"column":11},"end":{"line":125,"column":3}},"line":102},"13":{"name":"(anonymous_13)","decl":{"start":{"line":106,"column":359},"end":{"line":106,"column":360}},"loc":{"start":{"line":106,"column":364},"end":{"line":106,"column":385}},"line":106},"14":{"name":"(anonymous_14)","decl":{"start":{"line":108,"column":80},"end":{"line":108,"column":81}},"loc":{"start":{"line":109,"column":10},"end":{"line":109,"column":422}},"line":109},"15":{"name":"(anonymous_15)","decl":{"start":{"line":109,"column":191},"end":{"line":109,"column":192}},"loc":{"start":{"line":109,"column":196},"end":{"line":109,"column":225}},"line":109},"16":{"name":"(anonymous_16)","decl":{"start":{"line":109,"column":330},"end":{"line":109,"column":331}},"loc":{"start":{"line":109,"column":337},"end":{"line":109,"column":401}},"line":109},"17":{"name":"(anonymous_17)","decl":{"start":{"line":117,"column":359},"end":{"line":117,"column":360}},"loc":{"start":{"line":117,"column":364},"end":{"line":117,"column":385}},"line":117},"18":{"name":"(anonymous_18)","decl":{"start":{"line":119,"column":37},"end":{"line":119,"column":38}},"loc":{"start":{"line":120,"column":10},"end":{"line":120,"column":422}},"line":120},"19":{"name":"(anonymous_19)","decl":{"start":{"line":120,"column":191},"end":{"line":120,"column":192}},"loc":{"start":{"line":120,"column":196},"end":{"line":120,"column":225}},"line":120},"20":{"name":"(anonymous_20)","decl":{"start":{"line":120,"column":330},"end":{"line":120,"column":331}},"loc":{"start":{"line":120,"column":337},"end":{"line":120,"column":401}},"line":120}},"branchMap":{"0":{"loc":{"start":{"line":29,"column":4},"end":{"line":41,"column":5}},"type":"if","locations":[{"start":{"line":29,"column":4},"end":{"line":41,"column":5}},{"start":{"line":29,"column":4},"end":{"line":41,"column":5}}],"line":29},"1":{"loc":{"start":{"line":46,"column":4},"end":{"line":60,"column":5}},"type":"if","locations":[{"start":{"line":46,"column":4},"end":{"line":60,"column":5}},{"start":{"line":46,"column":4},"end":{"line":60,"column":5}}],"line":46},"2":{"loc":{"start":{"line":66,"column":4},"end":{"line":80,"column":5}},"type":"if","locations":[{"start":{"line":66,"column":4},"end":{"line":80,"column":5}},{"start":{"line":66,"column":4},"end":{"line":80,"column":5}}],"line":66},"3":{"loc":{"start":{"line":103,"column":4},"end":{"line":124,"column":5}},"type":"if","locations":[{"start":{"line":103,"column":4},"end":{"line":124,"column":5}},{"start":{"line":103,"column":4},"end":{"line":124,"column":5}}],"line":103}},"s":{"0":0,"1":0,"2":0,"3":0,"4":0,"5":0,"6":0,"7":0,"8":0,"9":0,"10":0,"11":0,"12":0,"13":0,"14":0,"15":0,"16":0,"17":0,"18":0,"19":0,"20":0,"21":0,"22":0,"23":0,"24":0,"25":0,"26":0,"27":0,"28":0,"29":0,"30":0,"31":0,"32":0,"33":0,"34":0,"35":0,"36":0,"37":0,"38":0,"39":0,"40":0,"41":0,"42":0,"43":0,"44":0,"45":0},"f":{"0":0,"1":0,"2":0,"3":0,"4":0,"5":0,"6":0,"7":0,"8":0,"9":0,"10":0,"11":0,"12":0,"13":0,"14":0,"15":0,"16":0,"17":0,"18":0,"19":0,"20":0},"b":{"0":[0,0],"1":[0,0],"2":[0,0],"3":[0,0]},"_coverageSchema":"1a1c01bbd47fc00a2c39e90264f33305004495a9","hash":"1e449f42ca1ec38bbb6fae1dbddb1b15fcd0b8d9"}
,"/Users/ryanriegel/Documents/hrwork/projectCatwalk/client/components/Q&A/QA_search.jsx": {"path":"/Users/ryanriegel/Documents/hrwork/projectCatwalk/client/components/Q&A/QA_search.jsx","statementMap":{"0":{"start":{"line":7,"column":4},"end":{"line":7,"column":17}},"1":{"start":{"line":8,"column":4},"end":{"line":10,"column":5}},"2":{"start":{"line":11,"column":4},"end":{"line":11,"column":45}},"3":{"start":{"line":12,"column":4},"end":{"line":12,"column":45}},"4":{"start":{"line":16,"column":4},"end":{"line":18,"column":6}},"5":{"start":{"line":20,"column":4},"end":{"line":24,"column":5}},"6":{"start":{"line":21,"column":6},"end":{"line":21,"column":21}},"7":{"start":{"line":22,"column":11},"end":{"line":24,"column":5}},"8":{"start":{"line":23,"column":6},"end":{"line":23,"column":21}},"9":{"start":{"line":28,"column":4},"end":{"line":28,"column":42}},"10":{"start":{"line":32,"column":4},"end":{"line":38,"column":5}}},"fnMap":{"0":{"name":"(anonymous_0)","decl":{"start":{"line":6,"column":2},"end":{"line":6,"column":3}},"loc":{"start":{"line":6,"column":21},"end":{"line":13,"column":3}},"line":6},"1":{"name":"(anonymous_1)","decl":{"start":{"line":15,"column":2},"end":{"line":15,"column":3}},"loc":{"start":{"line":15,"column":14},"end":{"line":25,"column":3}},"line":15},"2":{"name":"(anonymous_2)","decl":{"start":{"line":27,"column":2},"end":{"line":27,"column":3}},"loc":{"start":{"line":27,"column":13},"end":{"line":29,"column":3}},"line":27},"3":{"name":"(anonymous_3)","decl":{"start":{"line":31,"column":2},"end":{"line":31,"column":3}},"loc":{"start":{"line":31,"column":11},"end":{"line":39,"column":3}},"line":31}},"branchMap":{"0":{"loc":{"start":{"line":20,"column":4},"end":{"line":24,"column":5}},"type":"if","locations":[{"start":{"line":20,"column":4},"end":{"line":24,"column":5}},{"start":{"line":20,"column":4},"end":{"line":24,"column":5}}],"line":20},"1":{"loc":{"start":{"line":22,"column":11},"end":{"line":24,"column":5}},"type":"if","locations":[{"start":{"line":22,"column":11},"end":{"line":24,"column":5}},{"start":{"line":22,"column":11},"end":{"line":24,"column":5}}],"line":22}},"s":{"0":0,"1":0,"2":0,"3":0,"4":0,"5":0,"6":0,"7":0,"8":0,"9":0,"10":0},"f":{"0":0,"1":0,"2":0,"3":0},"b":{"0":[0,0],"1":[0,0]},"_coverageSchema":"1a1c01bbd47fc00a2c39e90264f33305004495a9","hash":"8d148e56257fe2111d5bbbe1a104ddc458501620"}
,"/Users/ryanriegel/Documents/hrwork/projectCatwalk/client/components/Q&A/QandA_app.jsx": {"path":"/Users/ryanriegel/Documents/hrwork/projectCatwalk/client/components/Q&A/QandA_app.jsx","statementMap":{"0":{"start":{"line":10,"column":4},"end":{"line":10,"column":17}},"1":{"start":{"line":11,"column":4},"end":{"line":17,"column":5}},"2":{"start":{"line":18,"column":4},"end":{"line":18,"column":45}},"3":{"start":{"line":19,"column":4},"end":{"line":19,"column":47}},"4":{"start":{"line":20,"column":4},"end":{"line":20,"column":45}},"5":{"start":{"line":21,"column":4},"end":{"line":21,"column":45}},"6":{"start":{"line":25,"column":20},"end":{"line":25,"column":45}},"7":{"start":{"line":26,"column":4},"end":{"line":37,"column":6}},"8":{"start":{"line":28,"column":6},"end":{"line":30,"column":8}},"9":{"start":{"line":33,"column":6},"end":{"line":33,"column":22}},"10":{"start":{"line":36,"column":6},"end":{"line":36,"column":24}},"11":{"start":{"line":41,"column":15},"end":{"line":41,"column":35}},"12":{"start":{"line":42,"column":16},"end":{"line":42,"column":31}},"13":{"start":{"line":43,"column":4},"end":{"line":45,"column":6}},"14":{"start":{"line":49,"column":4},"end":{"line":51,"column":7}},"15":{"start":{"line":55,"column":4},"end":{"line":57,"column":6}},"16":{"start":{"line":58,"column":18},"end":{"line":58,"column":48}},"17":{"start":{"line":59,"column":4},"end":{"line":59,"column":38}},"18":{"start":{"line":63,"column":4},"end":{"line":77,"column":5}},"19":{"start":{"line":64,"column":6},"end":{"line":64,"column":22}},"20":{"start":{"line":66,"column":22},"end":{"line":66,"column":42}},"21":{"start":{"line":67,"column":22},"end":{"line":67,"column":24}},"22":{"start":{"line":68,"column":6},"end":{"line":73,"column":7}},"23":{"start":{"line":68,"column":19},"end":{"line":68,"column":20}},"24":{"start":{"line":69,"column":23},"end":{"line":69,"column":49}},"25":{"start":{"line":70,"column":8},"end":{"line":72,"column":9}},"26":{"start":{"line":71,"column":10},"end":{"line":71,"column":39}},"27":{"start":{"line":74,"column":6},"end":{"line":76,"column":8}},"28":{"start":{"line":84,"column":4},"end":{"line":92,"column":5}},"29":{"start":{"line":89,"column":110},"end":{"line":89,"column":127}}},"fnMap":{"0":{"name":"(anonymous_0)","decl":{"start":{"line":9,"column":2},"end":{"line":9,"column":3}},"loc":{"start":{"line":9,"column":21},"end":{"line":22,"column":3}},"line":9},"1":{"name":"(anonymous_1)","decl":{"start":{"line":24,"column":2},"end":{"line":24,"column":3}},"loc":{"start":{"line":24,"column":22},"end":{"line":38,"column":3}},"line":24},"2":{"name":"(anonymous_2)","decl":{"start":{"line":27,"column":10},"end":{"line":27,"column":11}},"loc":{"start":{"line":27,"column":24},"end":{"line":31,"column":5}},"line":27},"3":{"name":"(anonymous_3)","decl":{"start":{"line":32,"column":10},"end":{"line":32,"column":11}},"loc":{"start":{"line":32,"column":16},"end":{"line":34,"column":5}},"line":32},"4":{"name":"(anonymous_4)","decl":{"start":{"line":35,"column":11},"end":{"line":35,"column":12}},"loc":{"start":{"line":35,"column":22},"end":{"line":37,"column":5}},"line":35},"5":{"name":"(anonymous_5)","decl":{"start":{"line":40,"column":2},"end":{"line":40,"column":3}},"loc":{"start":{"line":40,"column":13},"end":{"line":46,"column":3}},"line":40},"6":{"name":"(anonymous_6)","decl":{"start":{"line":48,"column":2},"end":{"line":48,"column":3}},"loc":{"start":{"line":48,"column":15},"end":{"line":52,"column":3}},"line":48},"7":{"name":"(anonymous_7)","decl":{"start":{"line":54,"column":2},"end":{"line":54,"column":3}},"loc":{"start":{"line":54,"column":14},"end":{"line":60,"column":3}},"line":54},"8":{"name":"(anonymous_8)","decl":{"start":{"line":62,"column":2},"end":{"line":62,"column":3}},"loc":{"start":{"line":62,"column":17},"end":{"line":79,"column":3}},"line":62},"9":{"name":"(anonymous_9)","decl":{"start":{"line":83,"column":2},"end":{"line":83,"column":3}},"loc":{"start":{"line":83,"column":11},"end":{"line":93,"column":3}},"line":83},"10":{"name":"(anonymous_10)","decl":{"start":{"line":89,"column":103},"end":{"line":89,"column":104}},"loc":{"start":{"line":89,"column":108},"end":{"line":89,"column":129}},"line":89}},"branchMap":{"0":{"loc":{"start":{"line":63,"column":4},"end":{"line":77,"column":5}},"type":"if","locations":[{"start":{"line":63,"column":4},"end":{"line":77,"column":5}},{"start":{"line":63,"column":4},"end":{"line":77,"column":5}}],"line":63},"1":{"loc":{"start":{"line":70,"column":8},"end":{"line":72,"column":9}},"type":"if","locations":[{"start":{"line":70,"column":8},"end":{"line":72,"column":9}},{"start":{"line":70,"column":8},"end":{"line":72,"column":9}}],"line":70}},"s":{"0":1,"1":1,"2":1,"3":1,"4":1,"5":1,"6":1,"7":1,"8":0,"9":0,"10":0,"11":0,"12":0,"13":0,"14":0,"15":0,"16":0,"17":0,"18":0,"19":0,"20":0,"21":0,"22":0,"23":0,"24":0,"25":0,"26":0,"27":0,"28":1,"29":0},"f":{"0":1,"1":1,"2":0,"3":0,"4":0,"5":0,"6":0,"7":0,"8":0,"9":1,"10":0},"b":{"0":[0,0],"1":[0,0]},"_coverageSchema":"1a1c01bbd47fc00a2c39e90264f33305004495a9","hash":"3dc66c87810ca4db460f1c46c7bd4094c8e0dc46"}
,"/Users/ryanriegel/Documents/hrwork/projectCatwalk/client/components/ReviewsAndRatings/ReviewTile.jsx": {"path":"/Users/ryanriegel/Documents/hrwork/projectCatwalk/client/components/ReviewsAndRatings/ReviewTile.jsx","statementMap":{"0":{"start":{"line":8,"column":4},"end":{"line":8,"column":17}},"1":{"start":{"line":9,"column":4},"end":{"line":14,"column":6}},"2":{"start":{"line":15,"column":4},"end":{"line":15,"column":53}},"3":{"start":{"line":20,"column":4},"end":{"line":28,"column":5}},"4":{"start":{"line":21,"column":6},"end":{"line":23,"column":9}},"5":{"start":{"line":25,"column":6},"end":{"line":27,"column":9}},"6":{"start":{"line":31,"column":4},"end":{"line":33,"column":5}},"7":{"start":{"line":32,"column":6},"end":{"line":32,"column":84}},"8":{"start":{"line":39,"column":4},"end":{"line":39,"column":27}},"9":{"start":{"line":40,"column":4},"end":{"line":45,"column":5}},"10":{"start":{"line":41,"column":6},"end":{"line":44,"column":8}},"11":{"start":{"line":51,"column":4},"end":{"line":66,"column":5}}},"fnMap":{"0":{"name":"(anonymous_0)","decl":{"start":{"line":7,"column":2},"end":{"line":7,"column":3}},"loc":{"start":{"line":7,"column":21},"end":{"line":16,"column":3}},"line":7},"1":{"name":"(anonymous_1)","decl":{"start":{"line":18,"column":2},"end":{"line":18,"column":3}},"loc":{"start":{"line":18,"column":22},"end":{"line":35,"column":3}},"line":18},"2":{"name":"(anonymous_2)","decl":{"start":{"line":38,"column":2},"end":{"line":38,"column":3}},"loc":{"start":{"line":38,"column":22},"end":{"line":46,"column":3}},"line":38},"3":{"name":"(anonymous_3)","decl":{"start":{"line":48,"column":2},"end":{"line":48,"column":3}},"loc":{"start":{"line":48,"column":11},"end":{"line":67,"column":3}},"line":48}},"branchMap":{"0":{"loc":{"start":{"line":20,"column":4},"end":{"line":28,"column":5}},"type":"if","locations":[{"start":{"line":20,"column":4},"end":{"line":28,"column":5}},{"start":{"line":20,"column":4},"end":{"line":28,"column":5}}],"line":20},"1":{"loc":{"start":{"line":31,"column":4},"end":{"line":33,"column":5}},"type":"if","locations":[{"start":{"line":31,"column":4},"end":{"line":33,"column":5}},{"start":{"line":31,"column":4},"end":{"line":33,"column":5}}],"line":31},"2":{"loc":{"start":{"line":40,"column":4},"end":{"line":45,"column":5}},"type":"if","locations":[{"start":{"line":40,"column":4},"end":{"line":45,"column":5}},{"start":{"line":40,"column":4},"end":{"line":45,"column":5}}],"line":40},"3":{"loc":{"start":{"line":58,"column":9},"end":{"line":58,"column":94}},"type":"cond-expr","locations":[{"start":{"line":58,"column":38},"end":{"line":58,"column":87}},{"start":{"line":58,"column":90},"end":{"line":58,"column":94}}],"line":58}},"s":{"0":0,"1":0,"2":0,"3":0,"4":0,"5":0,"6":0,"7":0,"8":0,"9":0,"10":0,"11":0},"f":{"0":0,"1":0,"2":0,"3":0},"b":{"0":[0,0],"1":[0,0],"2":[0,0],"3":[0,0]},"_coverageSchema":"1a1c01bbd47fc00a2c39e90264f33305004495a9","hash":"2cd8c3356efd0ae511073842a6239fc90495088a"}
,"/Users/ryanriegel/Documents/hrwork/projectCatwalk/client/components/ReviewsAndRatings/ReviewsAndRatings.jsx": {"path":"/Users/ryanriegel/Documents/hrwork/projectCatwalk/client/components/ReviewsAndRatings/ReviewsAndRatings.jsx","statementMap":{"0":{"start":{"line":10,"column":4},"end":{"line":10,"column":17}},"1":{"start":{"line":11,"column":4},"end":{"line":13,"column":6}},"2":{"start":{"line":18,"column":4},"end":{"line":22,"column":6}}},"fnMap":{"0":{"name":"(anonymous_0)","decl":{"start":{"line":9,"column":2},"end":{"line":9,"column":3}},"loc":{"start":{"line":9,"column":21},"end":{"line":14,"column":3}},"line":9},"1":{"name":"(anonymous_1)","decl":{"start":{"line":16,"column":2},"end":{"line":16,"column":3}},"loc":{"start":{"line":16,"column":11},"end":{"line":23,"column":3}},"line":16}},"branchMap":{},"s":{"0":1,"1":1,"2":1},"f":{"0":1,"1":1},"b":{},"_coverageSchema":"1a1c01bbd47fc00a2c39e90264f33305004495a9","hash":"0f9e5ee4cb84e388fcd672987e0e0256069de9f0"}
,"/Users/ryanriegel/Documents/hrwork/projectCatwalk/client/components/ReviewsAndRatings/ReviewsList.jsx": {"path":"/Users/ryanriegel/Documents/hrwork/projectCatwalk/client/components/ReviewsAndRatings/ReviewsList.jsx","statementMap":{"0":{"start":{"line":10,"column":4},"end":{"line":10,"column":17}},"1":{"start":{"line":11,"column":4},"end":{"line":20,"column":6}},"2":{"start":{"line":21,"column":4},"end":{"line":21,"column":67}},"3":{"start":{"line":22,"column":4},"end":{"line":22,"column":61}},"4":{"start":{"line":23,"column":4},"end":{"line":23,"column":51}},"5":{"start":{"line":28,"column":15},"end":{"line":28,"column":74}},"6":{"start":{"line":29,"column":4},"end":{"line":31,"column":7}},"7":{"start":{"line":36,"column":4},"end":{"line":36,"column":24}},"8":{"start":{"line":41,"column":4},"end":{"line":41,"column":27}},"9":{"start":{"line":42,"column":4},"end":{"line":45,"column":6}},"10":{"start":{"line":50,"column":4},"end":{"line":52,"column":7}},"11":{"start":{"line":57,"column":4},"end":{"line":83,"column":6}},"12":{"start":{"line":70,"column":10},"end":{"line":72,"column":11}}},"fnMap":{"0":{"name":"(anonymous_0)","decl":{"start":{"line":9,"column":2},"end":{"line":9,"column":3}},"loc":{"start":{"line":9,"column":21},"end":{"line":24,"column":3}},"line":9},"1":{"name":"(anonymous_1)","decl":{"start":{"line":26,"column":2},"end":{"line":26,"column":3}},"loc":{"start":{"line":26,"column":22},"end":{"line":32,"column":3}},"line":26},"2":{"name":"(anonymous_2)","decl":{"start":{"line":35,"column":2},"end":{"line":35,"column":3}},"loc":{"start":{"line":35,"column":21},"end":{"line":37,"column":3}},"line":35},"3":{"name":"(anonymous_3)","decl":{"start":{"line":40,"column":2},"end":{"line":40,"column":3}},"loc":{"start":{"line":40,"column":21},"end":{"line":46,"column":3}},"line":40},"4":{"name":"(anonymous_4)","decl":{"start":{"line":49,"column":2},"end":{"line":49,"column":3}},"loc":{"start":{"line":49,"column":25},"end":{"line":53,"column":3}},"line":49},"5":{"name":"(anonymous_5)","decl":{"start":{"line":55,"column":2},"end":{"line":55,"column":3}},"loc":{"start":{"line":55,"column":11},"end":{"line":84,"column":3}},"line":55},"6":{"name":"(anonymous_6)","decl":{"start":{"line":69,"column":36},"end":{"line":69,"column":37}},"loc":{"start":{"line":69,"column":53},"end":{"line":73,"column":9}},"line":69}},"branchMap":{},"s":{"0":0,"1":0,"2":0,"3":0,"4":0,"5":0,"6":0,"7":0,"8":0,"9":0,"10":0,"11":0,"12":0},"f":{"0":0,"1":0,"2":0,"3":0,"4":0,"5":0,"6":0},"b":{},"_coverageSchema":"1a1c01bbd47fc00a2c39e90264f33305004495a9","hash":"fc16997c7c8de8b809777d1f6e81baaa0326fbc3"}
,"/Users/ryanriegel/Documents/hrwork/projectCatwalk/client/components/ReviewsAndRatings/SortingOptions.jsx": {"path":"/Users/ryanriegel/Documents/hrwork/projectCatwalk/client/components/ReviewsAndRatings/SortingOptions.jsx","statementMap":{"0":{"start":{"line":3,"column":23},"end":{"line":14,"column":1}},"1":{"start":{"line":4,"column":2},"end":{"line":13,"column":3}}},"fnMap":{"0":{"name":"(anonymous_0)","decl":{"start":{"line":3,"column":23},"end":{"line":3,"column":24}},"loc":{"start":{"line":3,"column":34},"end":{"line":14,"column":1}},"line":3}},"branchMap":{},"s":{"0":1,"1":0},"f":{"0":0},"b":{},"_coverageSchema":"1a1c01bbd47fc00a2c39e90264f33305004495a9","hash":"b8a2fdaf65eb73fd55db4f30d1b4e15c467185d0"}
,"/Users/ryanriegel/Documents/hrwork/projectCatwalk/client/components/ReviewsAndRatings/StarRating.jsx": {"path":"/Users/ryanriegel/Documents/hrwork/projectCatwalk/client/components/ReviewsAndRatings/StarRating.jsx","statementMap":{"0":{"start":{"line":6,"column":19},"end":{"line":20,"column":1}},"1":{"start":{"line":8,"column":17},"end":{"line":8,"column":33}},"2":{"start":{"line":10,"column":16},"end":{"line":16,"column":3}},"3":{"start":{"line":17,"column":2},"end":{"line":19,"column":3}}},"fnMap":{"0":{"name":"(anonymous_0)","decl":{"start":{"line":6,"column":19},"end":{"line":6,"column":20}},"loc":{"start":{"line":6,"column":30},"end":{"line":20,"column":1}},"line":6}},"branchMap":{},"s":{"0":1,"1":0,"2":0,"3":0},"f":{"0":0},"b":{},"_coverageSchema":"1a1c01bbd47fc00a2c39e90264f33305004495a9","hash":"9c0043755fb4bef6bc04c67a2117161749452d21"}
,"/Users/ryanriegel/Documents/hrwork/projectCatwalk/client/components/ReviewsAndRatings/dummyReviewData.js": {"path":"/Users/ryanriegel/Documents/hrwork/projectCatwalk/client/components/ReviewsAndRatings/dummyReviewData.js","statementMap":{"0":{"start":{"line":1,"column":24},"end":{"line":42,"column":1}}},"fnMap":{},"branchMap":{},"s":{"0":1},"f":{},"b":{},"_coverageSchema":"1a1c01bbd47fc00a2c39e90264f33305004495a9","hash":"faa2e2d28414ed449272e1f70cd9f03f08a4bcd6"}
}
