{"/Users/tishvo/work/projectCatwalk/client/components/Overview/AddToCart.jsx": {"path":"/Users/tishvo/work/projectCatwalk/client/components/Overview/AddToCart.jsx","statementMap":{"0":{"start":{"line":5,"column":4},"end":{"line":5,"column":16}},"1":{"start":{"line":7,"column":4},"end":{"line":9,"column":5}},"2":{"start":{"line":16,"column":4},"end":{"line":27,"column":5}},"3":{"start":{"line":18,"column":4},"end":{"line":24,"column":13}},"4":{"start":{"line":26,"column":6},"end":{"line":26,"column":18}}},"fnMap":{"0":{"name":"(anonymous_0)","decl":{"start":{"line":4,"column":2},"end":{"line":4,"column":3}},"loc":{"start":{"line":4,"column":21},"end":{"line":10,"column":3}},"line":4},"1":{"name":"(anonymous_1)","decl":{"start":{"line":14,"column":2},"end":{"line":14,"column":3}},"loc":{"start":{"line":14,"column":12},"end":{"line":28,"column":3}},"line":14}},"branchMap":{"0":{"loc":{"start":{"line":16,"column":4},"end":{"line":27,"column":5}},"type":"if","locations":[{"start":{"line":16,"column":4},"end":{"line":27,"column":5}},{"start":{"line":16,"column":4},"end":{"line":27,"column":5}}],"line":16}},"s":{"0":0,"1":0,"2":0,"3":0,"4":0},"f":{"0":0,"1":0},"b":{"0":[0,0]},"_coverageSchema":"1a1c01bbd47fc00a2c39e90264f33305004495a9","hash":"7e882e181782627aa9e89c9daf3d16a78730605f"}
,"/Users/tishvo/work/projectCatwalk/client/components/Overview/ImageGallery.jsx": {"path":"/Users/tishvo/work/projectCatwalk/client/components/Overview/ImageGallery.jsx","statementMap":{"0":{"start":{"line":6,"column":4},"end":{"line":6,"column":17}},"1":{"start":{"line":8,"column":4},"end":{"line":12,"column":5}},"2":{"start":{"line":19,"column":4},"end":{"line":38,"column":5}},"3":{"start":{"line":20,"column":6},"end":{"line":37,"column":13}},"4":{"start":{"line":32,"column":12},"end":{"line":32,"column":52}},"5":{"start":{"line":39,"column":4},"end":{"line":56,"column":5}},"6":{"start":{"line":40,"column":6},"end":{"line":55,"column":13}},"7":{"start":{"line":48,"column":12},"end":{"line":48,"column":52}},"8":{"start":{"line":57,"column":4},"end":{"line":77,"column":13}},"9":{"start":{"line":66,"column":12},"end":{"line":66,"column":52}},"10":{"start":{"line":74,"column":12},"end":{"line":74,"column":52}}},"fnMap":{"0":{"name":"(anonymous_0)","decl":{"start":{"line":5,"column":2},"end":{"line":5,"column":3}},"loc":{"start":{"line":5,"column":21},"end":{"line":15,"column":3}},"line":5},"1":{"name":"(anonymous_1)","decl":{"start":{"line":17,"column":2},"end":{"line":17,"column":3}},"loc":{"start":{"line":17,"column":11},"end":{"line":79,"column":3}},"line":17},"2":{"name":"(anonymous_2)","decl":{"start":{"line":31,"column":19},"end":{"line":31,"column":20}},"loc":{"start":{"line":32,"column":12},"end":{"line":32,"column":52}},"line":32},"3":{"name":"(anonymous_3)","decl":{"start":{"line":47,"column":19},"end":{"line":47,"column":20}},"loc":{"start":{"line":48,"column":12},"end":{"line":48,"column":52}},"line":48},"4":{"name":"(anonymous_4)","decl":{"start":{"line":65,"column":19},"end":{"line":65,"column":20}},"loc":{"start":{"line":66,"column":12},"end":{"line":66,"column":52}},"line":66},"5":{"name":"(anonymous_5)","decl":{"start":{"line":73,"column":19},"end":{"line":73,"column":20}},"loc":{"start":{"line":74,"column":12},"end":{"line":74,"column":52}},"line":74}},"branchMap":{"0":{"loc":{"start":{"line":19,"column":4},"end":{"line":38,"column":5}},"type":"if","locations":[{"start":{"line":19,"column":4},"end":{"line":38,"column":5}},{"start":{"line":19,"column":4},"end":{"line":38,"column":5}}],"line":19},"1":{"loc":{"start":{"line":39,"column":4},"end":{"line":56,"column":5}},"type":"if","locations":[{"start":{"line":39,"column":4},"end":{"line":56,"column":5}},{"start":{"line":39,"column":4},"end":{"line":56,"column":5}}],"line":39}},"s":{"0":0,"1":0,"2":0,"3":0,"4":0,"5":0,"6":0,"7":0,"8":0,"9":0,"10":0},"f":{"0":0,"1":0,"2":0,"3":0,"4":0,"5":0},"b":{"0":[0,0],"1":[0,0]},"_coverageSchema":"1a1c01bbd47fc00a2c39e90264f33305004495a9","hash":"f47638b278f7dde801cdb85b7a467afe45ed7cc7"}
,"/Users/tishvo/work/projectCatwalk/client/components/Overview/Overview.jsx": {"path":"/Users/tishvo/work/projectCatwalk/client/components/Overview/Overview.jsx","statementMap":{"0":{"start":{"line":15,"column":4},"end":{"line":15,"column":17}},"1":{"start":{"line":17,"column":4},"end":{"line":32,"column":5}},"2":{"start":{"line":34,"column":4},"end":{"line":34,"column":65}},"3":{"start":{"line":35,"column":4},"end":{"line":35,"column":47}},"4":{"start":{"line":36,"column":4},"end":{"line":36,"column":47}},"5":{"start":{"line":37,"column":4},"end":{"line":37,"column":41}},"6":{"start":{"line":43,"column":17},"end":{"line":43,"column":45}},"7":{"start":{"line":46,"column":4},"end":{"line":68,"column":8}},"8":{"start":{"line":48,"column":8},"end":{"line":48,"column":71}},"9":{"start":{"line":52,"column":8},"end":{"line":64,"column":10}},"10":{"start":{"line":67,"column":8},"end":{"line":67,"column":73}},"11":{"start":{"line":72,"column":4},"end":{"line":102,"column":5}},"12":{"start":{"line":73,"column":6},"end":{"line":73,"column":30}},"13":{"start":{"line":74,"column":6},"end":{"line":101,"column":10}},"14":{"start":{"line":76,"column":10},"end":{"line":76,"column":65}},"15":{"start":{"line":78,"column":24},"end":{"line":78,"column":45}},"16":{"start":{"line":79,"column":23},"end":{"line":79,"column":24}},"17":{"start":{"line":80,"column":26},"end":{"line":80,"column":27}},"18":{"start":{"line":81,"column":10},"end":{"line":81,"column":42}},"19":{"start":{"line":82,"column":10},"end":{"line":82,"column":57}},"20":{"start":{"line":83,"column":10},"end":{"line":87,"column":11}},"21":{"start":{"line":84,"column":12},"end":{"line":84,"column":34}},"22":{"start":{"line":85,"column":12},"end":{"line":85,"column":65}},"23":{"start":{"line":86,"column":12},"end":{"line":86,"column":57}},"24":{"start":{"line":88,"column":10},"end":{"line":88,"column":42}},"25":{"start":{"line":89,"column":10},"end":{"line":89,"column":48}},"26":{"start":{"line":90,"column":27},"end":{"line":90,"column":45}},"27":{"start":{"line":92,"column":10},"end":{"line":94,"column":12}},"28":{"start":{"line":95,"column":10},"end":{"line":95,"column":39}},"29":{"start":{"line":96,"column":10},"end":{"line":96,"column":79}},"30":{"start":{"line":100,"column":10},"end":{"line":100,"column":65}},"31":{"start":{"line":104,"column":4},"end":{"line":109,"column":5}},"32":{"start":{"line":105,"column":6},"end":{"line":107,"column":8}},"33":{"start":{"line":116,"column":17},"end":{"line":116,"column":39}},"34":{"start":{"line":118,"column":4},"end":{"line":126,"column":6}},"35":{"start":{"line":130,"column":4},"end":{"line":133,"column":6}},"36":{"start":{"line":137,"column":4},"end":{"line":140,"column":6}},"37":{"start":{"line":144,"column":4},"end":{"line":144,"column":29}},"38":{"start":{"line":145,"column":4},"end":{"line":145,"column":42}},"39":{"start":{"line":147,"column":4},"end":{"line":161,"column":5}},"40":{"start":{"line":149,"column":6},"end":{"line":153,"column":8}},"41":{"start":{"line":156,"column":6},"end":{"line":160,"column":8}},"42":{"start":{"line":166,"column":4},"end":{"line":245,"column":5}},"43":{"start":{"line":167,"column":6},"end":{"line":242,"column":7}},"44":{"start":{"line":170,"column":8},"end":{"line":218,"column":17}},"45":{"start":{"line":221,"column":8},"end":{"line":240,"column":17}},"46":{"start":{"line":244,"column":6},"end":{"line":244,"column":18}}},"fnMap":{"0":{"name":"(anonymous_0)","decl":{"start":{"line":14,"column":2},"end":{"line":14,"column":3}},"loc":{"start":{"line":14,"column":21},"end":{"line":38,"column":3}},"line":14},"1":{"name":"(anonymous_1)","decl":{"start":{"line":40,"column":2},"end":{"line":40,"column":3}},"loc":{"start":{"line":40,"column":22},"end":{"line":69,"column":3}},"line":40},"2":{"name":"(anonymous_2)","decl":{"start":{"line":47,"column":12},"end":{"line":47,"column":13}},"loc":{"start":{"line":47,"column":26},"end":{"line":65,"column":7}},"line":47},"3":{"name":"(anonymous_3)","decl":{"start":{"line":66,"column":13},"end":{"line":66,"column":14}},"loc":{"start":{"line":66,"column":24},"end":{"line":68,"column":7}},"line":66},"4":{"name":"(anonymous_4)","decl":{"start":{"line":71,"column":2},"end":{"line":71,"column":3}},"loc":{"start":{"line":71,"column":32},"end":{"line":112,"column":3}},"line":71},"5":{"name":"(anonymous_5)","decl":{"start":{"line":75,"column":14},"end":{"line":75,"column":15}},"loc":{"start":{"line":75,"column":28},"end":{"line":97,"column":9}},"line":75},"6":{"name":"(anonymous_6)","decl":{"start":{"line":99,"column":15},"end":{"line":99,"column":16}},"loc":{"start":{"line":99,"column":26},"end":{"line":101,"column":9}},"line":99},"7":{"name":"(anonymous_7)","decl":{"start":{"line":114,"column":2},"end":{"line":114,"column":3}},"loc":{"start":{"line":114,"column":28},"end":{"line":127,"column":3}},"line":114},"8":{"name":"(anonymous_8)","decl":{"start":{"line":129,"column":2},"end":{"line":129,"column":3}},"loc":{"start":{"line":129,"column":19},"end":{"line":134,"column":3}},"line":129},"9":{"name":"(anonymous_9)","decl":{"start":{"line":136,"column":2},"end":{"line":136,"column":3}},"loc":{"start":{"line":136,"column":19},"end":{"line":141,"column":3}},"line":136},"10":{"name":"(anonymous_10)","decl":{"start":{"line":143,"column":2},"end":{"line":143,"column":3}},"loc":{"start":{"line":143,"column":11},"end":{"line":162,"column":3}},"line":143},"11":{"name":"(anonymous_11)","decl":{"start":{"line":164,"column":2},"end":{"line":164,"column":3}},"loc":{"start":{"line":164,"column":11},"end":{"line":246,"column":3}},"line":164}},"branchMap":{"0":{"loc":{"start":{"line":72,"column":4},"end":{"line":102,"column":5}},"type":"if","locations":[{"start":{"line":72,"column":4},"end":{"line":102,"column":5}},{"start":{"line":72,"column":4},"end":{"line":102,"column":5}}],"line":72},"1":{"loc":{"start":{"line":104,"column":4},"end":{"line":109,"column":5}},"type":"if","locations":[{"start":{"line":104,"column":4},"end":{"line":109,"column":5}},{"start":{"line":104,"column":4},"end":{"line":109,"column":5}}],"line":104},"2":{"loc":{"start":{"line":147,"column":4},"end":{"line":161,"column":5}},"type":"if","locations":[{"start":{"line":147,"column":4},"end":{"line":161,"column":5}},{"start":{"line":147,"column":4},"end":{"line":161,"column":5}}],"line":147},"3":{"loc":{"start":{"line":166,"column":4},"end":{"line":245,"column":5}},"type":"if","locations":[{"start":{"line":166,"column":4},"end":{"line":245,"column":5}},{"start":{"line":166,"column":4},"end":{"line":245,"column":5}}],"line":166},"4":{"loc":{"start":{"line":167,"column":6},"end":{"line":242,"column":7}},"type":"if","locations":[{"start":{"line":167,"column":6},"end":{"line":242,"column":7}},{"start":{"line":167,"column":6},"end":{"line":242,"column":7}}],"line":167}},"s":{"0":1,"1":1,"2":1,"3":1,"4":1,"5":1,"6":1,"7":1,"8":0,"9":0,"10":0,"11":0,"12":0,"13":0,"14":0,"15":0,"16":0,"17":0,"18":0,"19":0,"20":0,"21":0,"22":0,"23":0,"24":0,"25":0,"26":0,"27":0,"28":0,"29":0,"30":0,"31":0,"32":0,"33":0,"34":0,"35":0,"36":0,"37":0,"38":0,"39":0,"40":0,"41":0,"42":1,"43":0,"44":0,"45":0,"46":1},"f":{"0":1,"1":1,"2":0,"3":0,"4":0,"5":0,"6":0,"7":0,"8":0,"9":0,"10":0,"11":1},"b":{"0":[0,0],"1":[0,0],"2":[0,0],"3":[0,1],"4":[0,0]},"_coverageSchema":"1a1c01bbd47fc00a2c39e90264f33305004495a9","hash":"16388ad8404d96af6534c2e41ae07d16bdb12c7b"}
,"/Users/tishvo/work/projectCatwalk/client/components/Overview/ProductInfoDescription.jsx": {"path":"/Users/tishvo/work/projectCatwalk/client/components/Overview/ProductInfoDescription.jsx","statementMap":{"0":{"start":{"line":5,"column":4},"end":{"line":5,"column":16}},"1":{"start":{"line":9,"column":4},"end":{"line":9,"column":48}}},"fnMap":{"0":{"name":"(anonymous_0)","decl":{"start":{"line":4,"column":2},"end":{"line":4,"column":3}},"loc":{"start":{"line":4,"column":21},"end":{"line":6,"column":3}},"line":4},"1":{"name":"(anonymous_1)","decl":{"start":{"line":8,"column":2},"end":{"line":8,"column":3}},"loc":{"start":{"line":8,"column":12},"end":{"line":10,"column":3}},"line":8}},"branchMap":{},"s":{"0":0,"1":0},"f":{"0":0,"1":0},"b":{},"_coverageSchema":"1a1c01bbd47fc00a2c39e90264f33305004495a9","hash":"cc301652c1d415007214ca8b05e47c230d1402c6"}
,"/Users/tishvo/work/projectCatwalk/client/components/Overview/ProductInfoHead.jsx": {"path":"/Users/tishvo/work/projectCatwalk/client/components/Overview/ProductInfoHead.jsx","statementMap":{"0":{"start":{"line":5,"column":4},"end":{"line":5,"column":16}},"1":{"start":{"line":6,"column":4},"end":{"line":9,"column":5}},"2":{"start":{"line":14,"column":4},"end":{"line":18,"column":5}},"3":{"start":{"line":15,"column":6},"end":{"line":17,"column":8}},"4":{"start":{"line":39,"column":4},"end":{"line":39,"column":66}},"5":{"start":{"line":42,"column":4},"end":{"line":123,"column":5}},"6":{"start":{"line":43,"column":6},"end":{"line":45,"column":7}},"7":{"start":{"line":47,"column":21},"end":{"line":47,"column":23}},"8":{"start":{"line":48,"column":19},"end":{"line":48,"column":35}},"9":{"start":{"line":49,"column":6},"end":{"line":52,"column":7}},"10":{"start":{"line":49,"column":19},"end":{"line":49,"column":20}},"11":{"start":{"line":50,"column":8},"end":{"line":50,"column":25}},"12":{"start":{"line":51,"column":8},"end":{"line":51,"column":16}},"13":{"start":{"line":53,"column":6},"end":{"line":53,"column":27}},"14":{"start":{"line":55,"column":6},"end":{"line":102,"column":7}},"15":{"start":{"line":57,"column":8},"end":{"line":78,"column":15}},"16":{"start":{"line":61,"column":14},"end":{"line":69,"column":15}},"17":{"start":{"line":62,"column":16},"end":{"line":62,"column":65}},"18":{"start":{"line":63,"column":21},"end":{"line":69,"column":15}},"19":{"start":{"line":64,"column":16},"end":{"line":64,"column":77}},"20":{"start":{"line":65,"column":21},"end":{"line":69,"column":15}},"21":{"start":{"line":66,"column":16},"end":{"line":66,"column":67}},"22":{"start":{"line":67,"column":21},"end":{"line":69,"column":15}},"23":{"start":{"line":68,"column":16},"end":{"line":68,"column":71}},"24":{"start":{"line":81,"column":8},"end":{"line":101,"column":15}},"25":{"start":{"line":85,"column":14},"end":{"line":93,"column":15}},"26":{"start":{"line":86,"column":16},"end":{"line":86,"column":65}},"27":{"start":{"line":87,"column":21},"end":{"line":93,"column":15}},"28":{"start":{"line":88,"column":16},"end":{"line":88,"column":77}},"29":{"start":{"line":89,"column":21},"end":{"line":93,"column":15}},"30":{"start":{"line":90,"column":16},"end":{"line":90,"column":67}},"31":{"start":{"line":91,"column":21},"end":{"line":93,"column":15}},"32":{"start":{"line":92,"column":16},"end":{"line":92,"column":71}},"33":{"start":{"line":104,"column":6},"end":{"line":122,"column":7}},"34":{"start":{"line":106,"column":8},"end":{"line":113,"column":15}},"35":{"start":{"line":115,"column":8},"end":{"line":121,"column":15}}},"fnMap":{"0":{"name":"(anonymous_0)","decl":{"start":{"line":4,"column":2},"end":{"line":4,"column":3}},"loc":{"start":{"line":4,"column":21},"end":{"line":11,"column":3}},"line":4},"1":{"name":"(anonymous_1)","decl":{"start":{"line":13,"column":2},"end":{"line":13,"column":3}},"loc":{"start":{"line":13,"column":32},"end":{"line":23,"column":3}},"line":13},"2":{"name":"(anonymous_2)","decl":{"start":{"line":34,"column":2},"end":{"line":34,"column":3}},"loc":{"start":{"line":34,"column":11},"end":{"line":125,"column":3}},"line":34},"3":{"name":"(anonymous_3)","decl":{"start":{"line":60,"column":26},"end":{"line":60,"column":27}},"loc":{"start":{"line":60,"column":42},"end":{"line":70,"column":13}},"line":60},"4":{"name":"(anonymous_4)","decl":{"start":{"line":84,"column":26},"end":{"line":84,"column":27}},"loc":{"start":{"line":84,"column":42},"end":{"line":94,"column":13}},"line":84}},"branchMap":{"0":{"loc":{"start":{"line":14,"column":4},"end":{"line":18,"column":5}},"type":"if","locations":[{"start":{"line":14,"column":4},"end":{"line":18,"column":5}},{"start":{"line":14,"column":4},"end":{"line":18,"column":5}}],"line":14},"1":{"loc":{"start":{"line":42,"column":4},"end":{"line":123,"column":5}},"type":"if","locations":[{"start":{"line":42,"column":4},"end":{"line":123,"column":5}},{"start":{"line":42,"column":4},"end":{"line":123,"column":5}}],"line":42},"2":{"loc":{"start":{"line":43,"column":6},"end":{"line":45,"column":7}},"type":"if","locations":[{"start":{"line":43,"column":6},"end":{"line":45,"column":7}},{"start":{"line":43,"column":6},"end":{"line":45,"column":7}}],"line":43},"3":{"loc":{"start":{"line":55,"column":6},"end":{"line":102,"column":7}},"type":"if","locations":[{"start":{"line":55,"column":6},"end":{"line":102,"column":7}},{"start":{"line":55,"column":6},"end":{"line":102,"column":7}}],"line":55},"4":{"loc":{"start":{"line":61,"column":14},"end":{"line":69,"column":15}},"type":"if","locations":[{"start":{"line":61,"column":14},"end":{"line":69,"column":15}},{"start":{"line":61,"column":14},"end":{"line":69,"column":15}}],"line":61},"5":{"loc":{"start":{"line":61,"column":18},"end":{"line":61,"column":42}},"type":"binary-expr","locations":[{"start":{"line":61,"column":18},"end":{"line":61,"column":27}},{"start":{"line":61,"column":31},"end":{"line":61,"column":42}}],"line":61},"6":{"loc":{"start":{"line":63,"column":21},"end":{"line":69,"column":15}},"type":"if","locations":[{"start":{"line":63,"column":21},"end":{"line":69,"column":15}},{"start":{"line":63,"column":21},"end":{"line":69,"column":15}}],"line":63},"7":{"loc":{"start":{"line":63,"column":25},"end":{"line":63,"column":52}},"type":"binary-expr","locations":[{"start":{"line":63,"column":25},"end":{"line":63,"column":36}},{"start":{"line":63,"column":40},"end":{"line":63,"column":52}}],"line":63},"8":{"loc":{"start":{"line":65,"column":21},"end":{"line":69,"column":15}},"type":"if","locations":[{"start":{"line":65,"column":21},"end":{"line":69,"column":15}},{"start":{"line":65,"column":21},"end":{"line":69,"column":15}}],"line":65},"9":{"loc":{"start":{"line":65,"column":25},"end":{"line":65,"column":50}},"type":"binary-expr","locations":[{"start":{"line":65,"column":25},"end":{"line":65,"column":35}},{"start":{"line":65,"column":39},"end":{"line":65,"column":50}}],"line":65},"10":{"loc":{"start":{"line":67,"column":21},"end":{"line":69,"column":15}},"type":"if","locations":[{"start":{"line":67,"column":21},"end":{"line":69,"column":15}},{"start":{"line":67,"column":21},"end":{"line":69,"column":15}}],"line":67},"11":{"loc":{"start":{"line":67,"column":25},"end":{"line":67,"column":51}},"type":"binary-expr","locations":[{"start":{"line":67,"column":25},"end":{"line":67,"column":36}},{"start":{"line":67,"column":40},"end":{"line":67,"column":51}}],"line":67},"12":{"loc":{"start":{"line":85,"column":14},"end":{"line":93,"column":15}},"type":"if","locations":[{"start":{"line":85,"column":14},"end":{"line":93,"column":15}},{"start":{"line":85,"column":14},"end":{"line":93,"column":15}}],"line":85},"13":{"loc":{"start":{"line":85,"column":18},"end":{"line":85,"column":42}},"type":"binary-expr","locations":[{"start":{"line":85,"column":18},"end":{"line":85,"column":27}},{"start":{"line":85,"column":31},"end":{"line":85,"column":42}}],"line":85},"14":{"loc":{"start":{"line":87,"column":21},"end":{"line":93,"column":15}},"type":"if","locations":[{"start":{"line":87,"column":21},"end":{"line":93,"column":15}},{"start":{"line":87,"column":21},"end":{"line":93,"column":15}}],"line":87},"15":{"loc":{"start":{"line":87,"column":25},"end":{"line":87,"column":52}},"type":"binary-expr","locations":[{"start":{"line":87,"column":25},"end":{"line":87,"column":36}},{"start":{"line":87,"column":40},"end":{"line":87,"column":52}}],"line":87},"16":{"loc":{"start":{"line":89,"column":21},"end":{"line":93,"column":15}},"type":"if","locations":[{"start":{"line":89,"column":21},"end":{"line":93,"column":15}},{"start":{"line":89,"column":21},"end":{"line":93,"column":15}}],"line":89},"17":{"loc":{"start":{"line":89,"column":25},"end":{"line":89,"column":50}},"type":"binary-expr","locations":[{"start":{"line":89,"column":25},"end":{"line":89,"column":35}},{"start":{"line":89,"column":39},"end":{"line":89,"column":50}}],"line":89},"18":{"loc":{"start":{"line":91,"column":21},"end":{"line":93,"column":15}},"type":"if","locations":[{"start":{"line":91,"column":21},"end":{"line":93,"column":15}},{"start":{"line":91,"column":21},"end":{"line":93,"column":15}}],"line":91},"19":{"loc":{"start":{"line":91,"column":25},"end":{"line":91,"column":51}},"type":"binary-expr","locations":[{"start":{"line":91,"column":25},"end":{"line":91,"column":36}},{"start":{"line":91,"column":40},"end":{"line":91,"column":51}}],"line":91},"20":{"loc":{"start":{"line":104,"column":6},"end":{"line":122,"column":7}},"type":"if","locations":[{"start":{"line":104,"column":6},"end":{"line":122,"column":7}},{"start":{"line":104,"column":6},"end":{"line":122,"column":7}}],"line":104}},"s":{"0":0,"1":0,"2":0,"3":0,"4":0,"5":0,"6":0,"7":0,"8":0,"9":0,"10":0,"11":0,"12":0,"13":0,"14":0,"15":0,"16":0,"17":0,"18":0,"19":0,"20":0,"21":0,"22":0,"23":0,"24":0,"25":0,"26":0,"27":0,"28":0,"29":0,"30":0,"31":0,"32":0,"33":0,"34":0,"35":0},"f":{"0":0,"1":0,"2":0,"3":0,"4":0},"b":{"0":[0,0],"1":[0,0],"2":[0,0],"3":[0,0],"4":[0,0],"5":[0,0],"6":[0,0],"7":[0,0],"8":[0,0],"9":[0,0],"10":[0,0],"11":[0,0],"12":[0,0],"13":[0,0],"14":[0,0],"15":[0,0],"16":[0,0],"17":[0,0],"18":[0,0],"19":[0,0],"20":[0,0]},"_coverageSchema":"1a1c01bbd47fc00a2c39e90264f33305004495a9","hash":"488264a5f81d457e486caf77b7fbef2a9bf46a09"}
,"/Users/tishvo/work/projectCatwalk/client/components/Overview/ProductInfoShare.jsx": {"path":"/Users/tishvo/work/projectCatwalk/client/components/Overview/ProductInfoShare.jsx","statementMap":{"0":{"start":{"line":5,"column":4},"end":{"line":5,"column":16}},"1":{"start":{"line":9,"column":4},"end":{"line":23,"column":11}}},"fnMap":{"0":{"name":"(anonymous_0)","decl":{"start":{"line":4,"column":2},"end":{"line":4,"column":3}},"loc":{"start":{"line":4,"column":21},"end":{"line":6,"column":3}},"line":4},"1":{"name":"(anonymous_1)","decl":{"start":{"line":8,"column":2},"end":{"line":8,"column":3}},"loc":{"start":{"line":8,"column":11},"end":{"line":24,"column":3}},"line":8}},"branchMap":{},"s":{"0":0,"1":0},"f":{"0":0,"1":0},"b":{},"_coverageSchema":"1a1c01bbd47fc00a2c39e90264f33305004495a9","hash":"444c6827705bbe026f2ddef2d97eaa566b95d484"}
,"/Users/tishvo/work/projectCatwalk/client/components/Overview/SizeQuantitySelector.jsx": {"path":"/Users/tishvo/work/projectCatwalk/client/components/Overview/SizeQuantitySelector.jsx","statementMap":{"0":{"start":{"line":5,"column":4},"end":{"line":5,"column":16}},"1":{"start":{"line":7,"column":4},"end":{"line":10,"column":5}},"2":{"start":{"line":19,"column":4},"end":{"line":24,"column":5}},"3":{"start":{"line":20,"column":6},"end":{"line":22,"column":8}},"4":{"start":{"line":29,"column":4},"end":{"line":35,"column":5}},"5":{"start":{"line":30,"column":6},"end":{"line":34,"column":13}},"6":{"start":{"line":36,"column":4},"end":{"line":48,"column":5}},"7":{"start":{"line":39,"column":24},"end":{"line":39,"column":69}},"8":{"start":{"line":42,"column":12},"end":{"line":42,"column":71}}},"fnMap":{"0":{"name":"(anonymous_0)","decl":{"start":{"line":4,"column":2},"end":{"line":4,"column":3}},"loc":{"start":{"line":4,"column":21},"end":{"line":11,"column":3}},"line":4},"1":{"name":"(anonymous_1)","decl":{"start":{"line":18,"column":2},"end":{"line":18,"column":3}},"loc":{"start":{"line":18,"column":32},"end":{"line":25,"column":3}},"line":18},"2":{"name":"(anonymous_2)","decl":{"start":{"line":28,"column":2},"end":{"line":28,"column":3}},"loc":{"start":{"line":28,"column":11},"end":{"line":49,"column":3}},"line":28},"3":{"name":"(anonymous_3)","decl":{"start":{"line":39,"column":18},"end":{"line":39,"column":19}},"loc":{"start":{"line":39,"column":24},"end":{"line":39,"column":69}},"line":39},"4":{"name":"(anonymous_4)","decl":{"start":{"line":41,"column":37},"end":{"line":41,"column":38}},"loc":{"start":{"line":41,"column":56},"end":{"line":43,"column":11}},"line":41}},"branchMap":{"0":{"loc":{"start":{"line":19,"column":4},"end":{"line":24,"column":5}},"type":"if","locations":[{"start":{"line":19,"column":4},"end":{"line":24,"column":5}},{"start":{"line":19,"column":4},"end":{"line":24,"column":5}}],"line":19},"1":{"loc":{"start":{"line":29,"column":4},"end":{"line":35,"column":5}},"type":"if","locations":[{"start":{"line":29,"column":4},"end":{"line":35,"column":5}},{"start":{"line":29,"column":4},"end":{"line":35,"column":5}}],"line":29}},"s":{"0":0,"1":0,"2":0,"3":0,"4":0,"5":0,"6":0,"7":0,"8":0},"f":{"0":0,"1":0,"2":0,"3":0,"4":0},"b":{"0":[0,0],"1":[0,0]},"_coverageSchema":"1a1c01bbd47fc00a2c39e90264f33305004495a9","hash":"9b8cf6bd21e1db4272061afb1d04c4ef84372a9e"}
,"/Users/tishvo/work/projectCatwalk/client/components/Overview/SizeSelector.jsx": {"path":"/Users/tishvo/work/projectCatwalk/client/components/Overview/SizeSelector.jsx","statementMap":{"0":{"start":{"line":7,"column":4},"end":{"line":7,"column":16}},"1":{"start":{"line":9,"column":4},"end":{"line":16,"column":5}},"2":{"start":{"line":17,"column":4},"end":{"line":17,"column":51}},"3":{"start":{"line":18,"column":4},"end":{"line":18,"column":62}},"4":{"start":{"line":19,"column":4},"end":{"line":19,"column":56}},"5":{"start":{"line":20,"column":4},"end":{"line":20,"column":46}},"6":{"start":{"line":26,"column":20},"end":{"line":26,"column":22}},"7":{"start":{"line":27,"column":15},"end":{"line":27,"column":30}},"8":{"start":{"line":28,"column":4},"end":{"line":30,"column":5}},"9":{"start":{"line":29,"column":6},"end":{"line":29,"column":31}},"10":{"start":{"line":32,"column":4},"end":{"line":34,"column":6}},"11":{"start":{"line":40,"column":4},"end":{"line":51,"column":5}},"12":{"start":{"line":50,"column":6},"end":{"line":50,"column":30}},"13":{"start":{"line":57,"column":17},"end":{"line":57,"column":29}},"14":{"start":{"line":58,"column":21},"end":{"line":58,"column":23}},"15":{"start":{"line":59,"column":4},"end":{"line":61,"column":5}},"16":{"start":{"line":59,"column":17},"end":{"line":59,"column":18}},"17":{"start":{"line":60,"column":6},"end":{"line":60,"column":36}},"18":{"start":{"line":62,"column":4},"end":{"line":65,"column":6}},"19":{"start":{"line":70,"column":19},"end":{"line":75,"column":5}},"20":{"start":{"line":76,"column":4},"end":{"line":76,"column":39}},"21":{"start":{"line":77,"column":4},"end":{"line":77,"column":34}},"22":{"start":{"line":78,"column":4},"end":{"line":78,"column":53}},"23":{"start":{"line":85,"column":4},"end":{"line":87,"column":6}},"24":{"start":{"line":97,"column":4},"end":{"line":119,"column":5}},"25":{"start":{"line":98,"column":6},"end":{"line":116,"column":7}},"26":{"start":{"line":101,"column":28},"end":{"line":101,"column":64}},"27":{"start":{"line":104,"column":14},"end":{"line":104,"column":110}},"28":{"start":{"line":118,"column":6},"end":{"line":118,"column":18}}},"fnMap":{"0":{"name":"(anonymous_0)","decl":{"start":{"line":6,"column":2},"end":{"line":6,"column":3}},"loc":{"start":{"line":6,"column":21},"end":{"line":21,"column":3}},"line":6},"1":{"name":"(anonymous_1)","decl":{"start":{"line":23,"column":2},"end":{"line":23,"column":3}},"loc":{"start":{"line":23,"column":22},"end":{"line":35,"column":3}},"line":23},"2":{"name":"(anonymous_2)","decl":{"start":{"line":37,"column":2},"end":{"line":37,"column":3}},"loc":{"start":{"line":37,"column":32},"end":{"line":52,"column":3}},"line":37},"3":{"name":"(anonymous_3)","decl":{"start":{"line":54,"column":2},"end":{"line":54,"column":3}},"loc":{"start":{"line":54,"column":20},"end":{"line":67,"column":3}},"line":54},"4":{"name":"(anonymous_4)","decl":{"start":{"line":69,"column":2},"end":{"line":69,"column":3}},"loc":{"start":{"line":69,"column":14},"end":{"line":81,"column":3}},"line":69},"5":{"name":"(anonymous_5)","decl":{"start":{"line":83,"column":2},"end":{"line":83,"column":3}},"loc":{"start":{"line":83,"column":24},"end":{"line":90,"column":3}},"line":83},"6":{"name":"(anonymous_6)","decl":{"start":{"line":94,"column":2},"end":{"line":94,"column":3}},"loc":{"start":{"line":94,"column":11},"end":{"line":120,"column":3}},"line":94},"7":{"name":"(anonymous_7)","decl":{"start":{"line":101,"column":22},"end":{"line":101,"column":23}},"loc":{"start":{"line":101,"column":28},"end":{"line":101,"column":64}},"line":101},"8":{"name":"(anonymous_8)","decl":{"start":{"line":103,"column":38},"end":{"line":103,"column":39}},"loc":{"start":{"line":103,"column":54},"end":{"line":105,"column":13}},"line":103}},"branchMap":{"0":{"loc":{"start":{"line":40,"column":4},"end":{"line":51,"column":5}},"type":"if","locations":[{"start":{"line":40,"column":4},"end":{"line":51,"column":5}},{"start":{"line":40,"column":4},"end":{"line":51,"column":5}}],"line":40},"1":{"loc":{"start":{"line":59,"column":20},"end":{"line":59,"column":53}},"type":"binary-expr","locations":[{"start":{"line":59,"column":20},"end":{"line":59,"column":42}},{"start":{"line":59,"column":46},"end":{"line":59,"column":53}}],"line":59},"2":{"loc":{"start":{"line":97,"column":4},"end":{"line":119,"column":5}},"type":"if","locations":[{"start":{"line":97,"column":4},"end":{"line":119,"column":5}},{"start":{"line":97,"column":4},"end":{"line":119,"column":5}}],"line":97}},"s":{"0":0,"1":0,"2":0,"3":0,"4":0,"5":0,"6":0,"7":0,"8":0,"9":0,"10":0,"11":0,"12":0,"13":0,"14":0,"15":0,"16":0,"17":0,"18":0,"19":0,"20":0,"21":0,"22":0,"23":0,"24":0,"25":0,"26":0,"27":0,"28":0},"f":{"0":0,"1":0,"2":0,"3":0,"4":0,"5":0,"6":0,"7":0,"8":0},"b":{"0":[0,0],"1":[0,0],"2":[0,0]},"_coverageSchema":"1a1c01bbd47fc00a2c39e90264f33305004495a9","hash":"d0ac798526ebaec339415ede8a72d9460a7655d4"}
,"/Users/tishvo/work/projectCatwalk/client/components/Overview/StyleSelector.jsx": {"path":"/Users/tishvo/work/projectCatwalk/client/components/Overview/StyleSelector.jsx","statementMap":{"0":{"start":{"line":6,"column":4},"end":{"line":6,"column":16}},"1":{"start":{"line":11,"column":4},"end":{"line":24,"column":11}},"2":{"start":{"line":14,"column":8},"end":{"line":21,"column":9}},"3":{"start":{"line":16,"column":10},"end":{"line":16,"column":170}},"4":{"start":{"line":20,"column":10},"end":{"line":20,"column":171}}},"fnMap":{"0":{"name":"(anonymous_0)","decl":{"start":{"line":5,"column":2},"end":{"line":5,"column":3}},"loc":{"start":{"line":5,"column":21},"end":{"line":7,"column":3}},"line":5},"1":{"name":"(anonymous_1)","decl":{"start":{"line":9,"column":2},"end":{"line":9,"column":3}},"loc":{"start":{"line":9,"column":11},"end":{"line":25,"column":3}},"line":9},"2":{"name":"(anonymous_2)","decl":{"start":{"line":12,"column":29},"end":{"line":12,"column":30}},"loc":{"start":{"line":12,"column":47},"end":{"line":22,"column":7}},"line":12}},"branchMap":{"0":{"loc":{"start":{"line":14,"column":8},"end":{"line":21,"column":9}},"type":"if","locations":[{"start":{"line":14,"column":8},"end":{"line":21,"column":9}},{"start":{"line":14,"column":8},"end":{"line":21,"column":9}}],"line":14}},"s":{"0":0,"1":0,"2":0,"3":0,"4":0},"f":{"0":0,"1":0,"2":0},"b":{"0":[0,0]},"_coverageSchema":"1a1c01bbd47fc00a2c39e90264f33305004495a9","hash":"a282e181ba46c70184577c8c341ab29c575a0fd7"}
,"/Users/tishvo/work/projectCatwalk/client/components/Overview/StyleSelectorOption.jsx": {"path":"/Users/tishvo/work/projectCatwalk/client/components/Overview/StyleSelectorOption.jsx","statementMap":{"0":{"start":{"line":6,"column":4},"end":{"line":6,"column":16}},"1":{"start":{"line":11,"column":4},"end":{"line":45,"column":5}},"2":{"start":{"line":13,"column":6},"end":{"line":31,"column":7}},"3":{"start":{"line":21,"column":14},"end":{"line":21,"column":55}},"4":{"start":{"line":35,"column":6},"end":{"line":44,"column":7}},"5":{"start":{"line":39,"column":12},"end":{"line":39,"column":53}}},"fnMap":{"0":{"name":"(anonymous_0)","decl":{"start":{"line":5,"column":2},"end":{"line":5,"column":3}},"loc":{"start":{"line":5,"column":21},"end":{"line":7,"column":3}},"line":5},"1":{"name":"(anonymous_1)","decl":{"start":{"line":9,"column":2},"end":{"line":9,"column":3}},"loc":{"start":{"line":9,"column":11},"end":{"line":46,"column":3}},"line":9},"2":{"name":"(anonymous_2)","decl":{"start":{"line":20,"column":21},"end":{"line":20,"column":22}},"loc":{"start":{"line":20,"column":27},"end":{"line":22,"column":13}},"line":20},"3":{"name":"(anonymous_3)","decl":{"start":{"line":38,"column":19},"end":{"line":38,"column":20}},"loc":{"start":{"line":38,"column":25},"end":{"line":40,"column":11}},"line":38}},"branchMap":{"0":{"loc":{"start":{"line":11,"column":4},"end":{"line":45,"column":5}},"type":"if","locations":[{"start":{"line":11,"column":4},"end":{"line":45,"column":5}},{"start":{"line":11,"column":4},"end":{"line":45,"column":5}}],"line":11}},"s":{"0":0,"1":0,"2":0,"3":0,"4":0,"5":0},"f":{"0":0,"1":0,"2":0,"3":0},"b":{"0":[0,0]},"_coverageSchema":"1a1c01bbd47fc00a2c39e90264f33305004495a9","hash":"896448a152cc6978d72fce130ebc1fbf04bea152"}
,"/Users/tishvo/work/projectCatwalk/client/components/Q&A/AddAModal.jsx": {"path":"/Users/tishvo/work/projectCatwalk/client/components/Q&A/AddAModal.jsx","statementMap":{"0":{"start":{"line":7,"column":4},"end":{"line":7,"column":17}},"1":{"start":{"line":8,"column":4},"end":{"line":12,"column":5}},"2":{"start":{"line":13,"column":4},"end":{"line":13,"column":43}},"3":{"start":{"line":14,"column":4},"end":{"line":14,"column":57}},"4":{"start":{"line":15,"column":4},"end":{"line":15,"column":53}},"5":{"start":{"line":16,"column":4},"end":{"line":16,"column":55}},"6":{"start":{"line":17,"column":4},"end":{"line":17,"column":41}},"7":{"start":{"line":21,"column":4},"end":{"line":21,"column":48}},"8":{"start":{"line":22,"column":4},"end":{"line":22,"column":17}},"9":{"start":{"line":26,"column":4},"end":{"line":28,"column":6}},"10":{"start":{"line":32,"column":4},"end":{"line":34,"column":6}},"11":{"start":{"line":38,"column":4},"end":{"line":40,"column":6}},"12":{"start":{"line":44,"column":15},"end":{"line":48,"column":5}},"13":{"start":{"line":50,"column":4},"end":{"line":56,"column":6}},"14":{"start":{"line":52,"column":6},"end":{"line":52,"column":43}},"15":{"start":{"line":55,"column":6},"end":{"line":55,"column":24}},"16":{"start":{"line":60,"column":4},"end":{"line":62,"column":5}},"17":{"start":{"line":61,"column":6},"end":{"line":61,"column":18}},"18":{"start":{"line":63,"column":4},"end":{"line":75,"column":5}}},"fnMap":{"0":{"name":"(anonymous_0)","decl":{"start":{"line":6,"column":2},"end":{"line":6,"column":3}},"loc":{"start":{"line":6,"column":21},"end":{"line":18,"column":3}},"line":6},"1":{"name":"(anonymous_1)","decl":{"start":{"line":20,"column":2},"end":{"line":20,"column":3}},"loc":{"start":{"line":20,"column":13},"end":{"line":23,"column":3}},"line":20},"2":{"name":"(anonymous_2)","decl":{"start":{"line":25,"column":2},"end":{"line":25,"column":3}},"loc":{"start":{"line":25,"column":20},"end":{"line":29,"column":3}},"line":25},"3":{"name":"(anonymous_3)","decl":{"start":{"line":31,"column":2},"end":{"line":31,"column":3}},"loc":{"start":{"line":31,"column":18},"end":{"line":35,"column":3}},"line":31},"4":{"name":"(anonymous_4)","decl":{"start":{"line":37,"column":2},"end":{"line":37,"column":3}},"loc":{"start":{"line":37,"column":19},"end":{"line":41,"column":3}},"line":37},"5":{"name":"(anonymous_5)","decl":{"start":{"line":43,"column":2},"end":{"line":43,"column":3}},"loc":{"start":{"line":43,"column":11},"end":{"line":57,"column":3}},"line":43},"6":{"name":"(anonymous_6)","decl":{"start":{"line":51,"column":10},"end":{"line":51,"column":11}},"loc":{"start":{"line":51,"column":24},"end":{"line":53,"column":5}},"line":51},"7":{"name":"(anonymous_7)","decl":{"start":{"line":54,"column":11},"end":{"line":54,"column":12}},"loc":{"start":{"line":54,"column":22},"end":{"line":56,"column":5}},"line":54},"8":{"name":"(anonymous_8)","decl":{"start":{"line":59,"column":2},"end":{"line":59,"column":3}},"loc":{"start":{"line":59,"column":11},"end":{"line":76,"column":3}},"line":59}},"branchMap":{"0":{"loc":{"start":{"line":21,"column":4},"end":{"line":21,"column":47}},"type":"binary-expr","locations":[{"start":{"line":21,"column":4},"end":{"line":21,"column":22}},{"start":{"line":21,"column":26},"end":{"line":21,"column":47}}],"line":21},"1":{"loc":{"start":{"line":60,"column":4},"end":{"line":62,"column":5}},"type":"if","locations":[{"start":{"line":60,"column":4},"end":{"line":62,"column":5}},{"start":{"line":60,"column":4},"end":{"line":62,"column":5}}],"line":60}},"s":{"0":0,"1":0,"2":0,"3":0,"4":0,"5":0,"6":0,"7":0,"8":0,"9":0,"10":0,"11":0,"12":0,"13":0,"14":0,"15":0,"16":0,"17":0,"18":0},"f":{"0":0,"1":0,"2":0,"3":0,"4":0,"5":0,"6":0,"7":0,"8":0},"b":{"0":[0,0],"1":[0,0]},"_coverageSchema":"1a1c01bbd47fc00a2c39e90264f33305004495a9","hash":"69c61f4552098055c744dc046f6c19f5b64816be"}
,"/Users/tishvo/work/projectCatwalk/client/components/Q&A/AddQModal.jsx": {"path":"/Users/tishvo/work/projectCatwalk/client/components/Q&A/AddQModal.jsx","statementMap":{"0":{"start":{"line":7,"column":4},"end":{"line":7,"column":17}},"1":{"start":{"line":8,"column":4},"end":{"line":12,"column":5}},"2":{"start":{"line":13,"column":4},"end":{"line":13,"column":43}},"3":{"start":{"line":14,"column":4},"end":{"line":14,"column":51}},"4":{"start":{"line":15,"column":4},"end":{"line":15,"column":61}},"5":{"start":{"line":16,"column":4},"end":{"line":16,"column":53}},"6":{"start":{"line":17,"column":4},"end":{"line":17,"column":55}},"7":{"start":{"line":21,"column":4},"end":{"line":21,"column":48}},"8":{"start":{"line":22,"column":4},"end":{"line":22,"column":22}},"9":{"start":{"line":26,"column":15},"end":{"line":31,"column":5}},"10":{"start":{"line":32,"column":4},"end":{"line":38,"column":6}},"11":{"start":{"line":34,"column":6},"end":{"line":34,"column":45}},"12":{"start":{"line":37,"column":6},"end":{"line":37,"column":24}},"13":{"start":{"line":42,"column":4},"end":{"line":44,"column":6}},"14":{"start":{"line":48,"column":4},"end":{"line":50,"column":6}},"15":{"start":{"line":54,"column":4},"end":{"line":56,"column":6}},"16":{"start":{"line":61,"column":4},"end":{"line":63,"column":5}},"17":{"start":{"line":62,"column":6},"end":{"line":62,"column":18}},"18":{"start":{"line":64,"column":4},"end":{"line":75,"column":5}}},"fnMap":{"0":{"name":"(anonymous_0)","decl":{"start":{"line":6,"column":2},"end":{"line":6,"column":3}},"loc":{"start":{"line":6,"column":21},"end":{"line":18,"column":3}},"line":6},"1":{"name":"(anonymous_1)","decl":{"start":{"line":20,"column":2},"end":{"line":20,"column":3}},"loc":{"start":{"line":20,"column":13},"end":{"line":23,"column":3}},"line":20},"2":{"name":"(anonymous_2)","decl":{"start":{"line":25,"column":2},"end":{"line":25,"column":3}},"loc":{"start":{"line":25,"column":16},"end":{"line":39,"column":3}},"line":25},"3":{"name":"(anonymous_3)","decl":{"start":{"line":33,"column":10},"end":{"line":33,"column":11}},"loc":{"start":{"line":33,"column":24},"end":{"line":35,"column":5}},"line":33},"4":{"name":"(anonymous_4)","decl":{"start":{"line":36,"column":11},"end":{"line":36,"column":12}},"loc":{"start":{"line":36,"column":22},"end":{"line":38,"column":5}},"line":36},"5":{"name":"(anonymous_5)","decl":{"start":{"line":41,"column":2},"end":{"line":41,"column":3}},"loc":{"start":{"line":41,"column":22},"end":{"line":45,"column":3}},"line":41},"6":{"name":"(anonymous_6)","decl":{"start":{"line":47,"column":2},"end":{"line":47,"column":3}},"loc":{"start":{"line":47,"column":18},"end":{"line":51,"column":3}},"line":47},"7":{"name":"(anonymous_7)","decl":{"start":{"line":53,"column":2},"end":{"line":53,"column":3}},"loc":{"start":{"line":53,"column":19},"end":{"line":57,"column":3}},"line":53},"8":{"name":"(anonymous_8)","decl":{"start":{"line":60,"column":2},"end":{"line":60,"column":3}},"loc":{"start":{"line":60,"column":11},"end":{"line":76,"column":3}},"line":60}},"branchMap":{"0":{"loc":{"start":{"line":21,"column":4},"end":{"line":21,"column":47}},"type":"binary-expr","locations":[{"start":{"line":21,"column":4},"end":{"line":21,"column":22}},{"start":{"line":21,"column":26},"end":{"line":21,"column":47}}],"line":21},"1":{"loc":{"start":{"line":61,"column":4},"end":{"line":63,"column":5}},"type":"if","locations":[{"start":{"line":61,"column":4},"end":{"line":63,"column":5}},{"start":{"line":61,"column":4},"end":{"line":63,"column":5}}],"line":61}},"s":{"0":0,"1":0,"2":0,"3":0,"4":0,"5":0,"6":0,"7":0,"8":0,"9":0,"10":0,"11":0,"12":0,"13":0,"14":0,"15":0,"16":0,"17":0,"18":0},"f":{"0":0,"1":0,"2":0,"3":0,"4":0,"5":0,"6":0,"7":0,"8":0},"b":{"0":[0,0],"1":[0,0]},"_coverageSchema":"1a1c01bbd47fc00a2c39e90264f33305004495a9","hash":"11ac77bba2dcbd7b12a2f134622543dd95b112ba"}
,"/Users/tishvo/work/projectCatwalk/client/components/Q&A/QA_list.jsx": {"path":"/Users/tishvo/work/projectCatwalk/client/components/Q&A/QA_list.jsx","statementMap":{"0":{"start":{"line":7,"column":4},"end":{"line":7,"column":17}},"1":{"start":{"line":12,"column":4},"end":{"line":18,"column":5}},"2":{"start":{"line":15,"column":10},"end":{"line":15,"column":80}}},"fnMap":{"0":{"name":"(anonymous_0)","decl":{"start":{"line":6,"column":2},"end":{"line":6,"column":3}},"loc":{"start":{"line":6,"column":21},"end":{"line":9,"column":3}},"line":6},"1":{"name":"(anonymous_1)","decl":{"start":{"line":11,"column":2},"end":{"line":11,"column":3}},"loc":{"start":{"line":11,"column":11},"end":{"line":19,"column":3}},"line":11},"2":{"name":"(anonymous_2)","decl":{"start":{"line":14,"column":27},"end":{"line":14,"column":28}},"loc":{"start":{"line":15,"column":10},"end":{"line":15,"column":80}},"line":15}},"branchMap":{},"s":{"0":0,"1":0,"2":0},"f":{"0":0,"1":0,"2":0},"b":{},"_coverageSchema":"1a1c01bbd47fc00a2c39e90264f33305004495a9","hash":"ee4a54d04a3cf4ac4a5e4b78e33b4ef4a083e5ac"}
,"/Users/tishvo/work/projectCatwalk/client/components/Q&A/QA_listEntry.jsx": {"path":"/Users/tishvo/work/projectCatwalk/client/components/Q&A/QA_listEntry.jsx","statementMap":{"0":{"start":{"line":9,"column":4},"end":{"line":9,"column":17}},"1":{"start":{"line":10,"column":4},"end":{"line":17,"column":5}},"2":{"start":{"line":18,"column":4},"end":{"line":18,"column":45}},"3":{"start":{"line":19,"column":4},"end":{"line":19,"column":55}},"4":{"start":{"line":20,"column":4},"end":{"line":20,"column":55}},"5":{"start":{"line":21,"column":4},"end":{"line":21,"column":55}},"6":{"start":{"line":22,"column":4},"end":{"line":22,"column":47}},"7":{"start":{"line":27,"column":4},"end":{"line":39,"column":5}},"8":{"start":{"line":28,"column":6},"end":{"line":30,"column":8}},"9":{"start":{"line":31,"column":6},"end":{"line":31,"column":46}},"10":{"start":{"line":32,"column":6},"end":{"line":32,"column":27}},"11":{"start":{"line":34,"column":6},"end":{"line":36,"column":8}},"12":{"start":{"line":37,"column":6},"end":{"line":37,"column":47}},"13":{"start":{"line":38,"column":6},"end":{"line":38,"column":27}},"14":{"start":{"line":43,"column":22},"end":{"line":43,"column":49}},"15":{"start":{"line":44,"column":4},"end":{"line":50,"column":6}},"16":{"start":{"line":46,"column":6},"end":{"line":46,"column":53}},"17":{"start":{"line":49,"column":6},"end":{"line":49,"column":24}},"18":{"start":{"line":54,"column":20},"end":{"line":54,"column":22}},"19":{"start":{"line":55,"column":4},"end":{"line":61,"column":6}},"20":{"start":{"line":57,"column":6},"end":{"line":57,"column":53}},"21":{"start":{"line":60,"column":6},"end":{"line":60,"column":24}},"22":{"start":{"line":65,"column":20},"end":{"line":65,"column":22}},"23":{"start":{"line":66,"column":4},"end":{"line":72,"column":6}},"24":{"start":{"line":68,"column":6},"end":{"line":68,"column":45}},"25":{"start":{"line":71,"column":6},"end":{"line":71,"column":24}},"26":{"start":{"line":76,"column":4},"end":{"line":78,"column":7}},"27":{"start":{"line":83,"column":4},"end":{"line":104,"column":5}},"28":{"start":{"line":84,"column":6},"end":{"line":93,"column":7}},"29":{"start":{"line":86,"column":364},"end":{"line":86,"column":381}},"30":{"start":{"line":89,"column":10},"end":{"line":89,"column":420}},"31":{"start":{"line":89,"column":196},"end":{"line":89,"column":225}},"32":{"start":{"line":89,"column":336},"end":{"line":89,"column":366}},"33":{"start":{"line":89,"column":367},"end":{"line":89,"column":398}},"34":{"start":{"line":95,"column":6},"end":{"line":103,"column":7}},"35":{"start":{"line":97,"column":364},"end":{"line":97,"column":381}},"36":{"start":{"line":100,"column":10},"end":{"line":100,"column":420}},"37":{"start":{"line":100,"column":196},"end":{"line":100,"column":225}},"38":{"start":{"line":100,"column":336},"end":{"line":100,"column":366}},"39":{"start":{"line":100,"column":367},"end":{"line":100,"column":398}}},"fnMap":{"0":{"name":"(anonymous_0)","decl":{"start":{"line":8,"column":2},"end":{"line":8,"column":3}},"loc":{"start":{"line":8,"column":21},"end":{"line":23,"column":3}},"line":8},"1":{"name":"(anonymous_1)","decl":{"start":{"line":26,"column":2},"end":{"line":26,"column":3}},"loc":{"start":{"line":26,"column":14},"end":{"line":40,"column":3}},"line":26},"2":{"name":"(anonymous_2)","decl":{"start":{"line":42,"column":2},"end":{"line":42,"column":3}},"loc":{"start":{"line":42,"column":19},"end":{"line":51,"column":3}},"line":42},"3":{"name":"(anonymous_3)","decl":{"start":{"line":45,"column":10},"end":{"line":45,"column":11}},"loc":{"start":{"line":45,"column":24},"end":{"line":47,"column":5}},"line":45},"4":{"name":"(anonymous_4)","decl":{"start":{"line":48,"column":11},"end":{"line":48,"column":12}},"loc":{"start":{"line":48,"column":22},"end":{"line":50,"column":5}},"line":48},"5":{"name":"(anonymous_5)","decl":{"start":{"line":53,"column":2},"end":{"line":53,"column":3}},"loc":{"start":{"line":53,"column":20},"end":{"line":62,"column":3}},"line":53},"6":{"name":"(anonymous_6)","decl":{"start":{"line":56,"column":10},"end":{"line":56,"column":11}},"loc":{"start":{"line":56,"column":24},"end":{"line":58,"column":5}},"line":56},"7":{"name":"(anonymous_7)","decl":{"start":{"line":59,"column":11},"end":{"line":59,"column":12}},"loc":{"start":{"line":59,"column":22},"end":{"line":61,"column":5}},"line":59},"8":{"name":"(anonymous_8)","decl":{"start":{"line":64,"column":2},"end":{"line":64,"column":3}},"loc":{"start":{"line":64,"column":20},"end":{"line":73,"column":3}},"line":64},"9":{"name":"(anonymous_9)","decl":{"start":{"line":67,"column":10},"end":{"line":67,"column":11}},"loc":{"start":{"line":67,"column":24},"end":{"line":69,"column":5}},"line":67},"10":{"name":"(anonymous_10)","decl":{"start":{"line":70,"column":11},"end":{"line":70,"column":12}},"loc":{"start":{"line":70,"column":22},"end":{"line":72,"column":5}},"line":70},"11":{"name":"(anonymous_11)","decl":{"start":{"line":75,"column":2},"end":{"line":75,"column":3}},"loc":{"start":{"line":75,"column":15},"end":{"line":79,"column":3}},"line":75},"12":{"name":"(anonymous_12)","decl":{"start":{"line":82,"column":2},"end":{"line":82,"column":3}},"loc":{"start":{"line":82,"column":11},"end":{"line":105,"column":3}},"line":82},"13":{"name":"(anonymous_13)","decl":{"start":{"line":86,"column":357},"end":{"line":86,"column":358}},"loc":{"start":{"line":86,"column":362},"end":{"line":86,"column":383}},"line":86},"14":{"name":"(anonymous_14)","decl":{"start":{"line":88,"column":80},"end":{"line":88,"column":81}},"loc":{"start":{"line":89,"column":10},"end":{"line":89,"column":420}},"line":89},"15":{"name":"(anonymous_15)","decl":{"start":{"line":89,"column":191},"end":{"line":89,"column":192}},"loc":{"start":{"line":89,"column":196},"end":{"line":89,"column":225}},"line":89},"16":{"name":"(anonymous_16)","decl":{"start":{"line":89,"column":328},"end":{"line":89,"column":329}},"loc":{"start":{"line":89,"column":335},"end":{"line":89,"column":399}},"line":89},"17":{"name":"(anonymous_17)","decl":{"start":{"line":97,"column":357},"end":{"line":97,"column":358}},"loc":{"start":{"line":97,"column":362},"end":{"line":97,"column":383}},"line":97},"18":{"name":"(anonymous_18)","decl":{"start":{"line":99,"column":37},"end":{"line":99,"column":38}},"loc":{"start":{"line":100,"column":10},"end":{"line":100,"column":420}},"line":100},"19":{"name":"(anonymous_19)","decl":{"start":{"line":100,"column":191},"end":{"line":100,"column":192}},"loc":{"start":{"line":100,"column":196},"end":{"line":100,"column":225}},"line":100},"20":{"name":"(anonymous_20)","decl":{"start":{"line":100,"column":328},"end":{"line":100,"column":329}},"loc":{"start":{"line":100,"column":335},"end":{"line":100,"column":399}},"line":100}},"branchMap":{"0":{"loc":{"start":{"line":27,"column":4},"end":{"line":39,"column":5}},"type":"if","locations":[{"start":{"line":27,"column":4},"end":{"line":39,"column":5}},{"start":{"line":27,"column":4},"end":{"line":39,"column":5}}],"line":27},"1":{"loc":{"start":{"line":83,"column":4},"end":{"line":104,"column":5}},"type":"if","locations":[{"start":{"line":83,"column":4},"end":{"line":104,"column":5}},{"start":{"line":83,"column":4},"end":{"line":104,"column":5}}],"line":83}},"s":{"0":0,"1":0,"2":0,"3":0,"4":0,"5":0,"6":0,"7":0,"8":0,"9":0,"10":0,"11":0,"12":0,"13":0,"14":0,"15":0,"16":0,"17":0,"18":0,"19":0,"20":0,"21":0,"22":0,"23":0,"24":0,"25":0,"26":0,"27":0,"28":0,"29":0,"30":0,"31":0,"32":0,"33":0,"34":0,"35":0,"36":0,"37":0,"38":0,"39":0},"f":{"0":0,"1":0,"2":0,"3":0,"4":0,"5":0,"6":0,"7":0,"8":0,"9":0,"10":0,"11":0,"12":0,"13":0,"14":0,"15":0,"16":0,"17":0,"18":0,"19":0,"20":0},"b":{"0":[0,0],"1":[0,0]},"_coverageSchema":"1a1c01bbd47fc00a2c39e90264f33305004495a9","hash":"14f043f7f5aaed526d3ce0ba488b36bdf5fa7ffc"}
,"/Users/tishvo/work/projectCatwalk/client/components/Q&A/QA_search.jsx": {"path":"/Users/tishvo/work/projectCatwalk/client/components/Q&A/QA_search.jsx","statementMap":{"0":{"start":{"line":7,"column":4},"end":{"line":7,"column":17}},"1":{"start":{"line":8,"column":4},"end":{"line":10,"column":5}},"2":{"start":{"line":11,"column":4},"end":{"line":11,"column":45}},"3":{"start":{"line":12,"column":4},"end":{"line":12,"column":45}},"4":{"start":{"line":16,"column":4},"end":{"line":18,"column":6}},"5":{"start":{"line":22,"column":4},"end":{"line":22,"column":42}},"6":{"start":{"line":26,"column":4},"end":{"line":31,"column":5}}},"fnMap":{"0":{"name":"(anonymous_0)","decl":{"start":{"line":6,"column":2},"end":{"line":6,"column":3}},"loc":{"start":{"line":6,"column":21},"end":{"line":13,"column":3}},"line":6},"1":{"name":"(anonymous_1)","decl":{"start":{"line":15,"column":2},"end":{"line":15,"column":3}},"loc":{"start":{"line":15,"column":14},"end":{"line":19,"column":3}},"line":15},"2":{"name":"(anonymous_2)","decl":{"start":{"line":21,"column":2},"end":{"line":21,"column":3}},"loc":{"start":{"line":21,"column":13},"end":{"line":23,"column":3}},"line":21},"3":{"name":"(anonymous_3)","decl":{"start":{"line":25,"column":2},"end":{"line":25,"column":3}},"loc":{"start":{"line":25,"column":11},"end":{"line":32,"column":3}},"line":25}},"branchMap":{},"s":{"0":0,"1":0,"2":0,"3":0,"4":0,"5":0,"6":0},"f":{"0":0,"1":0,"2":0,"3":0},"b":{},"_coverageSchema":"1a1c01bbd47fc00a2c39e90264f33305004495a9","hash":"13ac34e25049b7013ed118936b71e881082e089a"}
,"/Users/tishvo/work/projectCatwalk/client/components/Q&A/QandA_app.jsx": {"path":"/Users/tishvo/work/projectCatwalk/client/components/Q&A/QandA_app.jsx","statementMap":{"0":{"start":{"line":10,"column":4},"end":{"line":10,"column":17}},"1":{"start":{"line":11,"column":4},"end":{"line":17,"column":5}},"2":{"start":{"line":18,"column":4},"end":{"line":18,"column":45}},"3":{"start":{"line":19,"column":4},"end":{"line":19,"column":47}},"4":{"start":{"line":20,"column":4},"end":{"line":20,"column":45}},"5":{"start":{"line":21,"column":4},"end":{"line":21,"column":45}},"6":{"start":{"line":25,"column":20},"end":{"line":25,"column":45}},"7":{"start":{"line":26,"column":4},"end":{"line":37,"column":6}},"8":{"start":{"line":28,"column":6},"end":{"line":30,"column":8}},"9":{"start":{"line":33,"column":6},"end":{"line":33,"column":22}},"10":{"start":{"line":36,"column":6},"end":{"line":36,"column":24}},"11":{"start":{"line":41,"column":15},"end":{"line":41,"column":35}},"12":{"start":{"line":42,"column":16},"end":{"line":42,"column":31}},"13":{"start":{"line":43,"column":4},"end":{"line":45,"column":6}},"14":{"start":{"line":49,"column":4},"end":{"line":51,"column":7}},"15":{"start":{"line":55,"column":4},"end":{"line":57,"column":6}},"16":{"start":{"line":58,"column":18},"end":{"line":58,"column":48}},"17":{"start":{"line":59,"column":4},"end":{"line":59,"column":38}},"18":{"start":{"line":63,"column":4},"end":{"line":77,"column":5}},"19":{"start":{"line":64,"column":6},"end":{"line":64,"column":22}},"20":{"start":{"line":66,"column":22},"end":{"line":66,"column":42}},"21":{"start":{"line":67,"column":22},"end":{"line":67,"column":24}},"22":{"start":{"line":68,"column":6},"end":{"line":73,"column":7}},"23":{"start":{"line":68,"column":19},"end":{"line":68,"column":20}},"24":{"start":{"line":69,"column":23},"end":{"line":69,"column":49}},"25":{"start":{"line":70,"column":8},"end":{"line":72,"column":9}},"26":{"start":{"line":71,"column":10},"end":{"line":71,"column":39}},"27":{"start":{"line":74,"column":6},"end":{"line":76,"column":8}},"28":{"start":{"line":84,"column":4},"end":{"line":92,"column":5}},"29":{"start":{"line":89,"column":110},"end":{"line":89,"column":127}}},"fnMap":{"0":{"name":"(anonymous_0)","decl":{"start":{"line":9,"column":2},"end":{"line":9,"column":3}},"loc":{"start":{"line":9,"column":21},"end":{"line":22,"column":3}},"line":9},"1":{"name":"(anonymous_1)","decl":{"start":{"line":24,"column":2},"end":{"line":24,"column":3}},"loc":{"start":{"line":24,"column":22},"end":{"line":38,"column":3}},"line":24},"2":{"name":"(anonymous_2)","decl":{"start":{"line":27,"column":10},"end":{"line":27,"column":11}},"loc":{"start":{"line":27,"column":24},"end":{"line":31,"column":5}},"line":27},"3":{"name":"(anonymous_3)","decl":{"start":{"line":32,"column":10},"end":{"line":32,"column":11}},"loc":{"start":{"line":32,"column":16},"end":{"line":34,"column":5}},"line":32},"4":{"name":"(anonymous_4)","decl":{"start":{"line":35,"column":11},"end":{"line":35,"column":12}},"loc":{"start":{"line":35,"column":22},"end":{"line":37,"column":5}},"line":35},"5":{"name":"(anonymous_5)","decl":{"start":{"line":40,"column":2},"end":{"line":40,"column":3}},"loc":{"start":{"line":40,"column":13},"end":{"line":46,"column":3}},"line":40},"6":{"name":"(anonymous_6)","decl":{"start":{"line":48,"column":2},"end":{"line":48,"column":3}},"loc":{"start":{"line":48,"column":15},"end":{"line":52,"column":3}},"line":48},"7":{"name":"(anonymous_7)","decl":{"start":{"line":54,"column":2},"end":{"line":54,"column":3}},"loc":{"start":{"line":54,"column":14},"end":{"line":60,"column":3}},"line":54},"8":{"name":"(anonymous_8)","decl":{"start":{"line":62,"column":2},"end":{"line":62,"column":3}},"loc":{"start":{"line":62,"column":17},"end":{"line":79,"column":3}},"line":62},"9":{"name":"(anonymous_9)","decl":{"start":{"line":83,"column":2},"end":{"line":83,"column":3}},"loc":{"start":{"line":83,"column":11},"end":{"line":93,"column":3}},"line":83},"10":{"name":"(anonymous_10)","decl":{"start":{"line":89,"column":103},"end":{"line":89,"column":104}},"loc":{"start":{"line":89,"column":108},"end":{"line":89,"column":129}},"line":89}},"branchMap":{"0":{"loc":{"start":{"line":63,"column":4},"end":{"line":77,"column":5}},"type":"if","locations":[{"start":{"line":63,"column":4},"end":{"line":77,"column":5}},{"start":{"line":63,"column":4},"end":{"line":77,"column":5}}],"line":63},"1":{"loc":{"start":{"line":70,"column":8},"end":{"line":72,"column":9}},"type":"if","locations":[{"start":{"line":70,"column":8},"end":{"line":72,"column":9}},{"start":{"line":70,"column":8},"end":{"line":72,"column":9}}],"line":70}},"s":{"0":1,"1":1,"2":1,"3":1,"4":1,"5":1,"6":1,"7":1,"8":0,"9":0,"10":0,"11":0,"12":0,"13":0,"14":0,"15":0,"16":0,"17":0,"18":0,"19":0,"20":0,"21":0,"22":0,"23":0,"24":0,"25":0,"26":0,"27":0,"28":1,"29":0},"f":{"0":1,"1":1,"2":0,"3":0,"4":0,"5":0,"6":0,"7":0,"8":0,"9":1,"10":0},"b":{"0":[0,0],"1":[0,0]},"_coverageSchema":"1a1c01bbd47fc00a2c39e90264f33305004495a9","hash":"052bbbc1d2fa6b34474df7d2d3b2e09435c93688"}
,"/Users/tishvo/work/projectCatwalk/client/components/RelatedItemsAndComparison/index.jsx": {"path":"/Users/tishvo/work/projectCatwalk/client/components/RelatedItemsAndComparison/index.jsx","statementMap":{"0":{"start":{"line":11,"column":4},"end":{"line":11,"column":17}},"1":{"start":{"line":16,"column":4},"end":{"line":23,"column":5}}},"fnMap":{"0":{"name":"(anonymous_0)","decl":{"start":{"line":10,"column":2},"end":{"line":10,"column":3}},"loc":{"start":{"line":10,"column":21},"end":{"line":13,"column":3}},"line":10},"1":{"name":"(anonymous_1)","decl":{"start":{"line":15,"column":2},"end":{"line":15,"column":3}},"loc":{"start":{"line":15,"column":11},"end":{"line":24,"column":3}},"line":15}},"branchMap":{},"s":{"0":1,"1":1},"f":{"0":1,"1":1},"b":{},"_coverageSchema":"1a1c01bbd47fc00a2c39e90264f33305004495a9","hash":"1b3c23e297401063b28c9d355f0e50b93db2854e"}
,"/Users/tishvo/work/projectCatwalk/client/components/RelatedItemsAndComparison/subcomponents/Arrow.jsx": {"path":"/Users/tishvo/work/projectCatwalk/client/components/RelatedItemsAndComparison/subcomponents/Arrow.jsx","statementMap":{"0":{"start":{"line":3,"column":14},"end":{"line":9,"column":1}},"1":{"start":{"line":4,"column":2},"end":{"line":8,"column":8}}},"fnMap":{"0":{"name":"(anonymous_0)","decl":{"start":{"line":3,"column":14},"end":{"line":3,"column":15}},"loc":{"start":{"line":4,"column":2},"end":{"line":8,"column":8}},"line":4}},"branchMap":{},"s":{"0":1,"1":0},"f":{"0":0},"b":{},"_coverageSchema":"1a1c01bbd47fc00a2c39e90264f33305004495a9","hash":"164b449bb2404aa0f8494d618a1aac0761825c73"}
,"/Users/tishvo/work/projectCatwalk/client/components/RelatedItemsAndComparison/subcomponents/RPCard.jsx": {"path":"/Users/tishvo/work/projectCatwalk/client/components/RelatedItemsAndComparison/subcomponents/RPCard.jsx","statementMap":{"0":{"start":{"line":6,"column":4},"end":{"line":6,"column":17}},"1":{"start":{"line":8,"column":4},"end":{"line":12,"column":5}},"2":{"start":{"line":14,"column":4},"end":{"line":18,"column":6}},"3":{"start":{"line":19,"column":4},"end":{"line":19,"column":63}},"4":{"start":{"line":20,"column":4},"end":{"line":20,"column":65}},"5":{"start":{"line":24,"column":4},"end":{"line":33,"column":6}},"6":{"start":{"line":27,"column":6},"end":{"line":29,"column":8}},"7":{"start":{"line":32,"column":6},"end":{"line":32,"column":50}},"8":{"start":{"line":35,"column":4},"end":{"line":46,"column":6}},"9":{"start":{"line":38,"column":6},"end":{"line":41,"column":8}},"10":{"start":{"line":45,"column":6},"end":{"line":45,"column":67}},"11":{"start":{"line":50,"column":4},"end":{"line":50,"column":76}},"12":{"start":{"line":50,"column":49},"end":{"line":50,"column":74}},"13":{"start":{"line":56,"column":4},"end":{"line":74,"column":5}},"14":{"start":{"line":58,"column":8},"end":{"line":58,"column":52}}},"fnMap":{"0":{"name":"(anonymous_0)","decl":{"start":{"line":5,"column":2},"end":{"line":5,"column":3}},"loc":{"start":{"line":5,"column":21},"end":{"line":21,"column":3}},"line":5},"1":{"name":"(anonymous_1)","decl":{"start":{"line":23,"column":2},"end":{"line":23,"column":3}},"loc":{"start":{"line":23,"column":22},"end":{"line":47,"column":3}},"line":23},"2":{"name":"(anonymous_2)","decl":{"start":{"line":25,"column":10},"end":{"line":25,"column":11}},"loc":{"start":{"line":25,"column":17},"end":{"line":30,"column":5}},"line":25},"3":{"name":"(anonymous_3)","decl":{"start":{"line":31,"column":11},"end":{"line":31,"column":12}},"loc":{"start":{"line":31,"column":18},"end":{"line":33,"column":5}},"line":31},"4":{"name":"(anonymous_4)","decl":{"start":{"line":36,"column":10},"end":{"line":36,"column":11}},"loc":{"start":{"line":36,"column":17},"end":{"line":43,"column":5}},"line":36},"5":{"name":"(anonymous_5)","decl":{"start":{"line":44,"column":11},"end":{"line":44,"column":12}},"loc":{"start":{"line":44,"column":22},"end":{"line":46,"column":5}},"line":44},"6":{"name":"(anonymous_6)","decl":{"start":{"line":49,"column":2},"end":{"line":49,"column":3}},"loc":{"start":{"line":49,"column":32},"end":{"line":51,"column":3}},"line":49},"7":{"name":"(anonymous_7)","decl":{"start":{"line":55,"column":2},"end":{"line":55,"column":3}},"loc":{"start":{"line":55,"column":11},"end":{"line":75,"column":3}},"line":55},"8":{"name":"(anonymous_8)","decl":{"start":{"line":57,"column":73},"end":{"line":57,"column":74}},"loc":{"start":{"line":57,"column":79},"end":{"line":59,"column":7}},"line":57}},"branchMap":{"0":{"loc":{"start":{"line":50,"column":4},"end":{"line":50,"column":76}},"type":"if","locations":[{"start":{"line":50,"column":4},"end":{"line":50,"column":76}},{"start":{"line":50,"column":4},"end":{"line":50,"column":76}}],"line":50}},"s":{"0":0,"1":0,"2":0,"3":0,"4":0,"5":0,"6":0,"7":0,"8":0,"9":0,"10":0,"11":0,"12":0,"13":0,"14":0},"f":{"0":0,"1":0,"2":0,"3":0,"4":0,"5":0,"6":0,"7":0,"8":0},"b":{"0":[0,0]},"_coverageSchema":"1a1c01bbd47fc00a2c39e90264f33305004495a9","hash":"5fb6ace9cf7dc22a03dcfd3811ebacb704f22cf1"}
,"/Users/tishvo/work/projectCatwalk/client/components/RelatedItemsAndComparison/subcomponents/RelatedProducts.jsx": {"path":"/Users/tishvo/work/projectCatwalk/client/components/RelatedItemsAndComparison/subcomponents/RelatedProducts.jsx","statementMap":{"0":{"start":{"line":9,"column":4},"end":{"line":9,"column":17}},"1":{"start":{"line":11,"column":4},"end":{"line":18,"column":6}},"2":{"start":{"line":20,"column":4},"end":{"line":20,"column":63}},"3":{"start":{"line":21,"column":4},"end":{"line":21,"column":47}},"4":{"start":{"line":22,"column":4},"end":{"line":22,"column":55}},"5":{"start":{"line":25,"column":4},"end":{"line":25,"column":40}},"6":{"start":{"line":29,"column":17},"end":{"line":29,"column":45}},"7":{"start":{"line":31,"column":4},"end":{"line":46,"column":8}},"8":{"start":{"line":34,"column":8},"end":{"line":42,"column":10}},"9":{"start":{"line":39,"column":10},"end":{"line":41,"column":12}},"10":{"start":{"line":45,"column":8},"end":{"line":45,"column":48}},"11":{"start":{"line":52,"column":22},"end":{"line":52,"column":54}},"12":{"start":{"line":53,"column":4},"end":{"line":63,"column":5}},"13":{"start":{"line":54,"column":6},"end":{"line":62,"column":9}},"14":{"start":{"line":59,"column":8},"end":{"line":61,"column":11}},"15":{"start":{"line":68,"column":22},"end":{"line":68,"column":54}},"16":{"start":{"line":69,"column":4},"end":{"line":78,"column":5}},"17":{"start":{"line":70,"column":6},"end":{"line":77,"column":9}},"18":{"start":{"line":74,"column":8},"end":{"line":76,"column":11}},"19":{"start":{"line":82,"column":4},"end":{"line":102,"column":5}},"20":{"start":{"line":92,"column":12},"end":{"line":92,"column":79}}},"fnMap":{"0":{"name":"(anonymous_0)","decl":{"start":{"line":8,"column":2},"end":{"line":8,"column":3}},"loc":{"start":{"line":8,"column":21},"end":{"line":23,"column":3}},"line":8},"1":{"name":"(anonymous_1)","decl":{"start":{"line":24,"column":2},"end":{"line":24,"column":3}},"loc":{"start":{"line":24,"column":16},"end":{"line":26,"column":3}},"line":24},"2":{"name":"(anonymous_2)","decl":{"start":{"line":28,"column":2},"end":{"line":28,"column":3}},"loc":{"start":{"line":28,"column":22},"end":{"line":48,"column":3}},"line":28},"3":{"name":"(anonymous_3)","decl":{"start":{"line":32,"column":12},"end":{"line":32,"column":13}},"loc":{"start":{"line":32,"column":19},"end":{"line":43,"column":7}},"line":32},"4":{"name":"(anonymous_4)","decl":{"start":{"line":37,"column":11},"end":{"line":37,"column":12}},"loc":{"start":{"line":37,"column":17},"end":{"line":42,"column":9}},"line":37},"5":{"name":"(anonymous_5)","decl":{"start":{"line":44,"column":13},"end":{"line":44,"column":14}},"loc":{"start":{"line":44,"column":20},"end":{"line":46,"column":7}},"line":44},"6":{"name":"(anonymous_6)","decl":{"start":{"line":50,"column":2},"end":{"line":50,"column":3}},"loc":{"start":{"line":50,"column":19},"end":{"line":64,"column":3}},"line":50},"7":{"name":"(anonymous_7)","decl":{"start":{"line":58,"column":9},"end":{"line":58,"column":10}},"loc":{"start":{"line":58,"column":15},"end":{"line":62,"column":7}},"line":58},"8":{"name":"(anonymous_8)","decl":{"start":{"line":66,"column":2},"end":{"line":66,"column":3}},"loc":{"start":{"line":66,"column":15},"end":{"line":79,"column":3}},"line":66},"9":{"name":"(anonymous_9)","decl":{"start":{"line":73,"column":9},"end":{"line":73,"column":10}},"loc":{"start":{"line":73,"column":15},"end":{"line":77,"column":7}},"line":73},"10":{"name":"(anonymous_10)","decl":{"start":{"line":81,"column":2},"end":{"line":81,"column":3}},"loc":{"start":{"line":81,"column":11},"end":{"line":103,"column":3}},"line":81},"11":{"name":"(anonymous_11)","decl":{"start":{"line":91,"column":42},"end":{"line":91,"column":43}},"loc":{"start":{"line":92,"column":12},"end":{"line":92,"column":79}},"line":92}},"branchMap":{"0":{"loc":{"start":{"line":53,"column":4},"end":{"line":63,"column":5}},"type":"if","locations":[{"start":{"line":53,"column":4},"end":{"line":63,"column":5}},{"start":{"line":53,"column":4},"end":{"line":63,"column":5}}],"line":53},"1":{"loc":{"start":{"line":69,"column":4},"end":{"line":78,"column":5}},"type":"if","locations":[{"start":{"line":69,"column":4},"end":{"line":78,"column":5}},{"start":{"line":69,"column":4},"end":{"line":78,"column":5}}],"line":69}},"s":{"0":0,"1":0,"2":0,"3":0,"4":0,"5":0,"6":0,"7":0,"8":0,"9":0,"10":0,"11":0,"12":0,"13":0,"14":0,"15":0,"16":0,"17":0,"18":0,"19":0,"20":0},"f":{"0":0,"1":0,"2":0,"3":0,"4":0,"5":0,"6":0,"7":0,"8":0,"9":0,"10":0,"11":0},"b":{"0":[0,0],"1":[0,0]},"_coverageSchema":"1a1c01bbd47fc00a2c39e90264f33305004495a9","hash":"c4f0a48ddd397e07e19cc7a3bd65f9dd63018904"}
,"/Users/tishvo/work/projectCatwalk/client/components/RelatedItemsAndComparison/subcomponents/YOCard.jsx": {"path":"/Users/tishvo/work/projectCatwalk/client/components/RelatedItemsAndComparison/subcomponents/YOCard.jsx","statementMap":{"0":{"start":{"line":6,"column":4},"end":{"line":6,"column":17}},"1":{"start":{"line":11,"column":4},"end":{"line":17,"column":5}}},"fnMap":{"0":{"name":"(anonymous_0)","decl":{"start":{"line":5,"column":2},"end":{"line":5,"column":3}},"loc":{"start":{"line":5,"column":21},"end":{"line":8,"column":3}},"line":5},"1":{"name":"(anonymous_1)","decl":{"start":{"line":10,"column":2},"end":{"line":10,"column":3}},"loc":{"start":{"line":10,"column":11},"end":{"line":18,"column":3}},"line":10}},"branchMap":{},"s":{"0":0,"1":0},"f":{"0":0,"1":0},"b":{},"_coverageSchema":"1a1c01bbd47fc00a2c39e90264f33305004495a9","hash":"67dc4d7c77af5527d4257892496bfe29d251f6e4"}
,"/Users/tishvo/work/projectCatwalk/client/components/RelatedItemsAndComparison/subcomponents/YourOutfit.jsx": {"path":"/Users/tishvo/work/projectCatwalk/client/components/RelatedItemsAndComparison/subcomponents/YourOutfit.jsx","statementMap":{"0":{"start":{"line":8,"column":4},"end":{"line":8,"column":17}},"1":{"start":{"line":13,"column":4},"end":{"line":18,"column":5}}},"fnMap":{"0":{"name":"(anonymous_0)","decl":{"start":{"line":7,"column":2},"end":{"line":7,"column":3}},"loc":{"start":{"line":7,"column":21},"end":{"line":10,"column":3}},"line":7},"1":{"name":"(anonymous_1)","decl":{"start":{"line":12,"column":2},"end":{"line":12,"column":3}},"loc":{"start":{"line":12,"column":11},"end":{"line":19,"column":3}},"line":12}},"branchMap":{},"s":{"0":0,"1":0},"f":{"0":0,"1":0},"b":{},"_coverageSchema":"1a1c01bbd47fc00a2c39e90264f33305004495a9","hash":"ea2ebb3d75cb4bfd1443de524c51bf7ab20c86be"}
,"/Users/tishvo/work/projectCatwalk/client/components/ReviewsAndRatings/ReviewTile.jsx": {"path":"/Users/tishvo/work/projectCatwalk/client/components/ReviewsAndRatings/ReviewTile.jsx","statementMap":{"0":{"start":{"line":4,"column":19},"end":{"line":10,"column":1}},"1":{"start":{"line":5,"column":2},"end":{"line":9,"column":3}}},"fnMap":{"0":{"name":"(anonymous_0)","decl":{"start":{"line":4,"column":19},"end":{"line":4,"column":20}},"loc":{"start":{"line":4,"column":30},"end":{"line":10,"column":1}},"line":4}},"branchMap":{},"s":{"0":1,"1":0},"f":{"0":0},"b":{},"_coverageSchema":"1a1c01bbd47fc00a2c39e90264f33305004495a9","hash":"0bcaca3cba98c77932641e97a59326c14c19fcdd"}
,"/Users/tishvo/work/projectCatwalk/client/components/ReviewsAndRatings/ReviewsAndRatings.jsx": {"path":"/Users/tishvo/work/projectCatwalk/client/components/ReviewsAndRatings/ReviewsAndRatings.jsx","statementMap":{"0":{"start":{"line":10,"column":4},"end":{"line":10,"column":17}},"1":{"start":{"line":11,"column":4},"end":{"line":13,"column":6}},"2":{"start":{"line":20,"column":4},"end":{"line":24,"column":6}}},"fnMap":{"0":{"name":"(anonymous_0)","decl":{"start":{"line":9,"column":2},"end":{"line":9,"column":3}},"loc":{"start":{"line":9,"column":21},"end":{"line":14,"column":3}},"line":9},"1":{"name":"(anonymous_1)","decl":{"start":{"line":16,"column":2},"end":{"line":16,"column":3}},"loc":{"start":{"line":16,"column":11},"end":{"line":25,"column":3}},"line":16}},"branchMap":{},"s":{"0":1,"1":1,"2":1},"f":{"0":1,"1":1},"b":{},"_coverageSchema":"1a1c01bbd47fc00a2c39e90264f33305004495a9","hash":"04d8aa9df54897c904626d4c7e9d1cdb586cdcd8"}
,"/Users/tishvo/work/projectCatwalk/client/components/ReviewsAndRatings/ReviewsList.jsx": {"path":"/Users/tishvo/work/projectCatwalk/client/components/ReviewsAndRatings/ReviewsList.jsx","statementMap":{"0":{"start":{"line":10,"column":4},"end":{"line":10,"column":17}},"1":{"start":{"line":11,"column":4},"end":{"line":18,"column":6}},"2":{"start":{"line":25,"column":4},"end":{"line":38,"column":6}}},"fnMap":{"0":{"name":"(anonymous_0)","decl":{"start":{"line":9,"column":2},"end":{"line":9,"column":3}},"loc":{"start":{"line":9,"column":21},"end":{"line":19,"column":3}},"line":9},"1":{"name":"(anonymous_1)","decl":{"start":{"line":23,"column":2},"end":{"line":23,"column":3}},"loc":{"start":{"line":23,"column":11},"end":{"line":39,"column":3}},"line":23}},"branchMap":{},"s":{"0":0,"1":0,"2":0},"f":{"0":0,"1":0},"b":{},"_coverageSchema":"1a1c01bbd47fc00a2c39e90264f33305004495a9","hash":"68b27ed859709fc6fd921fe476e4876d54919109"}
,"/Users/tishvo/work/projectCatwalk/client/components/ReviewsAndRatings/SortingOptions.jsx": {"path":"/Users/tishvo/work/projectCatwalk/client/components/ReviewsAndRatings/SortingOptions.jsx","statementMap":{"0":{"start":{"line":3,"column":23},"end":{"line":14,"column":1}},"1":{"start":{"line":4,"column":2},"end":{"line":13,"column":3}}},"fnMap":{"0":{"name":"(anonymous_0)","decl":{"start":{"line":3,"column":23},"end":{"line":3,"column":24}},"loc":{"start":{"line":3,"column":34},"end":{"line":14,"column":1}},"line":3}},"branchMap":{},"s":{"0":1,"1":0},"f":{"0":0},"b":{},"_coverageSchema":"1a1c01bbd47fc00a2c39e90264f33305004495a9","hash":"4cadd306425eabac865676e534c9d56a22b9e684"}
,"/Users/tishvo/work/projectCatwalk/client/components/ReviewsAndRatings/StarRating.jsx": {"path":"/Users/tishvo/work/projectCatwalk/client/components/ReviewsAndRatings/StarRating.jsx","statementMap":{"0":{"start":{"line":6,"column":19},"end":{"line":12,"column":1}},"1":{"start":{"line":7,"column":2},"end":{"line":11,"column":3}}},"fnMap":{"0":{"name":"(anonymous_0)","decl":{"start":{"line":6,"column":19},"end":{"line":6,"column":20}},"loc":{"start":{"line":6,"column":30},"end":{"line":12,"column":1}},"line":6}},"branchMap":{},"s":{"0":1,"1":0},"f":{"0":0},"b":{},"_coverageSchema":"1a1c01bbd47fc00a2c39e90264f33305004495a9","hash":"48f4e28976d9e707e76bd15072320c24d2823efc"}
,"/Users/tishvo/work/projectCatwalk/client/components/ReviewsAndRatings/dummyReviewData.js": {"path":"/Users/tishvo/work/projectCatwalk/client/components/ReviewsAndRatings/dummyReviewData.js","statementMap":{"0":{"start":{"line":1,"column":24},"end":{"line":42,"column":1}}},"fnMap":{},"branchMap":{},"s":{"0":1},"f":{},"b":{},"_coverageSchema":"1a1c01bbd47fc00a2c39e90264f33305004495a9","hash":"62b4d0bdbca7c0e5fc9242365923fc623c3b934b"}
}
