TN:
SF:client/components/Overview/AddToCart.jsx
FN:4,(anonymous_0)
FN:14,(anonymous_1)
FNF:2
FNH:0
FNDA:0,(anonymous_0)
FNDA:0,(anonymous_1)
DA:5,0
DA:7,0
DA:16,0
DA:18,0
DA:26,0
LF:5
LH:0
BRDA:16,0,0,0
BRDA:16,0,1,0
BRF:2
BRH:0
end_of_record
TN:
SF:client/components/Overview/Characteristics.jsx
FN:4,(anonymous_0)
FN:8,(anonymous_1)
FN:13,(anonymous_2)
FNF:3
FNH:0
FNDA:0,(anonymous_0)
FNDA:0,(anonymous_1)
FNDA:0,(anonymous_2)
DA:5,0
DA:9,0
DA:14,0
LF:3
LH:0
BRF:0
BRH:0
end_of_record
TN:
SF:client/components/Overview/ImageGallery.jsx
FN:6,(anonymous_0)
FN:13,(anonymous_1)
FN:28,(anonymous_2)
FN:29,(anonymous_3)
FN:60,(anonymous_4)
FN:78,(anonymous_5)
FN:99,(anonymous_6)
FN:110,(anonymous_7)
FN:139,(anonymous_8)
FN:157,(anonymous_9)
FN:176,(anonymous_10)
FN:185,(anonymous_11)
FNF:12
FNH:0
FNDA:0,(anonymous_0)
FNDA:0,(anonymous_1)
FNDA:0,(anonymous_2)
FNDA:0,(anonymous_3)
FNDA:0,(anonymous_4)
FNDA:0,(anonymous_5)
FNDA:0,(anonymous_6)
FNDA:0,(anonymous_7)
FNDA:0,(anonymous_8)
FNDA:0,(anonymous_9)
FNDA:0,(anonymous_10)
FNDA:0,(anonymous_11)
DA:6,1
DA:8,0
DA:13,0
DA:17,0
DA:28,0
DA:29,0
DA:30,0
DA:32,0
DA:39,0
DA:42,0
DA:43,0
DA:61,0
DA:70,0
DA:71,0
DA:79,0
DA:91,0
DA:100,0
DA:111,0
DA:122,0
DA:123,0
DA:140,0
DA:149,0
DA:150,0
DA:158,0
DA:168,0
DA:177,0
DA:186,0
LF:27
LH:1
BRDA:39,0,0,0
BRDA:39,0,1,0
BRDA:42,1,0,0
BRDA:42,1,1,0
BRDA:70,2,0,0
BRDA:70,2,1,0
BRDA:122,3,0,0
BRDA:122,3,1,0
BRDA:149,4,0,0
BRDA:149,4,1,0
BRF:10
BRH:0
end_of_record
TN:
SF:client/components/Overview/Overview.jsx
FN:15,(anonymous_0)
FN:48,(anonymous_1)
FN:55,(anonymous_2)
FN:62,(anonymous_3)
FN:68,(anonymous_4)
FN:88,(anonymous_5)
FN:93,(anonymous_6)
FN:97,(anonymous_7)
FN:121,(anonymous_8)
FN:132,(anonymous_9)
FN:147,(anonymous_10)
FN:156,(anonymous_11)
FN:164,(anonymous_12)
FN:172,(anonymous_13)
FN:213,(anonymous_14)
FN:238,(anonymous_15)
FNF:16
FNH:3
FNDA:1,(anonymous_0)
FNDA:1,(anonymous_1)
FNDA:0,(anonymous_2)
FNDA:0,(anonymous_3)
FNDA:0,(anonymous_4)
FNDA:0,(anonymous_5)
FNDA:0,(anonymous_6)
FNDA:0,(anonymous_7)
FNDA:0,(anonymous_8)
FNDA:0,(anonymous_9)
FNDA:0,(anonymous_10)
FNDA:0,(anonymous_11)
FNDA:0,(anonymous_12)
FNDA:0,(anonymous_13)
FNDA:0,(anonymous_14)
FNDA:1,(anonymous_15)
DA:16,1
DA:18,1
DA:40,1
DA:41,1
DA:42,1
DA:43,1
DA:44,1
DA:45,1
DA:52,1
DA:54,1
DA:58,0
DA:63,0
DA:67,1
DA:69,0
DA:73,0
DA:89,0
DA:94,0
DA:95,0
DA:96,0
DA:100,0
DA:101,0
DA:102,0
DA:103,0
DA:104,0
DA:105,0
DA:106,0
DA:107,0
DA:108,0
DA:112,0
DA:114,0
DA:117,0
DA:122,0
DA:125,0
DA:126,0
DA:134,0
DA:136,0
DA:148,0
DA:157,0
DA:165,0
DA:174,0
DA:175,0
DA:177,0
DA:186,0
DA:187,0
DA:200,0
DA:215,0
DA:216,0
DA:226,0
DA:240,1
DA:244,0
DA:301,1
LF:51
LH:13
BRDA:94,0,0,0
BRDA:94,0,1,0
BRDA:125,1,0,0
BRDA:125,1,1,0
BRDA:174,2,0,0
BRDA:174,2,1,0
BRDA:175,3,0,0
BRDA:175,3,1,0
BRDA:186,4,0,0
BRDA:186,4,1,0
BRDA:215,5,0,0
BRDA:215,5,1,0
BRDA:240,6,0,0
BRDA:240,6,1,1
BRDA:240,7,0,1
BRDA:240,7,1,0
BRF:16
BRH:2
end_of_record
TN:
SF:client/components/Overview/ProductInfoDescription.jsx
FN:4,(anonymous_0)
FN:8,(anonymous_1)
FNF:2
FNH:0
FNDA:0,(anonymous_0)
FNDA:0,(anonymous_1)
DA:5,0
DA:9,0
LF:2
LH:0
BRF:0
BRH:0
end_of_record
TN:
SF:client/components/Overview/ProductInfoHead.jsx
FN:4,(anonymous_0)
FN:13,(anonymous_1)
FN:21,(anonymous_2)
FN:45,(anonymous_3)
FN:69,(anonymous_4)
FNF:5
FNH:0
FNDA:0,(anonymous_0)
FNDA:0,(anonymous_1)
FNDA:0,(anonymous_2)
FNDA:0,(anonymous_3)
FNDA:0,(anonymous_4)
DA:5,0
DA:6,0
DA:14,0
DA:15,0
DA:24,0
DA:27,0
DA:28,0
DA:32,0
DA:33,0
DA:34,0
DA:35,0
DA:36,0
DA:38,0
DA:40,0
DA:42,0
DA:46,0
DA:47,0
DA:48,0
DA:49,0
DA:50,0
DA:51,0
DA:52,0
DA:53,0
DA:66,0
DA:70,0
DA:71,0
DA:72,0
DA:73,0
DA:74,0
DA:75,0
DA:76,0
DA:77,0
DA:89,0
DA:91,0
DA:100,0
LF:35
LH:0
BRDA:14,0,0,0
BRDA:14,0,1,0
BRDA:27,1,0,0
BRDA:27,1,1,0
BRDA:28,2,0,0
BRDA:28,2,1,0
BRDA:40,3,0,0
BRDA:40,3,1,0
BRDA:46,4,0,0
BRDA:46,4,1,0
BRDA:46,5,0,0
BRDA:46,5,1,0
BRDA:48,6,0,0
BRDA:48,6,1,0
BRDA:48,7,0,0
BRDA:48,7,1,0
BRDA:50,8,0,0
BRDA:50,8,1,0
BRDA:50,9,0,0
BRDA:50,9,1,0
BRDA:52,10,0,0
BRDA:52,10,1,0
BRDA:52,11,0,0
BRDA:52,11,1,0
BRDA:70,12,0,0
BRDA:70,12,1,0
BRDA:70,13,0,0
BRDA:70,13,1,0
BRDA:72,14,0,0
BRDA:72,14,1,0
BRDA:72,15,0,0
BRDA:72,15,1,0
BRDA:74,16,0,0
BRDA:74,16,1,0
BRDA:74,17,0,0
BRDA:74,17,1,0
BRDA:76,18,0,0
BRDA:76,18,1,0
BRDA:76,19,0,0
BRDA:76,19,1,0
BRDA:89,20,0,0
BRDA:89,20,1,0
BRF:42
BRH:0
end_of_record
TN:
SF:client/components/Overview/ProductInfoShare.jsx
FN:4,(anonymous_0)
FN:8,(anonymous_1)
FNF:2
FNH:0
FNDA:0,(anonymous_0)
FNDA:0,(anonymous_1)
DA:5,0
DA:9,0
LF:2
LH:0
BRF:0
BRH:0
end_of_record
TN:
SF:client/components/Overview/SizeQuantitySelector.jsx
FN:4,(anonymous_0)
FN:18,(anonymous_1)
FN:28,(anonymous_2)
FN:39,(anonymous_3)
FN:41,(anonymous_4)
FNF:5
FNH:0
FNDA:0,(anonymous_0)
FNDA:0,(anonymous_1)
FNDA:0,(anonymous_2)
FNDA:0,(anonymous_3)
FNDA:0,(anonymous_4)
DA:5,0
DA:7,0
DA:19,0
DA:20,0
DA:29,0
DA:30,0
DA:36,0
DA:39,0
DA:42,0
LF:9
LH:0
BRDA:19,0,0,0
BRDA:19,0,1,0
BRDA:29,1,0,0
BRDA:29,1,1,0
BRF:4
BRH:0
end_of_record
TN:
SF:client/components/Overview/SizeSelector.jsx
FN:6,(anonymous_0)
FN:23,(anonymous_1)
FN:37,(anonymous_2)
FN:54,(anonymous_3)
FN:69,(anonymous_4)
FN:92,(anonymous_5)
FN:103,(anonymous_6)
FN:110,(anonymous_7)
FN:112,(anonymous_8)
FNF:9
FNH:0
FNDA:0,(anonymous_0)
FNDA:0,(anonymous_1)
FNDA:0,(anonymous_2)
FNDA:0,(anonymous_3)
FNDA:0,(anonymous_4)
FNDA:0,(anonymous_5)
FNDA:0,(anonymous_6)
FNDA:0,(anonymous_7)
FNDA:0,(anonymous_8)
DA:7,0
DA:9,0
DA:17,0
DA:18,0
DA:19,0
DA:20,0
DA:26,0
DA:27,0
DA:28,0
DA:29,0
DA:32,0
DA:40,0
DA:50,0
DA:57,0
DA:58,0
DA:59,0
DA:60,0
DA:62,0
DA:70,0
DA:78,0
DA:79,0
DA:80,0
DA:83,0
DA:85,0
DA:94,0
DA:106,0
DA:107,0
DA:110,0
DA:113,0
DA:127,0
LF:30
LH:0
BRDA:40,0,0,0
BRDA:40,0,1,0
BRDA:59,1,0,0
BRDA:59,1,1,0
BRDA:106,2,0,0
BRDA:106,2,1,0
BRF:6
BRH:0
end_of_record
TN:
SF:client/components/Overview/StyleSelector.jsx
FN:5,(anonymous_0)
FN:9,(anonymous_1)
FN:12,(anonymous_2)
FNF:3
FNH:0
FNDA:0,(anonymous_0)
FNDA:0,(anonymous_1)
FNDA:0,(anonymous_2)
DA:6,0
DA:11,0
DA:14,0
DA:16,0
DA:20,0
LF:5
LH:0
BRDA:14,0,0,0
BRDA:14,0,1,0
BRF:2
BRH:0
end_of_record
TN:
SF:client/components/Overview/StyleSelectorOption.jsx
FN:5,(anonymous_0)
FN:9,(anonymous_1)
FN:20,(anonymous_2)
FN:38,(anonymous_3)
FNF:4
FNH:0
FNDA:0,(anonymous_0)
FNDA:0,(anonymous_1)
FNDA:0,(anonymous_2)
FNDA:0,(anonymous_3)
DA:6,0
DA:11,0
DA:13,0
DA:21,0
DA:35,0
DA:39,0
LF:6
LH:0
BRDA:11,0,0,0
BRDA:11,0,1,0
BRF:2
BRH:0
end_of_record
TN:
SF:client/components/Overview/ThumbnailCarousel.jsx
FN:5,(anonymous_0)
FN:11,(anonymous_1)
FN:18,(anonymous_2)
FNF:3
FNH:0
FNDA:0,(anonymous_0)
FNDA:0,(anonymous_1)
FNDA:0,(anonymous_2)
DA:6,0
DA:12,0
DA:15,0
DA:19,0
LF:4
LH:0
BRF:0
BRH:0
end_of_record
TN:
SF:client/components/Overview/ThumbnailCarouselMini.jsx
FN:6,(anonymous_0)
FN:12,(anonymous_1)
FN:18,(anonymous_2)
FNF:3
FNH:0
FNDA:0,(anonymous_0)
FNDA:0,(anonymous_1)
FNDA:0,(anonymous_2)
DA:7,0
DA:13,0
DA:15,0
DA:19,0
LF:4
LH:0
BRF:0
BRH:0
end_of_record
TN:
SF:client/components/Overview/ThumbnailCarouselMiniPic.jsx
FN:4,(anonymous_0)
FN:8,(anonymous_1)
FN:14,(anonymous_2)
FN:23,(anonymous_3)
FNF:4
FNH:0
FNDA:0,(anonymous_0)
FNDA:0,(anonymous_1)
FNDA:0,(anonymous_2)
FNDA:0,(anonymous_3)
DA:5,0
DA:10,0
DA:12,0
DA:14,0
DA:21,0
DA:23,0
LF:6
LH:0
BRDA:10,0,0,0
BRDA:10,0,1,0
BRF:2
BRH:0
end_of_record
TN:
SF:client/components/Overview/ThumbnailCarouselPic.jsx
FN:4,(anonymous_0)
FN:8,(anonymous_1)
FN:12,(anonymous_2)
FN:18,(anonymous_3)
FNF:4
FNH:0
FNDA:0,(anonymous_0)
FNDA:0,(anonymous_1)
FNDA:0,(anonymous_2)
FNDA:0,(anonymous_3)
DA:5,0
DA:10,0
DA:11,0
DA:12,0
DA:16,0
DA:18,0
LF:6
LH:0
BRDA:10,0,0,0
BRDA:10,0,1,0
BRF:2
BRH:0
end_of_record
TN:
SF:client/components/Q&A/AddAModal.jsx
FN:7,(anonymous_0)
FN:23,(anonymous_1)
FN:28,(anonymous_2)
FN:34,(anonymous_3)
FN:40,(anonymous_4)
FN:46,(anonymous_5)
FN:54,(anonymous_6)
FN:57,(anonymous_7)
FN:62,(anonymous_8)
FN:68,(anonymous_9)
FN:81,(anonymous_10)
FNF:11
FNH:0
FNDA:0,(anonymous_0)
FNDA:0,(anonymous_1)
FNDA:0,(anonymous_2)
FNDA:0,(anonymous_3)
FNDA:0,(anonymous_4)
FNDA:0,(anonymous_5)
FNDA:0,(anonymous_6)
FNDA:0,(anonymous_7)
FNDA:0,(anonymous_8)
FNDA:0,(anonymous_9)
FNDA:0,(anonymous_10)
DA:8,0
DA:9,0
DA:15,0
DA:16,0
DA:17,0
DA:18,0
DA:19,0
DA:20,0
DA:24,0
DA:25,0
DA:29,0
DA:35,0
DA:41,0
DA:47,0
DA:53,0
DA:55,0
DA:58,0
DA:63,0
DA:69,0
DA:70,0
DA:72,0
DA:81,0
LF:22
LH:0
BRDA:24,0,0,0
BRDA:24,0,1,0
BRDA:69,1,0,0
BRDA:69,1,1,0
BRF:4
BRH:0
end_of_record
TN:
SF:client/components/Q&A/AddQModal.jsx
FN:6,(anonymous_0)
FN:20,(anonymous_1)
FN:25,(anonymous_2)
FN:33,(anonymous_3)
FN:36,(anonymous_4)
FN:41,(anonymous_5)
FN:47,(anonymous_6)
FN:53,(anonymous_7)
FN:60,(anonymous_8)
FNF:9
FNH:0
FNDA:0,(anonymous_0)
FNDA:0,(anonymous_1)
FNDA:0,(anonymous_2)
FNDA:0,(anonymous_3)
FNDA:0,(anonymous_4)
FNDA:0,(anonymous_5)
FNDA:0,(anonymous_6)
FNDA:0,(anonymous_7)
FNDA:0,(anonymous_8)
DA:7,0
DA:8,0
DA:13,0
DA:14,0
DA:15,0
DA:16,0
DA:17,0
DA:21,0
DA:22,0
DA:26,0
DA:32,0
DA:34,0
DA:37,0
DA:42,0
DA:48,0
DA:54,0
DA:61,0
DA:62,0
DA:64,0
LF:19
LH:0
BRDA:21,0,0,0
BRDA:21,0,1,0
BRDA:61,1,0,0
BRDA:61,1,1,0
BRF:4
BRH:0
end_of_record
TN:
SF:client/components/Q&A/PhotoModal.jsx
FN:5,(anonymous_0)
FN:10,(anonymous_1)
FN:14,(anonymous_2)
FNF:3
FNH:0
FNDA:0,(anonymous_0)
FNDA:0,(anonymous_1)
FNDA:0,(anonymous_2)
DA:6,0
DA:7,0
DA:11,0
DA:15,0
DA:16,0
DA:18,0
LF:6
LH:0
BRDA:11,0,0,0
BRDA:11,0,1,0
BRDA:15,1,0,0
BRDA:15,1,1,0
BRF:4
BRH:0
end_of_record
TN:
SF:client/components/Q&A/QA_list.jsx
FN:6,(anonymous_0)
FN:11,(anonymous_1)
FN:14,(anonymous_2)
FNF:3
FNH:0
FNDA:0,(anonymous_0)
FNDA:0,(anonymous_1)
FNDA:0,(anonymous_2)
DA:7,0
DA:12,0
DA:15,0
LF:3
LH:0
BRF:0
BRH:0
end_of_record
TN:
SF:client/components/Q&A/QA_listEntry.jsx
FN:8,(anonymous_0)
FN:28,(anonymous_1)
FN:44,(anonymous_2)
FN:49,(anonymous_3)
FN:55,(anonymous_4)
FN:64,(anonymous_5)
FN:69,(anonymous_6)
FN:75,(anonymous_7)
FN:84,(anonymous_8)
FN:87,(anonymous_9)
FN:90,(anonymous_10)
FN:95,(anonymous_11)
FN:102,(anonymous_12)
FN:106,(anonymous_13)
FN:108,(anonymous_14)
FN:109,(anonymous_15)
FN:109,(anonymous_16)
FN:117,(anonymous_17)
FN:119,(anonymous_18)
FN:120,(anonymous_19)
FN:120,(anonymous_20)
FNF:21
FNH:0
FNDA:0,(anonymous_0)
FNDA:0,(anonymous_1)
FNDA:0,(anonymous_2)
FNDA:0,(anonymous_3)
FNDA:0,(anonymous_4)
FNDA:0,(anonymous_5)
FNDA:0,(anonymous_6)
FNDA:0,(anonymous_7)
FNDA:0,(anonymous_8)
FNDA:0,(anonymous_9)
FNDA:0,(anonymous_10)
FNDA:0,(anonymous_11)
FNDA:0,(anonymous_12)
FNDA:0,(anonymous_13)
FNDA:0,(anonymous_14)
FNDA:0,(anonymous_15)
FNDA:0,(anonymous_16)
FNDA:0,(anonymous_17)
FNDA:0,(anonymous_18)
FNDA:0,(anonymous_19)
FNDA:0,(anonymous_20)
DA:9,0
DA:10,0
DA:20,0
DA:21,0
DA:22,0
DA:23,0
DA:24,0
DA:29,0
DA:30,0
DA:33,0
DA:34,0
DA:36,0
DA:39,0
DA:40,0
DA:46,0
DA:47,0
DA:48,0
DA:50,0
DA:51,0
DA:56,0
DA:59,0
DA:66,0
DA:67,0
DA:68,0
DA:70,0
DA:71,0
DA:76,0
DA:79,0
DA:85,0
DA:86,0
DA:88,0
DA:91,0
DA:96,0
DA:103,0
DA:104,0
DA:106,0
DA:109,0
DA:115,0
DA:117,0
DA:120,0
LF:40
LH:0
BRDA:29,0,0,0
BRDA:29,0,1,0
BRDA:46,1,0,0
BRDA:46,1,1,0
BRDA:66,2,0,0
BRDA:66,2,1,0
BRDA:103,3,0,0
BRDA:103,3,1,0
BRF:8
BRH:0
end_of_record
TN:
SF:client/components/Q&A/QA_search.jsx
FN:6,(anonymous_0)
FN:15,(anonymous_1)
FN:27,(anonymous_2)
FN:31,(anonymous_3)
FNF:4
FNH:0
FNDA:0,(anonymous_0)
FNDA:0,(anonymous_1)
FNDA:0,(anonymous_2)
FNDA:0,(anonymous_3)
DA:7,0
DA:8,0
DA:11,0
DA:12,0
DA:16,0
DA:20,0
DA:21,0
DA:22,0
DA:23,0
DA:28,0
DA:32,0
LF:11
LH:0
BRDA:20,0,0,0
BRDA:20,0,1,0
BRDA:22,1,0,0
BRDA:22,1,1,0
BRF:4
BRH:0
end_of_record
TN:
SF:client/components/Q&A/QandA_app.jsx
FN:9,(anonymous_0)
FN:24,(anonymous_1)
FN:27,(anonymous_2)
FN:32,(anonymous_3)
FN:35,(anonymous_4)
FN:40,(anonymous_5)
FN:48,(anonymous_6)
FN:54,(anonymous_7)
FN:62,(anonymous_8)
FN:83,(anonymous_9)
FN:89,(anonymous_10)
FNF:11
FNH:3
FNDA:1,(anonymous_0)
FNDA:1,(anonymous_1)
FNDA:0,(anonymous_2)
FNDA:0,(anonymous_3)
FNDA:0,(anonymous_4)
FNDA:0,(anonymous_5)
FNDA:0,(anonymous_6)
FNDA:0,(anonymous_7)
FNDA:0,(anonymous_8)
FNDA:1,(anonymous_9)
FNDA:0,(anonymous_10)
DA:10,1
DA:11,1
DA:18,1
DA:19,1
DA:20,1
DA:21,1
DA:25,1
DA:26,1
DA:28,0
DA:33,0
DA:36,0
DA:41,0
DA:42,0
DA:43,0
DA:49,0
DA:55,0
DA:58,0
DA:59,0
DA:63,0
DA:64,0
DA:66,0
DA:67,0
DA:68,0
DA:69,0
DA:70,0
DA:71,0
DA:74,0
DA:84,1
DA:89,0
LF:29
LH:9
BRDA:63,0,0,0
BRDA:63,0,1,0
BRDA:70,1,0,0
BRDA:70,1,1,0
BRF:4
BRH:0
end_of_record
TN:
SF:client/components/ReviewsAndRatings/ReviewTile.jsx
FN:7,(anonymous_0)
FN:18,(anonymous_1)
FN:38,(anonymous_2)
FN:48,(anonymous_3)
FNF:4
FNH:0
FNDA:0,(anonymous_0)
FNDA:0,(anonymous_1)
FNDA:0,(anonymous_2)
FNDA:0,(anonymous_3)
DA:8,0
DA:9,0
DA:15,0
DA:20,0
DA:21,0
DA:25,0
DA:31,0
DA:32,0
DA:39,0
DA:40,0
DA:41,0
DA:51,0
LF:12
LH:0
BRDA:20,0,0,0
BRDA:20,0,1,0
BRDA:31,1,0,0
BRDA:31,1,1,0
BRDA:40,2,0,0
BRDA:40,2,1,0
BRDA:58,3,0,0
BRDA:58,3,1,0
BRF:8
BRH:0
end_of_record
TN:
SF:client/components/ReviewsAndRatings/ReviewsAndRatings.jsx
FN:9,(anonymous_0)
FN:16,(anonymous_1)
FNF:2
FNH:2
FNDA:1,(anonymous_0)
FNDA:1,(anonymous_1)
DA:10,1
DA:11,1
DA:18,1
LF:3
LH:3
BRF:0
BRH:0
end_of_record
TN:
SF:client/components/ReviewsAndRatings/ReviewsList.jsx
FN:9,(anonymous_0)
FN:26,(anonymous_1)
FN:35,(anonymous_2)
FN:40,(anonymous_3)
FN:49,(anonymous_4)
FN:55,(anonymous_5)
FN:69,(anonymous_6)
FNF:7
FNH:0
FNDA:0,(anonymous_0)
FNDA:0,(anonymous_1)
FNDA:0,(anonymous_2)
FNDA:0,(anonymous_3)
FNDA:0,(anonymous_4)
FNDA:0,(anonymous_5)
FNDA:0,(anonymous_6)
DA:10,0
DA:11,0
DA:21,0
DA:22,0
DA:23,0
DA:28,0
DA:29,0
DA:36,0
DA:41,0
DA:42,0
DA:50,0
DA:57,0
DA:70,0
LF:13
LH:0
BRF:0
BRH:0
end_of_record
TN:
SF:client/components/ReviewsAndRatings/SortingOptions.jsx
FN:3,(anonymous_0)
FNF:1
FNH:0
FNDA:0,(anonymous_0)
DA:3,1
DA:4,0
LF:2
LH:1
BRF:0
BRH:0
end_of_record
TN:
SF:client/components/ReviewsAndRatings/StarRating.jsx
FN:6,(anonymous_0)
FNF:1
FNH:0
FNDA:0,(anonymous_0)
DA:6,1
DA:8,0
DA:10,0
DA:17,0
LF:4
LH:1
BRF:0
BRH:0
end_of_record
TN:
SF:client/components/ReviewsAndRatings/dummyReviewData.js
FNF:0
FNH:0
DA:1,1
LF:1
LH:1
BRF:0
BRH:0
end_of_record
